-------------------------------------------------------------------------------
Test set: com.example.demo.service.PriceWebSocketServiceTest
-------------------------------------------------------------------------------
Tests run: 8, Failures: 0, Errors: 7, Skipped: 0, Time elapsed: 0.681 s <<< FAILURE! -- in com.example.demo.service.PriceWebSocketServiceTest
com.example.demo.service.PriceWebSocketServiceTest.shouldRemoveSessionAndCleanupSubscriptions -- Time elapsed: 0.597 s <<< ERROR!
org.mockito.exceptions.misusing.UnnecessaryStubbingException: 

Unnecessary stubbings detected.
Clean & maintainable test code requires zero unnecessary code.
Following stubbings are unnecessary (click to navigate to relevant line of code):
  1. -> at com.example.demo.service.PriceWebSocketServiceTest.setUp(PriceWebSocketServiceTest.java:42)
  2. -> at com.example.demo.service.PriceWebSocketServiceTest.setUp(PriceWebSocketServiceTest.java:43)
  3. -> at com.example.demo.service.PriceWebSocketServiceTest.setUp(PriceWebSocketServiceTest.java:44)
Please remove unnecessary stubbings or use 'lenient' strictness. More info: javadoc for UnnecessaryStubbingException class.
	at org.mockito.junit.jupiter.MockitoExtension.lambda$afterEach$2(MockitoExtension.java:200)
	at java.base/java.util.Optional.ifPresent(Optional.java:178)
	at org.mockito.junit.jupiter.MockitoExtension.afterEach(MockitoExtension.java:198)
	at java.base/java.util.ArrayList.forEach(ArrayList.java:1604)
	at java.base/java.util.ArrayList.forEach(ArrayList.java:1604)

com.example.demo.service.PriceWebSocketServiceTest.shouldUnsubscribeSessionFromSymbols -- Time elapsed: 0.003 s <<< ERROR!
org.mockito.exceptions.misusing.UnnecessaryStubbingException: 

Unnecessary stubbings detected.
Clean & maintainable test code requires zero unnecessary code.
Following stubbings are unnecessary (click to navigate to relevant line of code):
  1. -> at com.example.demo.service.PriceWebSocketServiceTest.setUp(PriceWebSocketServiceTest.java:42)
  2. -> at com.example.demo.service.PriceWebSocketServiceTest.setUp(PriceWebSocketServiceTest.java:43)
  3. -> at com.example.demo.service.PriceWebSocketServiceTest.setUp(PriceWebSocketServiceTest.java:44)
Please remove unnecessary stubbings or use 'lenient' strictness. More info: javadoc for UnnecessaryStubbingException class.
	at org.mockito.junit.jupiter.MockitoExtension.lambda$afterEach$2(MockitoExtension.java:200)
	at java.base/java.util.Optional.ifPresent(Optional.java:178)
	at org.mockito.junit.jupiter.MockitoExtension.afterEach(MockitoExtension.java:198)
	at java.base/java.util.ArrayList.forEach(ArrayList.java:1604)
	at java.base/java.util.ArrayList.forEach(ArrayList.java:1604)

com.example.demo.service.PriceWebSocketServiceTest.shouldHandleMultipleSessionsForSameSymbol -- Time elapsed: 0.003 s <<< ERROR!
org.mockito.exceptions.misusing.UnnecessaryStubbingException: 

Unnecessary stubbings detected.
Clean & maintainable test code requires zero unnecessary code.
Following stubbings are unnecessary (click to navigate to relevant line of code):
  1. -> at com.example.demo.service.PriceWebSocketServiceTest.setUp(PriceWebSocketServiceTest.java:43)
  2. -> at com.example.demo.service.PriceWebSocketServiceTest.setUp(PriceWebSocketServiceTest.java:44)
Please remove unnecessary stubbings or use 'lenient' strictness. More info: javadoc for UnnecessaryStubbingException class.
	at org.mockito.junit.jupiter.MockitoExtension.lambda$afterEach$2(MockitoExtension.java:200)
	at java.base/java.util.Optional.ifPresent(Optional.java:178)
	at org.mockito.junit.jupiter.MockitoExtension.afterEach(MockitoExtension.java:198)
	at java.base/java.util.ArrayList.forEach(ArrayList.java:1604)
	at java.base/java.util.ArrayList.forEach(ArrayList.java:1604)

com.example.demo.service.PriceWebSocketServiceTest.shouldNotBroadcastToUnsubscribedSessions -- Time elapsed: 0.004 s <<< ERROR!
org.mockito.exceptions.misusing.UnnecessaryStubbingException: 

Unnecessary stubbings detected.
Clean & maintainable test code requires zero unnecessary code.
Following stubbings are unnecessary (click to navigate to relevant line of code):
  1. -> at com.example.demo.service.PriceWebSocketServiceTest.setUp(PriceWebSocketServiceTest.java:44)
Please remove unnecessary stubbings or use 'lenient' strictness. More info: javadoc for UnnecessaryStubbingException class.
	at org.mockito.junit.jupiter.MockitoExtension.lambda$afterEach$2(MockitoExtension.java:200)
	at java.base/java.util.Optional.ifPresent(Optional.java:178)
	at org.mockito.junit.jupiter.MockitoExtension.afterEach(MockitoExtension.java:198)
	at java.base/java.util.ArrayList.forEach(ArrayList.java:1604)
	at java.base/java.util.ArrayList.forEach(ArrayList.java:1604)

com.example.demo.service.PriceWebSocketServiceTest.shouldNormalizeSymbolsToUpperCase -- Time elapsed: 0.003 s <<< ERROR!
org.mockito.exceptions.misusing.UnnecessaryStubbingException: 

Unnecessary stubbings detected.
Clean & maintainable test code requires zero unnecessary code.
Following stubbings are unnecessary (click to navigate to relevant line of code):
  1. -> at com.example.demo.service.PriceWebSocketServiceTest.setUp(PriceWebSocketServiceTest.java:42)
  2. -> at com.example.demo.service.PriceWebSocketServiceTest.setUp(PriceWebSocketServiceTest.java:43)
  3. -> at com.example.demo.service.PriceWebSocketServiceTest.setUp(PriceWebSocketServiceTest.java:44)
Please remove unnecessary stubbings or use 'lenient' strictness. More info: javadoc for UnnecessaryStubbingException class.
	at org.mockito.junit.jupiter.MockitoExtension.lambda$afterEach$2(MockitoExtension.java:200)
	at java.base/java.util.Optional.ifPresent(Optional.java:178)
	at org.mockito.junit.jupiter.MockitoExtension.afterEach(MockitoExtension.java:198)
	at java.base/java.util.ArrayList.forEach(ArrayList.java:1604)
	at java.base/java.util.ArrayList.forEach(ArrayList.java:1604)

com.example.demo.service.PriceWebSocketServiceTest.shouldSubscribeSessionToSymbols -- Time elapsed: 0.003 s <<< ERROR!
org.mockito.exceptions.misusing.UnnecessaryStubbingException: 

Unnecessary stubbings detected.
Clean & maintainable test code requires zero unnecessary code.
Following stubbings are unnecessary (click to navigate to relevant line of code):
  1. -> at com.example.demo.service.PriceWebSocketServiceTest.setUp(PriceWebSocketServiceTest.java:42)
  2. -> at com.example.demo.service.PriceWebSocketServiceTest.setUp(PriceWebSocketServiceTest.java:43)
  3. -> at com.example.demo.service.PriceWebSocketServiceTest.setUp(PriceWebSocketServiceTest.java:44)
Please remove unnecessary stubbings or use 'lenient' strictness. More info: javadoc for UnnecessaryStubbingException class.
	at org.mockito.junit.jupiter.MockitoExtension.lambda$afterEach$2(MockitoExtension.java:200)
	at java.base/java.util.Optional.ifPresent(Optional.java:178)
	at org.mockito.junit.jupiter.MockitoExtension.afterEach(MockitoExtension.java:198)
	at java.base/java.util.ArrayList.forEach(ArrayList.java:1604)
	at java.base/java.util.ArrayList.forEach(ArrayList.java:1604)

com.example.demo.service.PriceWebSocketServiceTest.shouldRemoveClosedSessionsDuringBroadcast -- Time elapsed: 0.003 s <<< ERROR!
org.mockito.exceptions.misusing.UnnecessaryStubbingException: 

Unnecessary stubbings detected.
Clean & maintainable test code requires zero unnecessary code.
Following stubbings are unnecessary (click to navigate to relevant line of code):
  1. -> at com.example.demo.service.PriceWebSocketServiceTest.setUp(PriceWebSocketServiceTest.java:42)
  2. -> at com.example.demo.service.PriceWebSocketServiceTest.setUp(PriceWebSocketServiceTest.java:44)
Please remove unnecessary stubbings or use 'lenient' strictness. More info: javadoc for UnnecessaryStubbingException class.
	at org.mockito.junit.jupiter.MockitoExtension.lambda$afterEach$2(MockitoExtension.java:200)
	at java.base/java.util.Optional.ifPresent(Optional.java:178)
	at org.mockito.junit.jupiter.MockitoExtension.afterEach(MockitoExtension.java:198)
	at java.base/java.util.ArrayList.forEach(ArrayList.java:1604)
	at java.base/java.util.ArrayList.forEach(ArrayList.java:1604)

