-------------------------------------------------------------------------------
Test set: com.example.demo.service.FeatureGatingTest
-------------------------------------------------------------------------------
Tests run: 11, Failures: 0, Errors: 8, Skipped: 0, Time elapsed: 0.698 s <<< FAILURE! -- in com.example.demo.service.FeatureGatingTest
com.example.demo.service.FeatureGatingTest.getUserPlan_ShouldReturnPro_ForPremiumUser -- Time elapsed: 0.620 s <<< ERROR!
org.mockito.exceptions.misusing.InvalidUseOfMatchersException: 

Invalid use of argument matchers!
2 matchers expected, 1 recorded:
-> at com.example.demo.service.FeatureGatingTest.getUserPlan_ShouldReturnPro_ForPremiumUser(FeatureGatingTest.java:147)

This exception may occur if matchers are combined with raw values:
    //incorrect:
    someMethod(any(), "raw String");
When using matchers, all arguments have to be provided by matchers.
For example:
    //correct:
    someMethod(any(), eq("String by matcher"));

For more info see javadoc for Matchers class.

	at com.example.demo.service.FeatureGatingTest.getUserPlan_ShouldReturnPro_ForPremiumUser(FeatureGatingTest.java:147)
	at java.base/java.lang.reflect.Method.invoke(Method.java:565)
	at java.base/java.util.ArrayList.forEach(ArrayList.java:1604)
	at java.base/java.util.ArrayList.forEach(ArrayList.java:1604)

com.example.demo.service.FeatureGatingTest.isFeatureEnabled_ShouldReturnTrue_ForPremiumUser -- Time elapsed: 0.003 s <<< ERROR!
org.mockito.exceptions.misusing.InvalidUseOfMatchersException: 

Invalid use of argument matchers!
2 matchers expected, 1 recorded:
-> at com.example.demo.service.FeatureGatingTest.isFeatureEnabled_ShouldReturnTrue_ForPremiumUser(FeatureGatingTest.java:91)

This exception may occur if matchers are combined with raw values:
    //incorrect:
    someMethod(any(), "raw String");
When using matchers, all arguments have to be provided by matchers.
For example:
    //correct:
    someMethod(any(), eq("String by matcher"));

For more info see javadoc for Matchers class.

	at com.example.demo.service.FeatureGatingTest.isFeatureEnabled_ShouldReturnTrue_ForPremiumUser(FeatureGatingTest.java:91)
	at java.base/java.lang.reflect.Method.invoke(Method.java:565)
	at java.base/java.util.ArrayList.forEach(ArrayList.java:1604)
	at java.base/java.util.ArrayList.forEach(ArrayList.java:1604)

com.example.demo.service.FeatureGatingTest.isHistoricalDataEnabled_ShouldReturnFalse_ForFreeUser -- Time elapsed: 0.003 s <<< ERROR!
org.mockito.exceptions.misusing.InvalidUseOfMatchersException: 

Invalid use of argument matchers!
2 matchers expected, 1 recorded:
-> at com.example.demo.service.FeatureGatingTest.isHistoricalDataEnabled_ShouldReturnFalse_ForFreeUser(FeatureGatingTest.java:45)

This exception may occur if matchers are combined with raw values:
    //incorrect:
    someMethod(any(), "raw String");
When using matchers, all arguments have to be provided by matchers.
For example:
    //correct:
    someMethod(any(), eq("String by matcher"));

For more info see javadoc for Matchers class.

	at com.example.demo.service.FeatureGatingTest.isHistoricalDataEnabled_ShouldReturnFalse_ForFreeUser(FeatureGatingTest.java:45)
	at java.base/java.lang.reflect.Method.invoke(Method.java:565)
	at java.base/java.util.ArrayList.forEach(ArrayList.java:1604)
	at java.base/java.util.ArrayList.forEach(ArrayList.java:1604)

com.example.demo.service.FeatureGatingTest.hasActiveSubscription_ShouldReturnTrue_ForPremiumUser -- Time elapsed: 0.002 s <<< ERROR!
org.mockito.exceptions.misusing.InvalidUseOfMatchersException: 

Invalid use of argument matchers!
2 matchers expected, 1 recorded:
-> at com.example.demo.service.FeatureGatingTest.hasActiveSubscription_ShouldReturnTrue_ForPremiumUser(FeatureGatingTest.java:119)

This exception may occur if matchers are combined with raw values:
    //incorrect:
    someMethod(any(), "raw String");
When using matchers, all arguments have to be provided by matchers.
For example:
    //correct:
    someMethod(any(), eq("String by matcher"));

For more info see javadoc for Matchers class.

	at com.example.demo.service.FeatureGatingTest.hasActiveSubscription_ShouldReturnTrue_ForPremiumUser(FeatureGatingTest.java:119)
	at java.base/java.lang.reflect.Method.invoke(Method.java:565)
	at java.base/java.util.ArrayList.forEach(ArrayList.java:1604)
	at java.base/java.util.ArrayList.forEach(ArrayList.java:1604)

com.example.demo.service.FeatureGatingTest.isFeatureEnabled_ShouldReturnFalse_ForFreeUser -- Time elapsed: 0.001 s <<< ERROR!
org.mockito.exceptions.misusing.InvalidUseOfMatchersException: 

Invalid use of argument matchers!
2 matchers expected, 1 recorded:
-> at com.example.demo.service.FeatureGatingTest.isFeatureEnabled_ShouldReturnFalse_ForFreeUser(FeatureGatingTest.java:73)

This exception may occur if matchers are combined with raw values:
    //incorrect:
    someMethod(any(), "raw String");
When using matchers, all arguments have to be provided by matchers.
For example:
    //correct:
    someMethod(any(), eq("String by matcher"));

For more info see javadoc for Matchers class.

	at com.example.demo.service.FeatureGatingTest.isFeatureEnabled_ShouldReturnFalse_ForFreeUser(FeatureGatingTest.java:73)
	at java.base/java.lang.reflect.Method.invoke(Method.java:565)
	at java.base/java.util.ArrayList.forEach(ArrayList.java:1604)
	at java.base/java.util.ArrayList.forEach(ArrayList.java:1604)

com.example.demo.service.FeatureGatingTest.isHistoricalDataEnabled_ShouldReturnTrue_ForPremiumUser -- Time elapsed: 0.001 s <<< ERROR!
org.mockito.exceptions.misusing.InvalidUseOfMatchersException: 

Invalid use of argument matchers!
2 matchers expected, 1 recorded:
-> at com.example.demo.service.FeatureGatingTest.isHistoricalDataEnabled_ShouldReturnTrue_ForPremiumUser(FeatureGatingTest.java:63)

This exception may occur if matchers are combined with raw values:
    //incorrect:
    someMethod(any(), "raw String");
When using matchers, all arguments have to be provided by matchers.
For example:
    //correct:
    someMethod(any(), eq("String by matcher"));

For more info see javadoc for Matchers class.

	at com.example.demo.service.FeatureGatingTest.isHistoricalDataEnabled_ShouldReturnTrue_ForPremiumUser(FeatureGatingTest.java:63)
	at java.base/java.lang.reflect.Method.invoke(Method.java:565)
	at java.base/java.util.ArrayList.forEach(ArrayList.java:1604)
	at java.base/java.util.ArrayList.forEach(ArrayList.java:1604)

com.example.demo.service.FeatureGatingTest.hasActiveSubscription_ShouldReturnFalse_ForFreeUser -- Time elapsed: 0.002 s <<< ERROR!
org.mockito.exceptions.misusing.InvalidUseOfMatchersException: 

Invalid use of argument matchers!
2 matchers expected, 1 recorded:
-> at com.example.demo.service.FeatureGatingTest.hasActiveSubscription_ShouldReturnFalse_ForFreeUser(FeatureGatingTest.java:101)

This exception may occur if matchers are combined with raw values:
    //incorrect:
    someMethod(any(), "raw String");
When using matchers, all arguments have to be provided by matchers.
For example:
    //correct:
    someMethod(any(), eq("String by matcher"));

For more info see javadoc for Matchers class.

	at com.example.demo.service.FeatureGatingTest.hasActiveSubscription_ShouldReturnFalse_ForFreeUser(FeatureGatingTest.java:101)
	at java.base/java.lang.reflect.Method.invoke(Method.java:565)
	at java.base/java.util.ArrayList.forEach(ArrayList.java:1604)
	at java.base/java.util.ArrayList.forEach(ArrayList.java:1604)

com.example.demo.service.FeatureGatingTest.getUserPlan_ShouldReturnFree_ForFreeUser -- Time elapsed: 0.002 s <<< ERROR!
org.mockito.exceptions.misusing.InvalidUseOfMatchersException: 

Invalid use of argument matchers!
2 matchers expected, 1 recorded:
-> at com.example.demo.service.FeatureGatingTest.getUserPlan_ShouldReturnFree_ForFreeUser(FeatureGatingTest.java:129)

This exception may occur if matchers are combined with raw values:
    //incorrect:
    someMethod(any(), "raw String");
When using matchers, all arguments have to be provided by matchers.
For example:
    //correct:
    someMethod(any(), eq("String by matcher"));

For more info see javadoc for Matchers class.

	at com.example.demo.service.FeatureGatingTest.getUserPlan_ShouldReturnFree_ForFreeUser(FeatureGatingTest.java:129)
	at java.base/java.lang.reflect.Method.invoke(Method.java:565)
	at java.base/java.util.ArrayList.forEach(ArrayList.java:1604)
	at java.base/java.util.ArrayList.forEach(ArrayList.java:1604)

