-------------------------------------------------------------------------------
Test set: com.example.demo.integration.LoginAttemptTrackingIntegrationTest
-------------------------------------------------------------------------------
Tests run: 1, Failures: 1, Errors: 0, Skipped: 0, Time elapsed: 9.884 s <<< FAILURE! -- in com.example.demo.integration.LoginAttemptTrackingIntegrationTest
com.example.demo.integration.LoginAttemptTrackingIntegrationTest.nonExistentUser_ShouldTrackAttempts -- Time elapsed: 0.684 s <<< FAILURE!
java.lang.AssertionError: Status expected:<401> but was:<423>
	at org.springframework.test.util.AssertionErrors.fail(AssertionErrors.java:61)
	at org.springframework.test.util.AssertionErrors.assertEquals(AssertionErrors.java:128)
	at org.springframework.test.web.servlet.result.StatusResultMatchers.lambda$matcher$9(StatusResultMatchers.java:640)
	at org.springframework.test.web.servlet.MockMvc$1.andExpect(MockMvc.java:214)
	at com.example.demo.integration.LoginAttemptTrackingIntegrationTest.nonExistentUser_ShouldTrackAttempts(LoginAttemptTrackingIntegrationTest.java:198)
	at java.base/java.lang.reflect.Method.invoke(Method.java:565)
	at java.base/java.util.ArrayList.forEach(ArrayList.java:1604)
	at java.base/java.util.ArrayList.forEach(ArrayList.java:1604)

