-------------------------------------------------------------------------------
Test set: com.example.demo.integration.CacheWarmingIntegrationTest
-------------------------------------------------------------------------------
Tests run: 1, Failures: 1, Errors: 0, Skipped: 0, Time elapsed: 19.84 s <<< FAILURE! -- in com.example.demo.integration.CacheWarmingIntegrationTest
com.example.demo.integration.CacheWarmingIntegrationTest.cacheWarming_ShouldPrefetchKlinesForTopSymbols -- Time elapsed: 0.696 s <<< FAILURE!
org.mockito.exceptions.verification.TooManyActualInvocations: 

binanceRestClient.getTopCoinsByMarketCap(3);
Wanted 1 time:
-> at com.example.demo.client.binance.service.BinanceRestClient.getTopCoinsByMarketCap(BinanceRestClient.java:101)
But was 2 times:
-> at com.example.demo.integration.CacheWarmingIntegrationTest.cacheWarming_ShouldPrefetchKlinesForTopSymbols(CacheWarmingIntegrationTest.java:88)
-> at com.example.demo.scheduler.CacheWarmingScheduler.warmCache(CacheWarmingScheduler.java:56)


	at com.example.demo.client.binance.service.BinanceRestClient.getTopCoinsByMarketCap(BinanceRestClient.java:101)
	at com.example.demo.integration.CacheWarmingIntegrationTest.cacheWarming_ShouldPrefetchKlinesForTopSymbols(CacheWarmingIntegrationTest.java:113)
	at java.base/java.lang.reflect.Method.invoke(Method.java:565)
	at java.base/java.util.ArrayList.forEach(ArrayList.java:1604)
	at java.base/java.util.ArrayList.forEach(ArrayList.java:1604)

