<?xml version="1.0" encoding="UTF-8"?>
<testsuite xmlns:xsi="http://www.w3.org/2001/XMLSchema-instance" xsi:noNamespaceSchemaLocation="https://maven.apache.org/surefire/maven-surefire-plugin/xsd/surefire-test-report.xsd" version="3.0.2" name="com.example.demo.integration.RateLimitIntegrationTest" time="1.548" tests="8" errors="0" skipped="0" failures="0">
  <properties>
[...]
</properties>
  <testcase name="rateLimiting_ShouldApplyLowerLimitForAnonymousUsers" classname="com.example.demo.integration.RateLimitIntegrationTest" time="0.013">
    <system-out><![CDATA[2025-10-23T18:24:30.824+07:00  INFO 5972 --- [crypto-mock-trading] [           main] t.c.s.AnnotationConfigContextLoaderUtils : Could not detect default configuration classes for test class [com.example.demo.integration.RateLimitIntegrationTest]: RateLimitIntegrationTest does not declare any static, non-private, non-final, nested classes annotated with @Configuration.
2025-10-23T18:24:30.826+07:00  INFO 5972 --- [crypto-mock-trading] [           main] .b.t.c.SpringBootTestContextBootstrapper : Found @SpringBootConfiguration com.example.demo.DemoApplication for test class com.example.demo.integration.RateLimitIntegrationTest
2025-10-23T18:24:30.838+07:00 DEBUG 5972 --- [crypto-mock-trading] [           main] o.s.security.web.FilterChainProxy        : Securing GET /api/v1/binance/market/top-3
2025-10-23T18:24:30.838+07:00 DEBUG 5972 --- [crypto-mock-trading] [           main] o.s.s.w.a.AnonymousAuthenticationFilter  : Set SecurityContextHolder to anonymous SecurityContext
2025-10-23T18:24:30.838+07:00 DEBUG 5972 --- [crypto-mock-trading] [           main] o.s.s.w.a.Http403ForbiddenEntryPoint     : Pre-authenticated entry point called. Rejecting access
]]></system-out>
  </testcase>
  <testcase name="rateLimiting_ShouldReturn429_WhenLimitExceeded" classname="com.example.demo.integration.RateLimitIntegrationTest" time="1.08">
    <system-out><![CDATA[2025-10-23T18:24:30.845+07:00 DEBUG 5972 --- [crypto-mock-trading] [           main] o.s.security.web.FilterChainProxy        : Securing GET /api/v1/binance/market/top-3
2025-10-23T18:24:30.845+07:00 DEBUG 5972 --- [crypto-mock-trading] [           main] o.s.security.web.FilterChainProxy        : Secured GET /api/v1/binance/market/top-3
2025-10-23T18:24:30.845+07:00 DEBUG 5972 --- [crypto-mock-trading] [           main] s.w.s.m.m.a.RequestMappingHandlerMapping : Mapped to com.example.demo.controller.binance.BinanceMarketController#getTop3Coins()
2025-10-23T18:24:30.850+07:00 DEBUG 5972 --- [crypto-mock-trading] [           main] c.e.demo.security.RateLimitInterceptor   : Rate limit check passed for free@example.com: 119.0 tokens remaining
2025-10-23T18:24:30.853+07:00 DEBUG 5972 --- [crypto-mock-trading] [           main] com.example.demo.service.AuditService    : Logged request: 625e03d8-da9e-4d68-8e86-54b6aae85b6f for endpoint: /api/v1/binance/market/top-3
2025-10-23T18:24:30.855+07:00 DEBUG 5972 --- [crypto-mock-trading] [           main] com.example.demo.service.AuditService    : Finished request: 625e03d8-da9e-4d68-8e86-54b6aae85b6f - cached: false, latency: 2ms
2025-10-23T18:24:30.855+07:00 DEBUG 5972 --- [crypto-mock-trading] [           main] o.s.w.s.m.m.a.HttpEntityMethodProcessor  : Using 'application/json', given [*/*] and supported [application/json, application/*+json]
2025-10-23T18:24:30.855+07:00 DEBUG 5972 --- [crypto-mock-trading] [           main] o.s.w.s.m.m.a.HttpEntityMethodProcessor  : Writing [{data=[], success=true, requestId=625e03d8-da9e-4d68-8e86-54b6aae85b6f, count=0}]
2025-10-23T18:24:30.856+07:00 DEBUG 5972 --- [crypto-mock-trading] [           main] o.s.security.web.FilterChainProxy        : Securing GET /api/v1/binance/market/top-3
2025-10-23T18:24:30.856+07:00 DEBUG 5972 --- [crypto-mock-trading] [           main] o.s.security.web.FilterChainProxy        : Secured GET /api/v1/binance/market/top-3
2025-10-23T18:24:30.856+07:00 DEBUG 5972 --- [crypto-mock-trading] [           main] s.w.s.m.m.a.RequestMappingHandlerMapping : Mapped to com.example.demo.controller.binance.BinanceMarketController#getTop3Coins()
2025-10-23T18:24:30.860+07:00 DEBUG 5972 --- [crypto-mock-trading] [           main] c.e.demo.security.RateLimitInterceptor   : Rate limit check passed for free@example.com: 118.01 tokens remaining
2025-10-23T18:24:30.863+07:00 DEBUG 5972 --- [crypto-mock-trading] [           main] com.example.demo.service.AuditService    : Logged request: cad5107b-2f5f-4caf-acd1-1deef8d491ec for endpoint: /api/v1/binance/market/top-3
2025-10-23T18:24:30.865+07:00 DEBUG 5972 --- [crypto-mock-trading] [           main] com.example.demo.service.AuditService    : Finished request: cad5107b-2f5f-4caf-acd1-1deef8d491ec - cached: false, latency: 1ms
2025-10-23T18:24:30.865+07:00 DEBUG 5972 --- [crypto-mock-trading] [           main] o.s.w.s.m.m.a.HttpEntityMethodProcessor  : Using 'application/json', given [*/*] and supported [application/json, application/*+json]
2025-10-23T18:24:30.865+07:00 DEBUG 5972 --- [crypto-mock-trading] [           main] o.s.w.s.m.m.a.HttpEntityMethodProcessor  : Writing [{data=[], success=true, requestId=cad5107b-2f5f-4caf-acd1-1deef8d491ec, count=0}]
2025-10-23T18:24:30.866+07:00 DEBUG 5972 --- [crypto-mock-trading] [           main] o.s.security.web.FilterChainProxy        : Securing GET /api/v1/binance/market/top-3
2025-10-23T18:24:30.866+07:00 DEBUG 5972 --- [crypto-mock-trading] [           main] o.s.security.web.FilterChainProxy        : Secured GET /api/v1/binance/market/top-3
2025-10-23T18:24:30.866+07:00 DEBUG 5972 --- [crypto-mock-trading] [           main] s.w.s.m.m.a.RequestMappingHandlerMapping : Mapped to com.example.demo.controller.binance.BinanceMarketController#getTop3Coins()
2025-10-23T18:24:30.871+07:00 DEBUG 5972 --- [crypto-mock-trading] [           main] c.e.demo.security.RateLimitInterceptor   : Rate limit check passed for free@example.com: 117.021 tokens remaining
2025-10-23T18:24:30.874+07:00 DEBUG 5972 --- [crypto-mock-trading] [           main] com.example.demo.service.AuditService    : Logged request: 58837023-a74c-46b4-9f41-f02d37bb5fb0 for endpoint: /api/v1/binance/market/top-3
2025-10-23T18:24:30.877+07:00 DEBUG 5972 --- [crypto-mock-trading] [           main] com.example.demo.service.AuditService    : Finished request: 58837023-a74c-46b4-9f41-f02d37bb5fb0 - cached: false, latency: 1ms
2025-10-23T18:24:30.877+07:00 DEBUG 5972 --- [crypto-mock-trading] [           main] o.s.w.s.m.m.a.HttpEntityMethodProcessor  : Using 'application/json', given [*/*] and supported [application/json, application/*+json]
2025-10-23T18:24:30.877+07:00 DEBUG 5972 --- [crypto-mock-trading] [           main] o.s.w.s.m.m.a.HttpEntityMethodProcessor  : Writing [{data=[], success=true, requestId=58837023-a74c-46b4-9f41-f02d37bb5fb0, count=0}]
2025-10-23T18:24:30.878+07:00 DEBUG 5972 --- [crypto-mock-trading] [           main] o.s.security.web.FilterChainProxy        : Securing GET /api/v1/binance/market/top-3
2025-10-23T18:24:30.878+07:00 DEBUG 5972 --- [crypto-mock-trading] [           main] o.s.security.web.FilterChainProxy        : Secured GET /api/v1/binance/market/top-3
2025-10-23T18:24:30.878+07:00 DEBUG 5972 --- [crypto-mock-trading] [           main] s.w.s.m.m.a.RequestMappingHandlerMapping : Mapped to com.example.demo.controller.binance.BinanceMarketController#getTop3Coins()
2025-10-23T18:24:30.883+07:00 DEBUG 5972 --- [crypto-mock-trading] [           main] c.e.demo.security.RateLimitInterceptor   : Rate limit check passed for free@example.com: 116.032 tokens remaining
2025-10-23T18:24:30.885+07:00 DEBUG 5972 --- [crypto-mock-trading] [           main] com.example.demo.service.AuditService    : Logged request: bab20799-1f06-466c-a0ac-e8c8451d93f7 for endpoint: /api/v1/binance/market/top-3
2025-10-23T18:24:30.888+07:00 DEBUG 5972 --- [crypto-mock-trading] [           main] com.example.demo.service.AuditService    : Finished request: bab20799-1f06-466c-a0ac-e8c8451d93f7 - cached: false, latency: 2ms
2025-10-23T18:24:30.888+07:00 DEBUG 5972 --- [crypto-mock-trading] [           main] o.s.w.s.m.m.a.HttpEntityMethodProcessor  : Using 'application/json', given [*/*] and supported [application/json, application/*+json]
2025-10-23T18:24:30.889+07:00 DEBUG 5972 --- [crypto-mock-trading] [           main] o.s.w.s.m.m.a.HttpEntityMethodProcessor  : Writing [{data=[], success=true, requestId=bab20799-1f06-466c-a0ac-e8c8451d93f7, count=0}]
2025-10-23T18:24:30.889+07:00 DEBUG 5972 --- [crypto-mock-trading] [           main] o.s.security.web.FilterChainProxy        : Securing GET /api/v1/binance/market/top-3
2025-10-23T18:24:30.889+07:00 DEBUG 5972 --- [crypto-mock-trading] [           main] o.s.security.web.FilterChainProxy        : Secured GET /api/v1/binance/market/top-3
2025-10-23T18:24:30.889+07:00 DEBUG 5972 --- [crypto-mock-trading] [           main] s.w.s.m.m.a.RequestMappingHandlerMapping : Mapped to com.example.demo.controller.binance.BinanceMarketController#getTop3Coins()
2025-10-23T18:24:30.893+07:00 DEBUG 5972 --- [crypto-mock-trading] [           main] c.e.demo.security.RateLimitInterceptor   : Rate limit check passed for free@example.com: 115.04299999999999 tokens remaining
2025-10-23T18:24:30.896+07:00 DEBUG 5972 --- [crypto-mock-trading] [           main] com.example.demo.service.AuditService    : Logged request: fe5df033-4f05-4370-b822-e97678aa3ba4 for endpoint: /api/v1/binance/market/top-3
2025-10-23T18:24:30.899+07:00 DEBUG 5972 --- [crypto-mock-trading] [           main] com.example.demo.service.AuditService    : Finished request: fe5df033-4f05-4370-b822-e97678aa3ba4 - cached: false, latency: 1ms
2025-10-23T18:24:30.899+07:00 DEBUG 5972 --- [crypto-mock-trading] [           main] o.s.w.s.m.m.a.HttpEntityMethodProcessor  : Using 'application/json', given [*/*] and supported [application/json, application/*+json]
2025-10-23T18:24:30.899+07:00 DEBUG 5972 --- [crypto-mock-trading] [           main] o.s.w.s.m.m.a.HttpEntityMethodProcessor  : Writing [{data=[], success=true, requestId=fe5df033-4f05-4370-b822-e97678aa3ba4, count=0}]
2025-10-23T18:24:30.899+07:00 DEBUG 5972 --- [crypto-mock-trading] [           main] o.s.security.web.FilterChainProxy        : Securing GET /api/v1/binance/market/top-3
2025-10-23T18:24:30.900+07:00 DEBUG 5972 --- [crypto-mock-trading] [           main] o.s.security.web.FilterChainProxy        : Secured GET /api/v1/binance/market/top-3
2025-10-23T18:24:30.900+07:00 DEBUG 5972 --- [crypto-mock-trading] [           main] s.w.s.m.m.a.RequestMappingHandlerMapping : Mapped to com.example.demo.controller.binance.BinanceMarketController#getTop3Coins()
2025-10-23T18:24:30.903+07:00 DEBUG 5972 --- [crypto-mock-trading] [           main] c.e.demo.security.RateLimitInterceptor   : Rate limit check passed for free@example.com: 114.053 tokens remaining
2025-10-23T18:24:30.906+07:00 DEBUG 5972 --- [crypto-mock-trading] [           main] com.example.demo.service.AuditService    : Logged request: 83053dde-bbe3-4731-9588-9e0a1fd671da for endpoint: /api/v1/binance/market/top-3
2025-10-23T18:24:30.909+07:00 DEBUG 5972 --- [crypto-mock-trading] [           main] com.example.demo.service.AuditService    : Finished request: 83053dde-bbe3-4731-9588-9e0a1fd671da - cached: false, latency: 2ms
2025-10-23T18:24:30.909+07:00 DEBUG 5972 --- [crypto-mock-trading] [           main] o.s.w.s.m.m.a.HttpEntityMethodProcessor  : Using 'application/json', given [*/*] and supported [application/json, application/*+json]
2025-10-23T18:24:30.909+07:00 DEBUG 5972 --- [crypto-mock-trading] [           main] o.s.w.s.m.m.a.HttpEntityMethodProcessor  : Writing [{data=[], success=true, requestId=83053dde-bbe3-4731-9588-9e0a1fd671da, count=0}]
2025-10-23T18:24:30.910+07:00 DEBUG 5972 --- [crypto-mock-trading] [           main] o.s.security.web.FilterChainProxy        : Securing GET /api/v1/binance/market/top-3
2025-10-23T18:24:30.910+07:00 DEBUG 5972 --- [crypto-mock-trading] [           main] o.s.security.web.FilterChainProxy        : Secured GET /api/v1/binance/market/top-3
2025-10-23T18:24:30.910+07:00 DEBUG 5972 --- [crypto-mock-trading] [           main] s.w.s.m.m.a.RequestMappingHandlerMapping : Mapped to com.example.demo.controller.binance.BinanceMarketController#getTop3Coins()
2025-10-23T18:24:30.914+07:00 DEBUG 5972 --- [crypto-mock-trading] [           main] c.e.demo.security.RateLimitInterceptor   : Rate limit check passed for free@example.com: 113.065 tokens remaining
2025-10-23T18:24:30.917+07:00 DEBUG 5972 --- [crypto-mock-trading] [           main] com.example.demo.service.AuditService    : Logged request: c44f874c-02ac-48b8-83e9-57b3a74817d1 for endpoint: /api/v1/binance/market/top-3
2025-10-23T18:24:30.920+07:00 DEBUG 5972 --- [crypto-mock-trading] [           main] com.example.demo.service.AuditService    : Finished request: c44f874c-02ac-48b8-83e9-57b3a74817d1 - cached: false, latency: 1ms
2025-10-23T18:24:30.920+07:00 DEBUG 5972 --- [crypto-mock-trading] [           main] o.s.w.s.m.m.a.HttpEntityMethodProcessor  : Using 'application/json', given [*/*] and supported [application/json, application/*+json]
2025-10-23T18:24:30.920+07:00 DEBUG 5972 --- [crypto-mock-trading] [           main] o.s.w.s.m.m.a.HttpEntityMethodProcessor  : Writing [{data=[], success=true, requestId=c44f874c-02ac-48b8-83e9-57b3a74817d1, count=0}]
2025-10-23T18:24:30.921+07:00 DEBUG 5972 --- [crypto-mock-trading] [           main] o.s.security.web.FilterChainProxy        : Securing GET /api/v1/binance/market/top-3
2025-10-23T18:24:30.921+07:00 DEBUG 5972 --- [crypto-mock-trading] [           main] o.s.security.web.FilterChainProxy        : Secured GET /api/v1/binance/market/top-3
2025-10-23T18:24:30.921+07:00 DEBUG 5972 --- [crypto-mock-trading] [           main] s.w.s.m.m.a.RequestMappingHandlerMapping : Mapped to com.example.demo.controller.binance.BinanceMarketController#getTop3Coins()
2025-10-23T18:24:30.925+07:00 DEBUG 5972 --- [crypto-mock-trading] [           main] c.e.demo.security.RateLimitInterceptor   : Rate limit check passed for free@example.com: 112.075 tokens remaining
2025-10-23T18:24:30.927+07:00 DEBUG 5972 --- [crypto-mock-trading] [           main] com.example.demo.service.AuditService    : Logged request: 2374fd03-0674-479c-a4af-ab2ed133d9e4 for endpoint: /api/v1/binance/market/top-3
2025-10-23T18:24:30.929+07:00 DEBUG 5972 --- [crypto-mock-trading] [           main] com.example.demo.service.AuditService    : Finished request: 2374fd03-0674-479c-a4af-ab2ed133d9e4 - cached: false, latency: 1ms
2025-10-23T18:24:30.929+07:00 DEBUG 5972 --- [crypto-mock-trading] [           main] o.s.w.s.m.m.a.HttpEntityMethodProcessor  : Using 'application/json', given [*/*] and supported [application/json, application/*+json]
2025-10-23T18:24:30.929+07:00 DEBUG 5972 --- [crypto-mock-trading] [           main] o.s.w.s.m.m.a.HttpEntityMethodProcessor  : Writing [{data=[], success=true, requestId=2374fd03-0674-479c-a4af-ab2ed133d9e4, count=0}]
2025-10-23T18:24:30.930+07:00 DEBUG 5972 --- [crypto-mock-trading] [           main] o.s.security.web.FilterChainProxy        : Securing GET /api/v1/binance/market/top-3
2025-10-23T18:24:30.930+07:00 DEBUG 5972 --- [crypto-mock-trading] [           main] o.s.security.web.FilterChainProxy        : Secured GET /api/v1/binance/market/top-3
2025-10-23T18:24:30.930+07:00 DEBUG 5972 --- [crypto-mock-trading] [           main] s.w.s.m.m.a.RequestMappingHandlerMapping : Mapped to com.example.demo.controller.binance.BinanceMarketController#getTop3Coins()
2025-10-23T18:24:30.934+07:00 DEBUG 5972 --- [crypto-mock-trading] [           main] c.e.demo.security.RateLimitInterceptor   : Rate limit check passed for free@example.com: 111.084 tokens remaining
2025-10-23T18:24:30.936+07:00 DEBUG 5972 --- [crypto-mock-trading] [           main] com.example.demo.service.AuditService    : Logged request: 4b918301-512b-4df7-861b-b15bb87ac5b5 for endpoint: /api/v1/binance/market/top-3
2025-10-23T18:24:30.938+07:00 DEBUG 5972 --- [crypto-mock-trading] [           main] com.example.demo.service.AuditService    : Finished request: 4b918301-512b-4df7-861b-b15bb87ac5b5 - cached: false, latency: 2ms
2025-10-23T18:24:30.939+07:00 DEBUG 5972 --- [crypto-mock-trading] [           main] o.s.w.s.m.m.a.HttpEntityMethodProcessor  : Using 'application/json', given [*/*] and supported [application/json, application/*+json]
2025-10-23T18:24:30.939+07:00 DEBUG 5972 --- [crypto-mock-trading] [           main] o.s.w.s.m.m.a.HttpEntityMethodProcessor  : Writing [{data=[], success=true, requestId=4b918301-512b-4df7-861b-b15bb87ac5b5, count=0}]
2025-10-23T18:24:30.939+07:00 DEBUG 5972 --- [crypto-mock-trading] [           main] o.s.security.web.FilterChainProxy        : Securing GET /api/v1/binance/market/top-3
2025-10-23T18:24:30.939+07:00 DEBUG 5972 --- [crypto-mock-trading] [           main] o.s.security.web.FilterChainProxy        : Secured GET /api/v1/binance/market/top-3
2025-10-23T18:24:30.940+07:00 DEBUG 5972 --- [crypto-mock-trading] [           main] s.w.s.m.m.a.RequestMappingHandlerMapping : Mapped to com.example.demo.controller.binance.BinanceMarketController#getTop3Coins()
2025-10-23T18:24:30.943+07:00 DEBUG 5972 --- [crypto-mock-trading] [           main] c.e.demo.security.RateLimitInterceptor   : Rate limit check passed for free@example.com: 110.09400000000001 tokens remaining
2025-10-23T18:24:30.946+07:00 DEBUG 5972 --- [crypto-mock-trading] [           main] com.example.demo.service.AuditService    : Logged request: 3064241f-903e-4555-a9ce-e6841ee9925d for endpoint: /api/v1/binance/market/top-3
2025-10-23T18:24:30.949+07:00 DEBUG 5972 --- [crypto-mock-trading] [           main] com.example.demo.service.AuditService    : Finished request: 3064241f-903e-4555-a9ce-e6841ee9925d - cached: false, latency: 1ms
2025-10-23T18:24:30.949+07:00 DEBUG 5972 --- [crypto-mock-trading] [           main] o.s.w.s.m.m.a.HttpEntityMethodProcessor  : Using 'application/json', given [*/*] and supported [application/json, application/*+json]
2025-10-23T18:24:30.949+07:00 DEBUG 5972 --- [crypto-mock-trading] [           main] o.s.w.s.m.m.a.HttpEntityMethodProcessor  : Writing [{data=[], success=true, requestId=3064241f-903e-4555-a9ce-e6841ee9925d, count=0}]
2025-10-23T18:24:30.950+07:00 DEBUG 5972 --- [crypto-mock-trading] [           main] o.s.security.web.FilterChainProxy        : Securing GET /api/v1/binance/market/top-3
2025-10-23T18:24:30.950+07:00 DEBUG 5972 --- [crypto-mock-trading] [           main] o.s.security.web.FilterChainProxy        : Secured GET /api/v1/binance/market/top-3
2025-10-23T18:24:30.950+07:00 DEBUG 5972 --- [crypto-mock-trading] [           main] s.w.s.m.m.a.RequestMappingHandlerMapping : Mapped to com.example.demo.controller.binance.BinanceMarketController#getTop3Coins()
2025-10-23T18:24:30.955+07:00 DEBUG 5972 --- [crypto-mock-trading] [           main] c.e.demo.security.RateLimitInterceptor   : Rate limit check passed for free@example.com: 109.10400000000001 tokens remaining
2025-10-23T18:24:30.958+07:00 DEBUG 5972 --- [crypto-mock-trading] [           main] com.example.demo.service.AuditService    : Logged request: 4f99b2b3-2c7c-457f-8a83-285cf3d7b4fe for endpoint: /api/v1/binance/market/top-3
2025-10-23T18:24:30.960+07:00 DEBUG 5972 --- [crypto-mock-trading] [           main] com.example.demo.service.AuditService    : Finished request: 4f99b2b3-2c7c-457f-8a83-285cf3d7b4fe - cached: false, latency: 2ms
2025-10-23T18:24:30.961+07:00 DEBUG 5972 --- [crypto-mock-trading] [           main] o.s.w.s.m.m.a.HttpEntityMethodProcessor  : Using 'application/json', given [*/*] and supported [application/json, application/*+json]
2025-10-23T18:24:30.961+07:00 DEBUG 5972 --- [crypto-mock-trading] [           main] o.s.w.s.m.m.a.HttpEntityMethodProcessor  : Writing [{data=[], success=true, requestId=4f99b2b3-2c7c-457f-8a83-285cf3d7b4fe, count=0}]
2025-10-23T18:24:30.961+07:00 DEBUG 5972 --- [crypto-mock-trading] [           main] o.s.security.web.FilterChainProxy        : Securing GET /api/v1/binance/market/top-3
2025-10-23T18:24:30.962+07:00 DEBUG 5972 --- [crypto-mock-trading] [           main] o.s.security.web.FilterChainProxy        : Secured GET /api/v1/binance/market/top-3
2025-10-23T18:24:30.962+07:00 DEBUG 5972 --- [crypto-mock-trading] [           main] s.w.s.m.m.a.RequestMappingHandlerMapping : Mapped to com.example.demo.controller.binance.BinanceMarketController#getTop3Coins()
2025-10-23T18:24:30.966+07:00 DEBUG 5972 --- [crypto-mock-trading] [           main] c.e.demo.security.RateLimitInterceptor   : Rate limit check passed for free@example.com: 108.11600000000001 tokens remaining
2025-10-23T18:24:30.968+07:00 DEBUG 5972 --- [crypto-mock-trading] [           main] com.example.demo.service.AuditService    : Logged request: 93ed350a-3900-4c8f-ba55-bec0facdb415 for endpoint: /api/v1/binance/market/top-3
2025-10-23T18:24:30.970+07:00 DEBUG 5972 --- [crypto-mock-trading] [           main] com.example.demo.service.AuditService    : Finished request: 93ed350a-3900-4c8f-ba55-bec0facdb415 - cached: false, latency: 1ms
2025-10-23T18:24:30.970+07:00 DEBUG 5972 --- [crypto-mock-trading] [           main] o.s.w.s.m.m.a.HttpEntityMethodProcessor  : Using 'application/json', given [*/*] and supported [application/json, application/*+json]
2025-10-23T18:24:30.970+07:00 DEBUG 5972 --- [crypto-mock-trading] [           main] o.s.w.s.m.m.a.HttpEntityMethodProcessor  : Writing [{data=[], success=true, requestId=93ed350a-3900-4c8f-ba55-bec0facdb415, count=0}]
2025-10-23T18:24:30.971+07:00 DEBUG 5972 --- [crypto-mock-trading] [           main] o.s.security.web.FilterChainProxy        : Securing GET /api/v1/binance/market/top-3
2025-10-23T18:24:30.971+07:00 DEBUG 5972 --- [crypto-mock-trading] [           main] o.s.security.web.FilterChainProxy        : Secured GET /api/v1/binance/market/top-3
2025-10-23T18:24:30.971+07:00 DEBUG 5972 --- [crypto-mock-trading] [           main] s.w.s.m.m.a.RequestMappingHandlerMapping : Mapped to com.example.demo.controller.binance.BinanceMarketController#getTop3Coins()
2025-10-23T18:24:30.975+07:00 DEBUG 5972 --- [crypto-mock-trading] [           main] c.e.demo.security.RateLimitInterceptor   : Rate limit check passed for free@example.com: 107.12600000000002 tokens remaining
2025-10-23T18:24:30.977+07:00 DEBUG 5972 --- [crypto-mock-trading] [           main] com.example.demo.service.AuditService    : Logged request: facdcdc5-0927-410b-abf3-3f2c857c6bb0 for endpoint: /api/v1/binance/market/top-3
2025-10-23T18:24:30.980+07:00 DEBUG 5972 --- [crypto-mock-trading] [           main] com.example.demo.service.AuditService    : Finished request: facdcdc5-0927-410b-abf3-3f2c857c6bb0 - cached: false, latency: 1ms
2025-10-23T18:24:30.980+07:00 DEBUG 5972 --- [crypto-mock-trading] [           main] o.s.w.s.m.m.a.HttpEntityMethodProcessor  : Using 'application/json', given [*/*] and supported [application/json, application/*+json]
2025-10-23T18:24:30.980+07:00 DEBUG 5972 --- [crypto-mock-trading] [           main] o.s.w.s.m.m.a.HttpEntityMethodProcessor  : Writing [{data=[], success=true, requestId=facdcdc5-0927-410b-abf3-3f2c857c6bb0, count=0}]
2025-10-23T18:24:30.981+07:00 DEBUG 5972 --- [crypto-mock-trading] [           main] o.s.security.web.FilterChainProxy        : Securing GET /api/v1/binance/market/top-3
2025-10-23T18:24:30.981+07:00 DEBUG 5972 --- [crypto-mock-trading] [           main] o.s.security.web.FilterChainProxy        : Secured GET /api/v1/binance/market/top-3
2025-10-23T18:24:30.981+07:00 DEBUG 5972 --- [crypto-mock-trading] [           main] s.w.s.m.m.a.RequestMappingHandlerMapping : Mapped to com.example.demo.controller.binance.BinanceMarketController#getTop3Coins()
2025-10-23T18:24:30.985+07:00 DEBUG 5972 --- [crypto-mock-trading] [           main] c.e.demo.security.RateLimitInterceptor   : Rate limit check passed for free@example.com: 106.13500000000002 tokens remaining
2025-10-23T18:24:30.988+07:00 DEBUG 5972 --- [crypto-mock-trading] [           main] com.example.demo.service.AuditService    : Logged request: c0d22d8b-a564-43e3-8738-e0a8a43c8eec for endpoint: /api/v1/binance/market/top-3
2025-10-23T18:24:30.990+07:00 DEBUG 5972 --- [crypto-mock-trading] [           main] com.example.demo.service.AuditService    : Finished request: c0d22d8b-a564-43e3-8738-e0a8a43c8eec - cached: false, latency: 1ms
2025-10-23T18:24:30.990+07:00 DEBUG 5972 --- [crypto-mock-trading] [           main] o.s.w.s.m.m.a.HttpEntityMethodProcessor  : Using 'application/json', given [*/*] and supported [application/json, application/*+json]
2025-10-23T18:24:30.990+07:00 DEBUG 5972 --- [crypto-mock-trading] [           main] o.s.w.s.m.m.a.HttpEntityMethodProcessor  : Writing [{data=[], success=true, requestId=c0d22d8b-a564-43e3-8738-e0a8a43c8eec, count=0}]
2025-10-23T18:24:30.991+07:00 DEBUG 5972 --- [crypto-mock-trading] [           main] o.s.security.web.FilterChainProxy        : Securing GET /api/v1/binance/market/top-3
2025-10-23T18:24:30.991+07:00 DEBUG 5972 --- [crypto-mock-trading] [           main] o.s.security.web.FilterChainProxy        : Secured GET /api/v1/binance/market/top-3
2025-10-23T18:24:30.991+07:00 DEBUG 5972 --- [crypto-mock-trading] [           main] s.w.s.m.m.a.RequestMappingHandlerMapping : Mapped to com.example.demo.controller.binance.BinanceMarketController#getTop3Coins()
2025-10-23T18:24:30.996+07:00 DEBUG 5972 --- [crypto-mock-trading] [           main] c.e.demo.security.RateLimitInterceptor   : Rate limit check passed for free@example.com: 105.14600000000002 tokens remaining
2025-10-23T18:24:30.998+07:00 DEBUG 5972 --- [crypto-mock-trading] [           main] com.example.demo.service.AuditService    : Logged request: 73ab6670-6c75-4b14-a1f0-4359a189a7f8 for endpoint: /api/v1/binance/market/top-3
2025-10-23T18:24:31.001+07:00 DEBUG 5972 --- [crypto-mock-trading] [           main] com.example.demo.service.AuditService    : Finished request: 73ab6670-6c75-4b14-a1f0-4359a189a7f8 - cached: false, latency: 1ms
2025-10-23T18:24:31.001+07:00 DEBUG 5972 --- [crypto-mock-trading] [           main] o.s.w.s.m.m.a.HttpEntityMethodProcessor  : Using 'application/json', given [*/*] and supported [application/json, application/*+json]
2025-10-23T18:24:31.001+07:00 DEBUG 5972 --- [crypto-mock-trading] [           main] o.s.w.s.m.m.a.HttpEntityMethodProcessor  : Writing [{data=[], success=true, requestId=73ab6670-6c75-4b14-a1f0-4359a189a7f8, count=0}]
2025-10-23T18:24:31.002+07:00 DEBUG 5972 --- [crypto-mock-trading] [           main] o.s.security.web.FilterChainProxy        : Securing GET /api/v1/binance/market/top-3
2025-10-23T18:24:31.002+07:00 DEBUG 5972 --- [crypto-mock-trading] [           main] o.s.security.web.FilterChainProxy        : Secured GET /api/v1/binance/market/top-3
2025-10-23T18:24:31.002+07:00 DEBUG 5972 --- [crypto-mock-trading] [           main] s.w.s.m.m.a.RequestMappingHandlerMapping : Mapped to com.example.demo.controller.binance.BinanceMarketController#getTop3Coins()
2025-10-23T18:24:31.006+07:00 DEBUG 5972 --- [crypto-mock-trading] [           main] c.e.demo.security.RateLimitInterceptor   : Rate limit check passed for free@example.com: 104.15600000000002 tokens remaining
2025-10-23T18:24:31.008+07:00 DEBUG 5972 --- [crypto-mock-trading] [           main] com.example.demo.service.AuditService    : Logged request: 130979af-3c0e-4b44-98f3-43e21aca9d2f for endpoint: /api/v1/binance/market/top-3
2025-10-23T18:24:31.010+07:00 DEBUG 5972 --- [crypto-mock-trading] [           main] com.example.demo.service.AuditService    : Finished request: 130979af-3c0e-4b44-98f3-43e21aca9d2f - cached: false, latency: 1ms
2025-10-23T18:24:31.010+07:00 DEBUG 5972 --- [crypto-mock-trading] [           main] o.s.w.s.m.m.a.HttpEntityMethodProcessor  : Using 'application/json', given [*/*] and supported [application/json, application/*+json]
2025-10-23T18:24:31.010+07:00 DEBUG 5972 --- [crypto-mock-trading] [           main] o.s.w.s.m.m.a.HttpEntityMethodProcessor  : Writing [{data=[], success=true, requestId=130979af-3c0e-4b44-98f3-43e21aca9d2f, count=0}]
2025-10-23T18:24:31.011+07:00 DEBUG 5972 --- [crypto-mock-trading] [           main] o.s.security.web.FilterChainProxy        : Securing GET /api/v1/binance/market/top-3
2025-10-23T18:24:31.011+07:00 DEBUG 5972 --- [crypto-mock-trading] [           main] o.s.security.web.FilterChainProxy        : Secured GET /api/v1/binance/market/top-3
2025-10-23T18:24:31.011+07:00 DEBUG 5972 --- [crypto-mock-trading] [           main] s.w.s.m.m.a.RequestMappingHandlerMapping : Mapped to com.example.demo.controller.binance.BinanceMarketController#getTop3Coins()
2025-10-23T18:24:31.014+07:00 DEBUG 5972 --- [crypto-mock-trading] [           main] c.e.demo.security.RateLimitInterceptor   : Rate limit check passed for free@example.com: 103.16400000000002 tokens remaining
2025-10-23T18:24:31.016+07:00 DEBUG 5972 --- [crypto-mock-trading] [           main] com.example.demo.service.AuditService    : Logged request: 6203f2a1-95de-4742-9c4c-900ac58b8d20 for endpoint: /api/v1/binance/market/top-3
2025-10-23T18:24:31.018+07:00 DEBUG 5972 --- [crypto-mock-trading] [           main] com.example.demo.service.AuditService    : Finished request: 6203f2a1-95de-4742-9c4c-900ac58b8d20 - cached: false, latency: 1ms
2025-10-23T18:24:31.018+07:00 DEBUG 5972 --- [crypto-mock-trading] [           main] o.s.w.s.m.m.a.HttpEntityMethodProcessor  : Using 'application/json', given [*/*] and supported [application/json, application/*+json]
2025-10-23T18:24:31.018+07:00 DEBUG 5972 --- [crypto-mock-trading] [           main] o.s.w.s.m.m.a.HttpEntityMethodProcessor  : Writing [{data=[], success=true, requestId=6203f2a1-95de-4742-9c4c-900ac58b8d20, count=0}]
2025-10-23T18:24:31.018+07:00 DEBUG 5972 --- [crypto-mock-trading] [           main] o.s.security.web.FilterChainProxy        : Securing GET /api/v1/binance/market/top-3
2025-10-23T18:24:31.020+07:00 DEBUG 5972 --- [crypto-mock-trading] [           main] o.s.security.web.FilterChainProxy        : Secured GET /api/v1/binance/market/top-3
2025-10-23T18:24:31.020+07:00 DEBUG 5972 --- [crypto-mock-trading] [           main] s.w.s.m.m.a.RequestMappingHandlerMapping : Mapped to com.example.demo.controller.binance.BinanceMarketController#getTop3Coins()
2025-10-23T18:24:31.024+07:00 DEBUG 5972 --- [crypto-mock-trading] [           main] c.e.demo.security.RateLimitInterceptor   : Rate limit check passed for free@example.com: 102.17300000000002 tokens remaining
2025-10-23T18:24:31.027+07:00 DEBUG 5972 --- [crypto-mock-trading] [           main] com.example.demo.service.AuditService    : Logged request: bee3625f-8aef-40a4-8dd3-9750626329ec for endpoint: /api/v1/binance/market/top-3
2025-10-23T18:24:31.029+07:00 DEBUG 5972 --- [crypto-mock-trading] [           main] com.example.demo.service.AuditService    : Finished request: bee3625f-8aef-40a4-8dd3-9750626329ec - cached: false, latency: 2ms
2025-10-23T18:24:31.029+07:00 DEBUG 5972 --- [crypto-mock-trading] [           main] o.s.w.s.m.m.a.HttpEntityMethodProcessor  : Using 'application/json', given [*/*] and supported [application/json, application/*+json]
2025-10-23T18:24:31.029+07:00 DEBUG 5972 --- [crypto-mock-trading] [           main] o.s.w.s.m.m.a.HttpEntityMethodProcessor  : Writing [{data=[], success=true, requestId=bee3625f-8aef-40a4-8dd3-9750626329ec, count=0}]
2025-10-23T18:24:31.030+07:00 DEBUG 5972 --- [crypto-mock-trading] [           main] o.s.security.web.FilterChainProxy        : Securing GET /api/v1/binance/market/top-3
2025-10-23T18:24:31.030+07:00 DEBUG 5972 --- [crypto-mock-trading] [           main] o.s.security.web.FilterChainProxy        : Secured GET /api/v1/binance/market/top-3
2025-10-23T18:24:31.030+07:00 DEBUG 5972 --- [crypto-mock-trading] [           main] s.w.s.m.m.a.RequestMappingHandlerMapping : Mapped to com.example.demo.controller.binance.BinanceMarketController#getTop3Coins()
2025-10-23T18:24:31.033+07:00 DEBUG 5972 --- [crypto-mock-trading] [           main] c.e.demo.security.RateLimitInterceptor   : Rate limit check passed for free@example.com: 101.18400000000001 tokens remaining
2025-10-23T18:24:31.036+07:00 DEBUG 5972 --- [crypto-mock-trading] [           main] com.example.demo.service.AuditService    : Logged request: c663462f-23a6-4886-a0c3-83407e0461aa for endpoint: /api/v1/binance/market/top-3
2025-10-23T18:24:31.037+07:00 DEBUG 5972 --- [crypto-mock-trading] [           main] com.example.demo.service.AuditService    : Finished request: c663462f-23a6-4886-a0c3-83407e0461aa - cached: false, latency: 1ms
2025-10-23T18:24:31.037+07:00 DEBUG 5972 --- [crypto-mock-trading] [           main] o.s.w.s.m.m.a.HttpEntityMethodProcessor  : Using 'application/json', given [*/*] and supported [application/json, application/*+json]
2025-10-23T18:24:31.037+07:00 DEBUG 5972 --- [crypto-mock-trading] [           main] o.s.w.s.m.m.a.HttpEntityMethodProcessor  : Writing [{data=[], success=true, requestId=c663462f-23a6-4886-a0c3-83407e0461aa, count=0}]
2025-10-23T18:24:31.038+07:00 DEBUG 5972 --- [crypto-mock-trading] [           main] o.s.security.web.FilterChainProxy        : Securing GET /api/v1/binance/market/top-3
2025-10-23T18:24:31.038+07:00 DEBUG 5972 --- [crypto-mock-trading] [           main] o.s.security.web.FilterChainProxy        : Secured GET /api/v1/binance/market/top-3
2025-10-23T18:24:31.038+07:00 DEBUG 5972 --- [crypto-mock-trading] [           main] s.w.s.m.m.a.RequestMappingHandlerMapping : Mapped to com.example.demo.controller.binance.BinanceMarketController#getTop3Coins()
2025-10-23T18:24:31.042+07:00 DEBUG 5972 --- [crypto-mock-trading] [           main] c.e.demo.security.RateLimitInterceptor   : Rate limit check passed for free@example.com: 100.19200000000001 tokens remaining
2025-10-23T18:24:31.044+07:00 DEBUG 5972 --- [crypto-mock-trading] [           main] com.example.demo.service.AuditService    : Logged request: 0fd4300a-c64d-40f2-897c-e3c0ff93192c for endpoint: /api/v1/binance/market/top-3
2025-10-23T18:24:31.047+07:00 DEBUG 5972 --- [crypto-mock-trading] [           main] com.example.demo.service.AuditService    : Finished request: 0fd4300a-c64d-40f2-897c-e3c0ff93192c - cached: false, latency: 1ms
2025-10-23T18:24:31.047+07:00 DEBUG 5972 --- [crypto-mock-trading] [           main] o.s.w.s.m.m.a.HttpEntityMethodProcessor  : Using 'application/json', given [*/*] and supported [application/json, application/*+json]
2025-10-23T18:24:31.047+07:00 DEBUG 5972 --- [crypto-mock-trading] [           main] o.s.w.s.m.m.a.HttpEntityMethodProcessor  : Writing [{data=[], success=true, requestId=0fd4300a-c64d-40f2-897c-e3c0ff93192c, count=0}]
2025-10-23T18:24:31.048+07:00 DEBUG 5972 --- [crypto-mock-trading] [           main] o.s.security.web.FilterChainProxy        : Securing GET /api/v1/binance/market/top-3
2025-10-23T18:24:31.048+07:00 DEBUG 5972 --- [crypto-mock-trading] [           main] o.s.security.web.FilterChainProxy        : Secured GET /api/v1/binance/market/top-3
2025-10-23T18:24:31.048+07:00 DEBUG 5972 --- [crypto-mock-trading] [           main] s.w.s.m.m.a.RequestMappingHandlerMapping : Mapped to com.example.demo.controller.binance.BinanceMarketController#getTop3Coins()
2025-10-23T18:24:31.051+07:00 DEBUG 5972 --- [crypto-mock-trading] [           main] c.e.demo.security.RateLimitInterceptor   : Rate limit check passed for free@example.com: 99.20200000000001 tokens remaining
2025-10-23T18:24:31.053+07:00 DEBUG 5972 --- [crypto-mock-trading] [           main] com.example.demo.service.AuditService    : Logged request: fa0e0a07-8bbc-4f3c-a356-2cf697d88f93 for endpoint: /api/v1/binance/market/top-3
2025-10-23T18:24:31.055+07:00 DEBUG 5972 --- [crypto-mock-trading] [           main] com.example.demo.service.AuditService    : Finished request: fa0e0a07-8bbc-4f3c-a356-2cf697d88f93 - cached: false, latency: 1ms
2025-10-23T18:24:31.055+07:00 DEBUG 5972 --- [crypto-mock-trading] [           main] o.s.w.s.m.m.a.HttpEntityMethodProcessor  : Using 'application/json', given [*/*] and supported [application/json, application/*+json]
2025-10-23T18:24:31.055+07:00 DEBUG 5972 --- [crypto-mock-trading] [           main] o.s.w.s.m.m.a.HttpEntityMethodProcessor  : Writing [{data=[], success=true, requestId=fa0e0a07-8bbc-4f3c-a356-2cf697d88f93, count=0}]
2025-10-23T18:24:31.056+07:00 DEBUG 5972 --- [crypto-mock-trading] [           main] o.s.security.web.FilterChainProxy        : Securing GET /api/v1/binance/market/top-3
2025-10-23T18:24:31.056+07:00 DEBUG 5972 --- [crypto-mock-trading] [           main] o.s.security.web.FilterChainProxy        : Secured GET /api/v1/binance/market/top-3
2025-10-23T18:24:31.056+07:00 DEBUG 5972 --- [crypto-mock-trading] [           main] s.w.s.m.m.a.RequestMappingHandlerMapping : Mapped to com.example.demo.controller.binance.BinanceMarketController#getTop3Coins()
2025-10-23T18:24:31.060+07:00 DEBUG 5972 --- [crypto-mock-trading] [           main] c.e.demo.security.RateLimitInterceptor   : Rate limit check passed for free@example.com: 98.21000000000001 tokens remaining
2025-10-23T18:24:31.062+07:00 DEBUG 5972 --- [crypto-mock-trading] [           main] com.example.demo.service.AuditService    : Logged request: d6f28117-cfa7-454d-9acc-5269b0853c63 for endpoint: /api/v1/binance/market/top-3
2025-10-23T18:24:31.064+07:00 DEBUG 5972 --- [crypto-mock-trading] [           main] com.example.demo.service.AuditService    : Finished request: d6f28117-cfa7-454d-9acc-5269b0853c63 - cached: false, latency: 1ms
2025-10-23T18:24:31.065+07:00 DEBUG 5972 --- [crypto-mock-trading] [           main] o.s.w.s.m.m.a.HttpEntityMethodProcessor  : Using 'application/json', given [*/*] and supported [application/json, application/*+json]
2025-10-23T18:24:31.065+07:00 DEBUG 5972 --- [crypto-mock-trading] [           main] o.s.w.s.m.m.a.HttpEntityMethodProcessor  : Writing [{data=[], success=true, requestId=d6f28117-cfa7-454d-9acc-5269b0853c63, count=0}]
2025-10-23T18:24:31.065+07:00 DEBUG 5972 --- [crypto-mock-trading] [           main] o.s.security.web.FilterChainProxy        : Securing GET /api/v1/binance/market/top-3
2025-10-23T18:24:31.065+07:00 DEBUG 5972 --- [crypto-mock-trading] [           main] o.s.security.web.FilterChainProxy        : Secured GET /api/v1/binance/market/top-3
2025-10-23T18:24:31.065+07:00 DEBUG 5972 --- [crypto-mock-trading] [           main] s.w.s.m.m.a.RequestMappingHandlerMapping : Mapped to com.example.demo.controller.binance.BinanceMarketController#getTop3Coins()
2025-10-23T18:24:31.070+07:00 DEBUG 5972 --- [crypto-mock-trading] [           main] c.e.demo.security.RateLimitInterceptor   : Rate limit check passed for free@example.com: 97.22000000000001 tokens remaining
2025-10-23T18:24:31.073+07:00 DEBUG 5972 --- [crypto-mock-trading] [           main] com.example.demo.service.AuditService    : Logged request: 3b50f55f-a7af-459d-8fc2-aade06727444 for endpoint: /api/v1/binance/market/top-3
2025-10-23T18:24:31.075+07:00 DEBUG 5972 --- [crypto-mock-trading] [           main] com.example.demo.service.AuditService    : Finished request: 3b50f55f-a7af-459d-8fc2-aade06727444 - cached: false, latency: 2ms
2025-10-23T18:24:31.075+07:00 DEBUG 5972 --- [crypto-mock-trading] [           main] o.s.w.s.m.m.a.HttpEntityMethodProcessor  : Using 'application/json', given [*/*] and supported [application/json, application/*+json]
2025-10-23T18:24:31.076+07:00 DEBUG 5972 --- [crypto-mock-trading] [           main] o.s.w.s.m.m.a.HttpEntityMethodProcessor  : Writing [{data=[], success=true, requestId=3b50f55f-a7af-459d-8fc2-aade06727444, count=0}]
2025-10-23T18:24:31.077+07:00 DEBUG 5972 --- [crypto-mock-trading] [           main] o.s.security.web.FilterChainProxy        : Securing GET /api/v1/binance/market/top-3
2025-10-23T18:24:31.077+07:00 DEBUG 5972 --- [crypto-mock-trading] [           main] o.s.security.web.FilterChainProxy        : Secured GET /api/v1/binance/market/top-3
2025-10-23T18:24:31.077+07:00 DEBUG 5972 --- [crypto-mock-trading] [           main] s.w.s.m.m.a.RequestMappingHandlerMapping : Mapped to com.example.demo.controller.binance.BinanceMarketController#getTop3Coins()
2025-10-23T18:24:31.081+07:00 DEBUG 5972 --- [crypto-mock-trading] [           main] c.e.demo.security.RateLimitInterceptor   : Rate limit check passed for free@example.com: 96.23100000000001 tokens remaining
2025-10-23T18:24:31.084+07:00 DEBUG 5972 --- [crypto-mock-trading] [           main] com.example.demo.service.AuditService    : Logged request: 9ab3fea9-c908-4c17-bbda-0e771079843b for endpoint: /api/v1/binance/market/top-3
2025-10-23T18:24:31.086+07:00 DEBUG 5972 --- [crypto-mock-trading] [           main] com.example.demo.service.AuditService    : Finished request: 9ab3fea9-c908-4c17-bbda-0e771079843b - cached: false, latency: 1ms
2025-10-23T18:24:31.086+07:00 DEBUG 5972 --- [crypto-mock-trading] [           main] o.s.w.s.m.m.a.HttpEntityMethodProcessor  : Using 'application/json', given [*/*] and supported [application/json, application/*+json]
2025-10-23T18:24:31.086+07:00 DEBUG 5972 --- [crypto-mock-trading] [           main] o.s.w.s.m.m.a.HttpEntityMethodProcessor  : Writing [{data=[], success=true, requestId=9ab3fea9-c908-4c17-bbda-0e771079843b, count=0}]
2025-10-23T18:24:31.087+07:00 DEBUG 5972 --- [crypto-mock-trading] [           main] o.s.security.web.FilterChainProxy        : Securing GET /api/v1/binance/market/top-3
2025-10-23T18:24:31.087+07:00 DEBUG 5972 --- [crypto-mock-trading] [           main] o.s.security.web.FilterChainProxy        : Secured GET /api/v1/binance/market/top-3
2025-10-23T18:24:31.087+07:00 DEBUG 5972 --- [crypto-mock-trading] [           main] s.w.s.m.m.a.RequestMappingHandlerMapping : Mapped to com.example.demo.controller.binance.BinanceMarketController#getTop3Coins()
2025-10-23T18:24:31.091+07:00 DEBUG 5972 --- [crypto-mock-trading] [           main] c.e.demo.security.RateLimitInterceptor   : Rate limit check passed for free@example.com: 95.24100000000001 tokens remaining
2025-10-23T18:24:31.094+07:00 DEBUG 5972 --- [crypto-mock-trading] [           main] com.example.demo.service.AuditService    : Logged request: 1a6dcf08-cd43-43a1-9486-be7d42f711dc for endpoint: /api/v1/binance/market/top-3
2025-10-23T18:24:31.096+07:00 DEBUG 5972 --- [crypto-mock-trading] [           main] com.example.demo.service.AuditService    : Finished request: 1a6dcf08-cd43-43a1-9486-be7d42f711dc - cached: false, latency: 2ms
2025-10-23T18:24:31.096+07:00 DEBUG 5972 --- [crypto-mock-trading] [           main] o.s.w.s.m.m.a.HttpEntityMethodProcessor  : Using 'application/json', given [*/*] and supported [application/json, application/*+json]
2025-10-23T18:24:31.096+07:00 DEBUG 5972 --- [crypto-mock-trading] [           main] o.s.w.s.m.m.a.HttpEntityMethodProcessor  : Writing [{data=[], success=true, requestId=1a6dcf08-cd43-43a1-9486-be7d42f711dc, count=0}]
2025-10-23T18:24:31.097+07:00 DEBUG 5972 --- [crypto-mock-trading] [           main] o.s.security.web.FilterChainProxy        : Securing GET /api/v1/binance/market/top-3
2025-10-23T18:24:31.097+07:00 DEBUG 5972 --- [crypto-mock-trading] [           main] o.s.security.web.FilterChainProxy        : Secured GET /api/v1/binance/market/top-3
2025-10-23T18:24:31.097+07:00 DEBUG 5972 --- [crypto-mock-trading] [           main] s.w.s.m.m.a.RequestMappingHandlerMapping : Mapped to com.example.demo.controller.binance.BinanceMarketController#getTop3Coins()
2025-10-23T18:24:31.101+07:00 DEBUG 5972 --- [crypto-mock-trading] [           main] c.e.demo.security.RateLimitInterceptor   : Rate limit check passed for free@example.com: 94.25100000000002 tokens remaining
2025-10-23T18:24:31.103+07:00 DEBUG 5972 --- [crypto-mock-trading] [           main] com.example.demo.service.AuditService    : Logged request: 529fdf24-7fb9-482e-9f6c-fd0a47de2494 for endpoint: /api/v1/binance/market/top-3
2025-10-23T18:24:31.105+07:00 DEBUG 5972 --- [crypto-mock-trading] [           main] com.example.demo.service.AuditService    : Finished request: 529fdf24-7fb9-482e-9f6c-fd0a47de2494 - cached: false, latency: 3ms
2025-10-23T18:24:31.105+07:00 DEBUG 5972 --- [crypto-mock-trading] [           main] o.s.w.s.m.m.a.HttpEntityMethodProcessor  : Using 'application/json', given [*/*] and supported [application/json, application/*+json]
2025-10-23T18:24:31.105+07:00 DEBUG 5972 --- [crypto-mock-trading] [           main] o.s.w.s.m.m.a.HttpEntityMethodProcessor  : Writing [{data=[], success=true, requestId=529fdf24-7fb9-482e-9f6c-fd0a47de2494, count=0}]
2025-10-23T18:24:31.106+07:00 DEBUG 5972 --- [crypto-mock-trading] [           main] o.s.security.web.FilterChainProxy        : Securing GET /api/v1/binance/market/top-3
2025-10-23T18:24:31.106+07:00 DEBUG 5972 --- [crypto-mock-trading] [           main] o.s.security.web.FilterChainProxy        : Secured GET /api/v1/binance/market/top-3
2025-10-23T18:24:31.106+07:00 DEBUG 5972 --- [crypto-mock-trading] [           main] s.w.s.m.m.a.RequestMappingHandlerMapping : Mapped to com.example.demo.controller.binance.BinanceMarketController#getTop3Coins()
2025-10-23T18:24:31.109+07:00 DEBUG 5972 --- [crypto-mock-trading] [           main] c.e.demo.security.RateLimitInterceptor   : Rate limit check passed for free@example.com: 93.26000000000002 tokens remaining
2025-10-23T18:24:31.112+07:00 DEBUG 5972 --- [crypto-mock-trading] [           main] com.example.demo.service.AuditService    : Logged request: adcdced5-8fb3-4692-9c06-5f69678f4d0b for endpoint: /api/v1/binance/market/top-3
2025-10-23T18:24:31.114+07:00 DEBUG 5972 --- [crypto-mock-trading] [           main] com.example.demo.service.AuditService    : Finished request: adcdced5-8fb3-4692-9c06-5f69678f4d0b - cached: false, latency: 1ms
2025-10-23T18:24:31.114+07:00 DEBUG 5972 --- [crypto-mock-trading] [           main] o.s.w.s.m.m.a.HttpEntityMethodProcessor  : Using 'application/json', given [*/*] and supported [application/json, application/*+json]
2025-10-23T18:24:31.114+07:00 DEBUG 5972 --- [crypto-mock-trading] [           main] o.s.w.s.m.m.a.HttpEntityMethodProcessor  : Writing [{data=[], success=true, requestId=adcdced5-8fb3-4692-9c06-5f69678f4d0b, count=0}]
2025-10-23T18:24:31.115+07:00 DEBUG 5972 --- [crypto-mock-trading] [           main] o.s.security.web.FilterChainProxy        : Securing GET /api/v1/binance/market/top-3
2025-10-23T18:24:31.115+07:00 DEBUG 5972 --- [crypto-mock-trading] [           main] o.s.security.web.FilterChainProxy        : Secured GET /api/v1/binance/market/top-3
2025-10-23T18:24:31.115+07:00 DEBUG 5972 --- [crypto-mock-trading] [           main] s.w.s.m.m.a.RequestMappingHandlerMapping : Mapped to com.example.demo.controller.binance.BinanceMarketController#getTop3Coins()
2025-10-23T18:24:31.119+07:00 DEBUG 5972 --- [crypto-mock-trading] [           main] c.e.demo.security.RateLimitInterceptor   : Rate limit check passed for free@example.com: 92.27000000000002 tokens remaining
2025-10-23T18:24:31.122+07:00 DEBUG 5972 --- [crypto-mock-trading] [           main] com.example.demo.service.AuditService    : Logged request: 57700645-38ce-4e9b-89e5-3d36a6b1aef0 for endpoint: /api/v1/binance/market/top-3
2025-10-23T18:24:31.124+07:00 DEBUG 5972 --- [crypto-mock-trading] [           main] com.example.demo.service.AuditService    : Finished request: 57700645-38ce-4e9b-89e5-3d36a6b1aef0 - cached: false, latency: 1ms
2025-10-23T18:24:31.125+07:00 DEBUG 5972 --- [crypto-mock-trading] [           main] o.s.w.s.m.m.a.HttpEntityMethodProcessor  : Using 'application/json', given [*/*] and supported [application/json, application/*+json]
2025-10-23T18:24:31.125+07:00 DEBUG 5972 --- [crypto-mock-trading] [           main] o.s.w.s.m.m.a.HttpEntityMethodProcessor  : Writing [{data=[], success=true, requestId=57700645-38ce-4e9b-89e5-3d36a6b1aef0, count=0}]
2025-10-23T18:24:31.125+07:00 DEBUG 5972 --- [crypto-mock-trading] [           main] o.s.security.web.FilterChainProxy        : Securing GET /api/v1/binance/market/top-3
2025-10-23T18:24:31.125+07:00 DEBUG 5972 --- [crypto-mock-trading] [           main] o.s.security.web.FilterChainProxy        : Secured GET /api/v1/binance/market/top-3
2025-10-23T18:24:31.125+07:00 DEBUG 5972 --- [crypto-mock-trading] [           main] s.w.s.m.m.a.RequestMappingHandlerMapping : Mapped to com.example.demo.controller.binance.BinanceMarketController#getTop3Coins()
2025-10-23T18:24:31.130+07:00 DEBUG 5972 --- [crypto-mock-trading] [           main] c.e.demo.security.RateLimitInterceptor   : Rate limit check passed for free@example.com: 91.27900000000002 tokens remaining
2025-10-23T18:24:31.133+07:00 DEBUG 5972 --- [crypto-mock-trading] [           main] com.example.demo.service.AuditService    : Logged request: cc5fe001-371d-4585-9203-6a2112150c2a for endpoint: /api/v1/binance/market/top-3
2025-10-23T18:24:31.135+07:00 DEBUG 5972 --- [crypto-mock-trading] [           main] com.example.demo.service.AuditService    : Finished request: cc5fe001-371d-4585-9203-6a2112150c2a - cached: false, latency: 1ms
2025-10-23T18:24:31.136+07:00 DEBUG 5972 --- [crypto-mock-trading] [           main] o.s.w.s.m.m.a.HttpEntityMethodProcessor  : Using 'application/json', given [*/*] and supported [application/json, application/*+json]
2025-10-23T18:24:31.136+07:00 DEBUG 5972 --- [crypto-mock-trading] [           main] o.s.w.s.m.m.a.HttpEntityMethodProcessor  : Writing [{data=[], success=true, requestId=cc5fe001-371d-4585-9203-6a2112150c2a, count=0}]
2025-10-23T18:24:31.136+07:00 DEBUG 5972 --- [crypto-mock-trading] [           main] o.s.security.web.FilterChainProxy        : Securing GET /api/v1/binance/market/top-3
2025-10-23T18:24:31.136+07:00 DEBUG 5972 --- [crypto-mock-trading] [           main] o.s.security.web.FilterChainProxy        : Secured GET /api/v1/binance/market/top-3
2025-10-23T18:24:31.136+07:00 DEBUG 5972 --- [crypto-mock-trading] [           main] s.w.s.m.m.a.RequestMappingHandlerMapping : Mapped to com.example.demo.controller.binance.BinanceMarketController#getTop3Coins()
2025-10-23T18:24:31.140+07:00 DEBUG 5972 --- [crypto-mock-trading] [           main] c.e.demo.security.RateLimitInterceptor   : Rate limit check passed for free@example.com: 90.29000000000002 tokens remaining
2025-10-23T18:24:31.143+07:00 DEBUG 5972 --- [crypto-mock-trading] [           main] com.example.demo.service.AuditService    : Logged request: c0dec276-7638-4185-aca1-f226b78dfe1c for endpoint: /api/v1/binance/market/top-3
2025-10-23T18:24:31.145+07:00 DEBUG 5972 --- [crypto-mock-trading] [           main] com.example.demo.service.AuditService    : Finished request: c0dec276-7638-4185-aca1-f226b78dfe1c - cached: false, latency: 2ms
2025-10-23T18:24:31.145+07:00 DEBUG 5972 --- [crypto-mock-trading] [           main] o.s.w.s.m.m.a.HttpEntityMethodProcessor  : Using 'application/json', given [*/*] and supported [application/json, application/*+json]
2025-10-23T18:24:31.145+07:00 DEBUG 5972 --- [crypto-mock-trading] [           main] o.s.w.s.m.m.a.HttpEntityMethodProcessor  : Writing [{data=[], success=true, requestId=c0dec276-7638-4185-aca1-f226b78dfe1c, count=0}]
2025-10-23T18:24:31.146+07:00 DEBUG 5972 --- [crypto-mock-trading] [           main] o.s.security.web.FilterChainProxy        : Securing GET /api/v1/binance/market/top-3
2025-10-23T18:24:31.146+07:00 DEBUG 5972 --- [crypto-mock-trading] [           main] o.s.security.web.FilterChainProxy        : Secured GET /api/v1/binance/market/top-3
2025-10-23T18:24:31.146+07:00 DEBUG 5972 --- [crypto-mock-trading] [           main] s.w.s.m.m.a.RequestMappingHandlerMapping : Mapped to com.example.demo.controller.binance.BinanceMarketController#getTop3Coins()
2025-10-23T18:24:31.150+07:00 DEBUG 5972 --- [crypto-mock-trading] [           main] c.e.demo.security.RateLimitInterceptor   : Rate limit check passed for free@example.com: 89.30000000000003 tokens remaining
2025-10-23T18:24:31.152+07:00 DEBUG 5972 --- [crypto-mock-trading] [           main] com.example.demo.service.AuditService    : Logged request: ee6632dd-5709-4f71-b8f0-42cb819d0ff2 for endpoint: /api/v1/binance/market/top-3
2025-10-23T18:24:31.154+07:00 DEBUG 5972 --- [crypto-mock-trading] [           main] com.example.demo.service.AuditService    : Finished request: ee6632dd-5709-4f71-b8f0-42cb819d0ff2 - cached: false, latency: 1ms
2025-10-23T18:24:31.154+07:00 DEBUG 5972 --- [crypto-mock-trading] [           main] o.s.w.s.m.m.a.HttpEntityMethodProcessor  : Using 'application/json', given [*/*] and supported [application/json, application/*+json]
2025-10-23T18:24:31.154+07:00 DEBUG 5972 --- [crypto-mock-trading] [           main] o.s.w.s.m.m.a.HttpEntityMethodProcessor  : Writing [{data=[], success=true, requestId=ee6632dd-5709-4f71-b8f0-42cb819d0ff2, count=0}]
2025-10-23T18:24:31.155+07:00 DEBUG 5972 --- [crypto-mock-trading] [           main] o.s.security.web.FilterChainProxy        : Securing GET /api/v1/binance/market/top-3
2025-10-23T18:24:31.155+07:00 DEBUG 5972 --- [crypto-mock-trading] [           main] o.s.security.web.FilterChainProxy        : Secured GET /api/v1/binance/market/top-3
2025-10-23T18:24:31.155+07:00 DEBUG 5972 --- [crypto-mock-trading] [           main] s.w.s.m.m.a.RequestMappingHandlerMapping : Mapped to com.example.demo.controller.binance.BinanceMarketController#getTop3Coins()
2025-10-23T18:24:31.159+07:00 DEBUG 5972 --- [crypto-mock-trading] [           main] c.e.demo.security.RateLimitInterceptor   : Rate limit check passed for free@example.com: 88.30900000000003 tokens remaining
2025-10-23T18:24:31.163+07:00 DEBUG 5972 --- [crypto-mock-trading] [           main] com.example.demo.service.AuditService    : Logged request: 226b6a91-94e1-415c-88c1-dd3d97ef7d65 for endpoint: /api/v1/binance/market/top-3
2025-10-23T18:24:31.164+07:00 DEBUG 5972 --- [crypto-mock-trading] [           main] com.example.demo.service.AuditService    : Finished request: 226b6a91-94e1-415c-88c1-dd3d97ef7d65 - cached: false, latency: 3ms
2025-10-23T18:24:31.165+07:00 DEBUG 5972 --- [crypto-mock-trading] [           main] o.s.w.s.m.m.a.HttpEntityMethodProcessor  : Using 'application/json', given [*/*] and supported [application/json, application/*+json]
2025-10-23T18:24:31.165+07:00 DEBUG 5972 --- [crypto-mock-trading] [           main] o.s.w.s.m.m.a.HttpEntityMethodProcessor  : Writing [{data=[], success=true, requestId=226b6a91-94e1-415c-88c1-dd3d97ef7d65, count=0}]
2025-10-23T18:24:31.166+07:00 DEBUG 5972 --- [crypto-mock-trading] [           main] o.s.security.web.FilterChainProxy        : Securing GET /api/v1/binance/market/top-3
2025-10-23T18:24:31.166+07:00 DEBUG 5972 --- [crypto-mock-trading] [           main] o.s.security.web.FilterChainProxy        : Secured GET /api/v1/binance/market/top-3
2025-10-23T18:24:31.166+07:00 DEBUG 5972 --- [crypto-mock-trading] [           main] s.w.s.m.m.a.RequestMappingHandlerMapping : Mapped to com.example.demo.controller.binance.BinanceMarketController#getTop3Coins()
2025-10-23T18:24:31.169+07:00 DEBUG 5972 --- [crypto-mock-trading] [           main] c.e.demo.security.RateLimitInterceptor   : Rate limit check passed for free@example.com: 87.32000000000002 tokens remaining
2025-10-23T18:24:31.171+07:00 DEBUG 5972 --- [crypto-mock-trading] [           main] com.example.demo.service.AuditService    : Logged request: 3cabae11-90ba-4bef-9f70-2dbaf84f0549 for endpoint: /api/v1/binance/market/top-3
2025-10-23T18:24:31.173+07:00 DEBUG 5972 --- [crypto-mock-trading] [           main] com.example.demo.service.AuditService    : Finished request: 3cabae11-90ba-4bef-9f70-2dbaf84f0549 - cached: false, latency: 2ms
2025-10-23T18:24:31.174+07:00 DEBUG 5972 --- [crypto-mock-trading] [           main] o.s.w.s.m.m.a.HttpEntityMethodProcessor  : Using 'application/json', given [*/*] and supported [application/json, application/*+json]
2025-10-23T18:24:31.174+07:00 DEBUG 5972 --- [crypto-mock-trading] [           main] o.s.w.s.m.m.a.HttpEntityMethodProcessor  : Writing [{data=[], success=true, requestId=3cabae11-90ba-4bef-9f70-2dbaf84f0549, count=0}]
2025-10-23T18:24:31.174+07:00 DEBUG 5972 --- [crypto-mock-trading] [           main] o.s.security.web.FilterChainProxy        : Securing GET /api/v1/binance/market/top-3
2025-10-23T18:24:31.174+07:00 DEBUG 5972 --- [crypto-mock-trading] [           main] o.s.security.web.FilterChainProxy        : Secured GET /api/v1/binance/market/top-3
2025-10-23T18:24:31.175+07:00 DEBUG 5972 --- [crypto-mock-trading] [           main] s.w.s.m.m.a.RequestMappingHandlerMapping : Mapped to com.example.demo.controller.binance.BinanceMarketController#getTop3Coins()
2025-10-23T18:24:31.178+07:00 DEBUG 5972 --- [crypto-mock-trading] [           main] c.e.demo.security.RateLimitInterceptor   : Rate limit check passed for free@example.com: 86.32800000000002 tokens remaining
2025-10-23T18:24:31.180+07:00 DEBUG 5972 --- [crypto-mock-trading] [           main] com.example.demo.service.AuditService    : Logged request: 6b6ba98d-9da6-4e53-9501-c8181f83d66b for endpoint: /api/v1/binance/market/top-3
2025-10-23T18:24:31.183+07:00 DEBUG 5972 --- [crypto-mock-trading] [           main] com.example.demo.service.AuditService    : Finished request: 6b6ba98d-9da6-4e53-9501-c8181f83d66b - cached: false, latency: 1ms
2025-10-23T18:24:31.183+07:00 DEBUG 5972 --- [crypto-mock-trading] [           main] o.s.w.s.m.m.a.HttpEntityMethodProcessor  : Using 'application/json', given [*/*] and supported [application/json, application/*+json]
2025-10-23T18:24:31.183+07:00 DEBUG 5972 --- [crypto-mock-trading] [           main] o.s.w.s.m.m.a.HttpEntityMethodProcessor  : Writing [{data=[], success=true, requestId=6b6ba98d-9da6-4e53-9501-c8181f83d66b, count=0}]
2025-10-23T18:24:31.184+07:00 DEBUG 5972 --- [crypto-mock-trading] [           main] o.s.security.web.FilterChainProxy        : Securing GET /api/v1/binance/market/top-3
2025-10-23T18:24:31.184+07:00 DEBUG 5972 --- [crypto-mock-trading] [           main] o.s.security.web.FilterChainProxy        : Secured GET /api/v1/binance/market/top-3
2025-10-23T18:24:31.184+07:00 DEBUG 5972 --- [crypto-mock-trading] [           main] s.w.s.m.m.a.RequestMappingHandlerMapping : Mapped to com.example.demo.controller.binance.BinanceMarketController#getTop3Coins()
2025-10-23T18:24:31.187+07:00 DEBUG 5972 --- [crypto-mock-trading] [           main] c.e.demo.security.RateLimitInterceptor   : Rate limit check passed for free@example.com: 85.33800000000002 tokens remaining
2025-10-23T18:24:31.190+07:00 DEBUG 5972 --- [crypto-mock-trading] [           main] com.example.demo.service.AuditService    : Logged request: ba5a5f9a-b3b7-41ce-abce-2f8ab77409d9 for endpoint: /api/v1/binance/market/top-3
2025-10-23T18:24:31.192+07:00 DEBUG 5972 --- [crypto-mock-trading] [           main] com.example.demo.service.AuditService    : Finished request: ba5a5f9a-b3b7-41ce-abce-2f8ab77409d9 - cached: false, latency: 1ms
2025-10-23T18:24:31.192+07:00 DEBUG 5972 --- [crypto-mock-trading] [           main] o.s.w.s.m.m.a.HttpEntityMethodProcessor  : Using 'application/json', given [*/*] and supported [application/json, application/*+json]
2025-10-23T18:24:31.192+07:00 DEBUG 5972 --- [crypto-mock-trading] [           main] o.s.w.s.m.m.a.HttpEntityMethodProcessor  : Writing [{data=[], success=true, requestId=ba5a5f9a-b3b7-41ce-abce-2f8ab77409d9, count=0}]
2025-10-23T18:24:31.193+07:00 DEBUG 5972 --- [crypto-mock-trading] [           main] o.s.security.web.FilterChainProxy        : Securing GET /api/v1/binance/market/top-3
2025-10-23T18:24:31.193+07:00 DEBUG 5972 --- [crypto-mock-trading] [           main] o.s.security.web.FilterChainProxy        : Secured GET /api/v1/binance/market/top-3
2025-10-23T18:24:31.193+07:00 DEBUG 5972 --- [crypto-mock-trading] [           main] s.w.s.m.m.a.RequestMappingHandlerMapping : Mapped to com.example.demo.controller.binance.BinanceMarketController#getTop3Coins()
2025-10-23T18:24:31.197+07:00 DEBUG 5972 --- [crypto-mock-trading] [           main] c.e.demo.security.RateLimitInterceptor   : Rate limit check passed for free@example.com: 84.34700000000002 tokens remaining
2025-10-23T18:24:31.200+07:00 DEBUG 5972 --- [crypto-mock-trading] [           main] com.example.demo.service.AuditService    : Logged request: 50572e5d-93af-4daa-a5d5-73f612b25d80 for endpoint: /api/v1/binance/market/top-3
2025-10-23T18:24:31.201+07:00 DEBUG 5972 --- [crypto-mock-trading] [           main] com.example.demo.service.AuditService    : Finished request: 50572e5d-93af-4daa-a5d5-73f612b25d80 - cached: false, latency: 1ms
2025-10-23T18:24:31.202+07:00 DEBUG 5972 --- [crypto-mock-trading] [           main] o.s.w.s.m.m.a.HttpEntityMethodProcessor  : Using 'application/json', given [*/*] and supported [application/json, application/*+json]
2025-10-23T18:24:31.202+07:00 DEBUG 5972 --- [crypto-mock-trading] [           main] o.s.w.s.m.m.a.HttpEntityMethodProcessor  : Writing [{data=[], success=true, requestId=50572e5d-93af-4daa-a5d5-73f612b25d80, count=0}]
2025-10-23T18:24:31.203+07:00 DEBUG 5972 --- [crypto-mock-trading] [           main] o.s.security.web.FilterChainProxy        : Securing GET /api/v1/binance/market/top-3
2025-10-23T18:24:31.203+07:00 DEBUG 5972 --- [crypto-mock-trading] [           main] o.s.security.web.FilterChainProxy        : Secured GET /api/v1/binance/market/top-3
2025-10-23T18:24:31.203+07:00 DEBUG 5972 --- [crypto-mock-trading] [           main] s.w.s.m.m.a.RequestMappingHandlerMapping : Mapped to com.example.demo.controller.binance.BinanceMarketController#getTop3Coins()
2025-10-23T18:24:31.207+07:00 DEBUG 5972 --- [crypto-mock-trading] [           main] c.e.demo.security.RateLimitInterceptor   : Rate limit check passed for free@example.com: 83.35700000000003 tokens remaining
2025-10-23T18:24:31.209+07:00 DEBUG 5972 --- [crypto-mock-trading] [           main] com.example.demo.service.AuditService    : Logged request: bcd0edff-b08a-4e78-8878-fdace29f7b4f for endpoint: /api/v1/binance/market/top-3
2025-10-23T18:24:31.210+07:00 DEBUG 5972 --- [crypto-mock-trading] [           main] com.example.demo.service.AuditService    : Finished request: bcd0edff-b08a-4e78-8878-fdace29f7b4f - cached: false, latency: 1ms
2025-10-23T18:24:31.210+07:00 DEBUG 5972 --- [crypto-mock-trading] [           main] o.s.w.s.m.m.a.HttpEntityMethodProcessor  : Using 'application/json', given [*/*] and supported [application/json, application/*+json]
2025-10-23T18:24:31.210+07:00 DEBUG 5972 --- [crypto-mock-trading] [           main] o.s.w.s.m.m.a.HttpEntityMethodProcessor  : Writing [{data=[], success=true, requestId=bcd0edff-b08a-4e78-8878-fdace29f7b4f, count=0}]
2025-10-23T18:24:31.212+07:00 DEBUG 5972 --- [crypto-mock-trading] [           main] o.s.security.web.FilterChainProxy        : Securing GET /api/v1/binance/market/top-3
2025-10-23T18:24:31.212+07:00 DEBUG 5972 --- [crypto-mock-trading] [           main] o.s.security.web.FilterChainProxy        : Secured GET /api/v1/binance/market/top-3
2025-10-23T18:24:31.212+07:00 DEBUG 5972 --- [crypto-mock-trading] [           main] s.w.s.m.m.a.RequestMappingHandlerMapping : Mapped to com.example.demo.controller.binance.BinanceMarketController#getTop3Coins()
2025-10-23T18:24:31.216+07:00 DEBUG 5972 --- [crypto-mock-trading] [           main] c.e.demo.security.RateLimitInterceptor   : Rate limit check passed for free@example.com: 82.36600000000003 tokens remaining
2025-10-23T18:24:31.218+07:00 DEBUG 5972 --- [crypto-mock-trading] [           main] com.example.demo.service.AuditService    : Logged request: 2c5c9ca8-7a26-48f9-a83b-bf294f27bc36 for endpoint: /api/v1/binance/market/top-3
2025-10-23T18:24:31.219+07:00 DEBUG 5972 --- [crypto-mock-trading] [           main] com.example.demo.service.AuditService    : Finished request: 2c5c9ca8-7a26-48f9-a83b-bf294f27bc36 - cached: false, latency: 1ms
2025-10-23T18:24:31.219+07:00 DEBUG 5972 --- [crypto-mock-trading] [           main] o.s.w.s.m.m.a.HttpEntityMethodProcessor  : Using 'application/json', given [*/*] and supported [application/json, application/*+json]
2025-10-23T18:24:31.219+07:00 DEBUG 5972 --- [crypto-mock-trading] [           main] o.s.w.s.m.m.a.HttpEntityMethodProcessor  : Writing [{data=[], success=true, requestId=2c5c9ca8-7a26-48f9-a83b-bf294f27bc36, count=0}]
2025-10-23T18:24:31.220+07:00 DEBUG 5972 --- [crypto-mock-trading] [           main] o.s.security.web.FilterChainProxy        : Securing GET /api/v1/binance/market/top-3
2025-10-23T18:24:31.220+07:00 DEBUG 5972 --- [crypto-mock-trading] [           main] o.s.security.web.FilterChainProxy        : Secured GET /api/v1/binance/market/top-3
2025-10-23T18:24:31.220+07:00 DEBUG 5972 --- [crypto-mock-trading] [           main] s.w.s.m.m.a.RequestMappingHandlerMapping : Mapped to com.example.demo.controller.binance.BinanceMarketController#getTop3Coins()
2025-10-23T18:24:31.224+07:00 DEBUG 5972 --- [crypto-mock-trading] [           main] c.e.demo.security.RateLimitInterceptor   : Rate limit check passed for free@example.com: 81.37500000000003 tokens remaining
2025-10-23T18:24:31.227+07:00 DEBUG 5972 --- [crypto-mock-trading] [           main] com.example.demo.service.AuditService    : Logged request: d8570e63-19a7-49c2-8cae-2d6fe37ad56c for endpoint: /api/v1/binance/market/top-3
2025-10-23T18:24:31.228+07:00 DEBUG 5972 --- [crypto-mock-trading] [           main] com.example.demo.service.AuditService    : Finished request: d8570e63-19a7-49c2-8cae-2d6fe37ad56c - cached: false, latency: 1ms
2025-10-23T18:24:31.229+07:00 DEBUG 5972 --- [crypto-mock-trading] [           main] o.s.w.s.m.m.a.HttpEntityMethodProcessor  : Using 'application/json', given [*/*] and supported [application/json, application/*+json]
2025-10-23T18:24:31.229+07:00 DEBUG 5972 --- [crypto-mock-trading] [           main] o.s.w.s.m.m.a.HttpEntityMethodProcessor  : Writing [{data=[], success=true, requestId=d8570e63-19a7-49c2-8cae-2d6fe37ad56c, count=0}]
2025-10-23T18:24:31.229+07:00 DEBUG 5972 --- [crypto-mock-trading] [           main] o.s.security.web.FilterChainProxy        : Securing GET /api/v1/binance/market/top-3
2025-10-23T18:24:31.229+07:00 DEBUG 5972 --- [crypto-mock-trading] [           main] o.s.security.web.FilterChainProxy        : Secured GET /api/v1/binance/market/top-3
2025-10-23T18:24:31.229+07:00 DEBUG 5972 --- [crypto-mock-trading] [           main] s.w.s.m.m.a.RequestMappingHandlerMapping : Mapped to com.example.demo.controller.binance.BinanceMarketController#getTop3Coins()
2025-10-23T18:24:31.233+07:00 DEBUG 5972 --- [crypto-mock-trading] [           main] c.e.demo.security.RateLimitInterceptor   : Rate limit check passed for free@example.com: 80.38300000000002 tokens remaining
2025-10-23T18:24:31.235+07:00 DEBUG 5972 --- [crypto-mock-trading] [           main] com.example.demo.service.AuditService    : Logged request: dc432c80-dd31-498d-a133-ea799596e17f for endpoint: /api/v1/binance/market/top-3
2025-10-23T18:24:31.237+07:00 DEBUG 5972 --- [crypto-mock-trading] [           main] com.example.demo.service.AuditService    : Finished request: dc432c80-dd31-498d-a133-ea799596e17f - cached: false, latency: 2ms
2025-10-23T18:24:31.237+07:00 DEBUG 5972 --- [crypto-mock-trading] [           main] o.s.w.s.m.m.a.HttpEntityMethodProcessor  : Using 'application/json', given [*/*] and supported [application/json, application/*+json]
2025-10-23T18:24:31.237+07:00 DEBUG 5972 --- [crypto-mock-trading] [           main] o.s.w.s.m.m.a.HttpEntityMethodProcessor  : Writing [{data=[], success=true, requestId=dc432c80-dd31-498d-a133-ea799596e17f, count=0}]
2025-10-23T18:24:31.238+07:00 DEBUG 5972 --- [crypto-mock-trading] [           main] o.s.security.web.FilterChainProxy        : Securing GET /api/v1/binance/market/top-3
2025-10-23T18:24:31.238+07:00 DEBUG 5972 --- [crypto-mock-trading] [           main] o.s.security.web.FilterChainProxy        : Secured GET /api/v1/binance/market/top-3
2025-10-23T18:24:31.238+07:00 DEBUG 5972 --- [crypto-mock-trading] [           main] s.w.s.m.m.a.RequestMappingHandlerMapping : Mapped to com.example.demo.controller.binance.BinanceMarketController#getTop3Coins()
2025-10-23T18:24:31.241+07:00 DEBUG 5972 --- [crypto-mock-trading] [           main] c.e.demo.security.RateLimitInterceptor   : Rate limit check passed for free@example.com: 79.39100000000002 tokens remaining
2025-10-23T18:24:31.243+07:00 DEBUG 5972 --- [crypto-mock-trading] [           main] com.example.demo.service.AuditService    : Logged request: ca2b5f8b-3252-40c8-9c78-ea4ab6bc1c30 for endpoint: /api/v1/binance/market/top-3
2025-10-23T18:24:31.244+07:00 DEBUG 5972 --- [crypto-mock-trading] [           main] com.example.demo.service.AuditService    : Finished request: ca2b5f8b-3252-40c8-9c78-ea4ab6bc1c30 - cached: false, latency: 2ms
2025-10-23T18:24:31.245+07:00 DEBUG 5972 --- [crypto-mock-trading] [           main] o.s.w.s.m.m.a.HttpEntityMethodProcessor  : Using 'application/json', given [*/*] and supported [application/json, application/*+json]
2025-10-23T18:24:31.245+07:00 DEBUG 5972 --- [crypto-mock-trading] [           main] o.s.w.s.m.m.a.HttpEntityMethodProcessor  : Writing [{data=[], success=true, requestId=ca2b5f8b-3252-40c8-9c78-ea4ab6bc1c30, count=0}]
2025-10-23T18:24:31.246+07:00 DEBUG 5972 --- [crypto-mock-trading] [           main] o.s.security.web.FilterChainProxy        : Securing GET /api/v1/binance/market/top-3
2025-10-23T18:24:31.246+07:00 DEBUG 5972 --- [crypto-mock-trading] [           main] o.s.security.web.FilterChainProxy        : Secured GET /api/v1/binance/market/top-3
2025-10-23T18:24:31.246+07:00 DEBUG 5972 --- [crypto-mock-trading] [           main] s.w.s.m.m.a.RequestMappingHandlerMapping : Mapped to com.example.demo.controller.binance.BinanceMarketController#getTop3Coins()
2025-10-23T18:24:31.250+07:00 DEBUG 5972 --- [crypto-mock-trading] [           main] c.e.demo.security.RateLimitInterceptor   : Rate limit check passed for free@example.com: 78.40000000000002 tokens remaining
2025-10-23T18:24:31.252+07:00 DEBUG 5972 --- [crypto-mock-trading] [           main] com.example.demo.service.AuditService    : Logged request: 4fc7c174-d2f0-4a76-9047-e41d4ece4e05 for endpoint: /api/v1/binance/market/top-3
2025-10-23T18:24:31.253+07:00 DEBUG 5972 --- [crypto-mock-trading] [           main] com.example.demo.service.AuditService    : Finished request: 4fc7c174-d2f0-4a76-9047-e41d4ece4e05 - cached: false, latency: 1ms
2025-10-23T18:24:31.254+07:00 DEBUG 5972 --- [crypto-mock-trading] [           main] o.s.w.s.m.m.a.HttpEntityMethodProcessor  : Using 'application/json', given [*/*] and supported [application/json, application/*+json]
2025-10-23T18:24:31.254+07:00 DEBUG 5972 --- [crypto-mock-trading] [           main] o.s.w.s.m.m.a.HttpEntityMethodProcessor  : Writing [{data=[], success=true, requestId=4fc7c174-d2f0-4a76-9047-e41d4ece4e05, count=0}]
2025-10-23T18:24:31.254+07:00 DEBUG 5972 --- [crypto-mock-trading] [           main] o.s.security.web.FilterChainProxy        : Securing GET /api/v1/binance/market/top-3
2025-10-23T18:24:31.254+07:00 DEBUG 5972 --- [crypto-mock-trading] [           main] o.s.security.web.FilterChainProxy        : Secured GET /api/v1/binance/market/top-3
2025-10-23T18:24:31.254+07:00 DEBUG 5972 --- [crypto-mock-trading] [           main] s.w.s.m.m.a.RequestMappingHandlerMapping : Mapped to com.example.demo.controller.binance.BinanceMarketController#getTop3Coins()
2025-10-23T18:24:31.259+07:00 DEBUG 5972 --- [crypto-mock-trading] [           main] c.e.demo.security.RateLimitInterceptor   : Rate limit check passed for free@example.com: 77.40900000000002 tokens remaining
2025-10-23T18:24:31.261+07:00 DEBUG 5972 --- [crypto-mock-trading] [           main] com.example.demo.service.AuditService    : Logged request: 090e1b6a-cfa5-4ad6-8ee1-d3b444635494 for endpoint: /api/v1/binance/market/top-3
2025-10-23T18:24:31.264+07:00 DEBUG 5972 --- [crypto-mock-trading] [           main] com.example.demo.service.AuditService    : Finished request: 090e1b6a-cfa5-4ad6-8ee1-d3b444635494 - cached: false, latency: 2ms
2025-10-23T18:24:31.264+07:00 DEBUG 5972 --- [crypto-mock-trading] [           main] o.s.w.s.m.m.a.HttpEntityMethodProcessor  : Using 'application/json', given [*/*] and supported [application/json, application/*+json]
2025-10-23T18:24:31.264+07:00 DEBUG 5972 --- [crypto-mock-trading] [           main] o.s.w.s.m.m.a.HttpEntityMethodProcessor  : Writing [{data=[], success=true, requestId=090e1b6a-cfa5-4ad6-8ee1-d3b444635494, count=0}]
2025-10-23T18:24:31.265+07:00 DEBUG 5972 --- [crypto-mock-trading] [           main] o.s.security.web.FilterChainProxy        : Securing GET /api/v1/binance/market/top-3
2025-10-23T18:24:31.265+07:00 DEBUG 5972 --- [crypto-mock-trading] [           main] o.s.security.web.FilterChainProxy        : Secured GET /api/v1/binance/market/top-3
2025-10-23T18:24:31.265+07:00 DEBUG 5972 --- [crypto-mock-trading] [           main] s.w.s.m.m.a.RequestMappingHandlerMapping : Mapped to com.example.demo.controller.binance.BinanceMarketController#getTop3Coins()
2025-10-23T18:24:31.270+07:00 DEBUG 5972 --- [crypto-mock-trading] [           main] c.e.demo.security.RateLimitInterceptor   : Rate limit check passed for free@example.com: 76.41900000000003 tokens remaining
2025-10-23T18:24:31.272+07:00 DEBUG 5972 --- [crypto-mock-trading] [           main] com.example.demo.service.AuditService    : Logged request: 77ab9b77-a15f-4f8d-aa12-73f25e999e5f for endpoint: /api/v1/binance/market/top-3
2025-10-23T18:24:31.274+07:00 DEBUG 5972 --- [crypto-mock-trading] [           main] com.example.demo.service.AuditService    : Finished request: 77ab9b77-a15f-4f8d-aa12-73f25e999e5f - cached: false, latency: 1ms
2025-10-23T18:24:31.274+07:00 DEBUG 5972 --- [crypto-mock-trading] [           main] o.s.w.s.m.m.a.HttpEntityMethodProcessor  : Using 'application/json', given [*/*] and supported [application/json, application/*+json]
2025-10-23T18:24:31.274+07:00 DEBUG 5972 --- [crypto-mock-trading] [           main] o.s.w.s.m.m.a.HttpEntityMethodProcessor  : Writing [{data=[], success=true, requestId=77ab9b77-a15f-4f8d-aa12-73f25e999e5f, count=0}]
2025-10-23T18:24:31.274+07:00 DEBUG 5972 --- [crypto-mock-trading] [           main] o.s.security.web.FilterChainProxy        : Securing GET /api/v1/binance/market/top-3
2025-10-23T18:24:31.274+07:00 DEBUG 5972 --- [crypto-mock-trading] [           main] o.s.security.web.FilterChainProxy        : Secured GET /api/v1/binance/market/top-3
2025-10-23T18:24:31.274+07:00 DEBUG 5972 --- [crypto-mock-trading] [           main] s.w.s.m.m.a.RequestMappingHandlerMapping : Mapped to com.example.demo.controller.binance.BinanceMarketController#getTop3Coins()
2025-10-23T18:24:31.279+07:00 DEBUG 5972 --- [crypto-mock-trading] [           main] c.e.demo.security.RateLimitInterceptor   : Rate limit check passed for free@example.com: 75.42800000000003 tokens remaining
2025-10-23T18:24:31.281+07:00 DEBUG 5972 --- [crypto-mock-trading] [           main] com.example.demo.service.AuditService    : Logged request: ac620043-b1a1-4e23-9dc3-454af64aa8c7 for endpoint: /api/v1/binance/market/top-3
2025-10-23T18:24:31.283+07:00 DEBUG 5972 --- [crypto-mock-trading] [           main] com.example.demo.service.AuditService    : Finished request: ac620043-b1a1-4e23-9dc3-454af64aa8c7 - cached: false, latency: 1ms
2025-10-23T18:24:31.283+07:00 DEBUG 5972 --- [crypto-mock-trading] [           main] o.s.w.s.m.m.a.HttpEntityMethodProcessor  : Using 'application/json', given [*/*] and supported [application/json, application/*+json]
2025-10-23T18:24:31.283+07:00 DEBUG 5972 --- [crypto-mock-trading] [           main] o.s.w.s.m.m.a.HttpEntityMethodProcessor  : Writing [{data=[], success=true, requestId=ac620043-b1a1-4e23-9dc3-454af64aa8c7, count=0}]
2025-10-23T18:24:31.284+07:00 DEBUG 5972 --- [crypto-mock-trading] [           main] o.s.security.web.FilterChainProxy        : Securing GET /api/v1/binance/market/top-3
2025-10-23T18:24:31.284+07:00 DEBUG 5972 --- [crypto-mock-trading] [           main] o.s.security.web.FilterChainProxy        : Secured GET /api/v1/binance/market/top-3
2025-10-23T18:24:31.284+07:00 DEBUG 5972 --- [crypto-mock-trading] [           main] s.w.s.m.m.a.RequestMappingHandlerMapping : Mapped to com.example.demo.controller.binance.BinanceMarketController#getTop3Coins()
2025-10-23T18:24:31.287+07:00 DEBUG 5972 --- [crypto-mock-trading] [           main] c.e.demo.security.RateLimitInterceptor   : Rate limit check passed for free@example.com: 74.43800000000003 tokens remaining
2025-10-23T18:24:31.290+07:00 DEBUG 5972 --- [crypto-mock-trading] [           main] com.example.demo.service.AuditService    : Logged request: 3b02796a-35e2-40f1-94a9-6cba3ce8403e for endpoint: /api/v1/binance/market/top-3
2025-10-23T18:24:31.292+07:00 DEBUG 5972 --- [crypto-mock-trading] [           main] com.example.demo.service.AuditService    : Finished request: 3b02796a-35e2-40f1-94a9-6cba3ce8403e - cached: false, latency: 1ms
2025-10-23T18:24:31.292+07:00 DEBUG 5972 --- [crypto-mock-trading] [           main] o.s.w.s.m.m.a.HttpEntityMethodProcessor  : Using 'application/json', given [*/*] and supported [application/json, application/*+json]
2025-10-23T18:24:31.292+07:00 DEBUG 5972 --- [crypto-mock-trading] [           main] o.s.w.s.m.m.a.HttpEntityMethodProcessor  : Writing [{data=[], success=true, requestId=3b02796a-35e2-40f1-94a9-6cba3ce8403e, count=0}]
2025-10-23T18:24:31.293+07:00 DEBUG 5972 --- [crypto-mock-trading] [           main] o.s.security.web.FilterChainProxy        : Securing GET /api/v1/binance/market/top-3
2025-10-23T18:24:31.293+07:00 DEBUG 5972 --- [crypto-mock-trading] [           main] o.s.security.web.FilterChainProxy        : Secured GET /api/v1/binance/market/top-3
2025-10-23T18:24:31.293+07:00 DEBUG 5972 --- [crypto-mock-trading] [           main] s.w.s.m.m.a.RequestMappingHandlerMapping : Mapped to com.example.demo.controller.binance.BinanceMarketController#getTop3Coins()
2025-10-23T18:24:31.295+07:00 DEBUG 5972 --- [crypto-mock-trading] [           main] c.e.demo.security.RateLimitInterceptor   : Rate limit check passed for free@example.com: 73.44700000000003 tokens remaining
2025-10-23T18:24:31.297+07:00 DEBUG 5972 --- [crypto-mock-trading] [           main] com.example.demo.service.AuditService    : Logged request: 13bbbe89-0ce5-4c53-92be-7fdf5368f208 for endpoint: /api/v1/binance/market/top-3
2025-10-23T18:24:31.298+07:00 DEBUG 5972 --- [crypto-mock-trading] [           main] com.example.demo.service.AuditService    : Finished request: 13bbbe89-0ce5-4c53-92be-7fdf5368f208 - cached: false, latency: 1ms
2025-10-23T18:24:31.298+07:00 DEBUG 5972 --- [crypto-mock-trading] [           main] o.s.w.s.m.m.a.HttpEntityMethodProcessor  : Using 'application/json', given [*/*] and supported [application/json, application/*+json]
2025-10-23T18:24:31.298+07:00 DEBUG 5972 --- [crypto-mock-trading] [           main] o.s.w.s.m.m.a.HttpEntityMethodProcessor  : Writing [{data=[], success=true, requestId=13bbbe89-0ce5-4c53-92be-7fdf5368f208, count=0}]
2025-10-23T18:24:31.299+07:00 DEBUG 5972 --- [crypto-mock-trading] [           main] o.s.security.web.FilterChainProxy        : Securing GET /api/v1/binance/market/top-3
2025-10-23T18:24:31.299+07:00 DEBUG 5972 --- [crypto-mock-trading] [           main] o.s.security.web.FilterChainProxy        : Secured GET /api/v1/binance/market/top-3
2025-10-23T18:24:31.299+07:00 DEBUG 5972 --- [crypto-mock-trading] [           main] s.w.s.m.m.a.RequestMappingHandlerMapping : Mapped to com.example.demo.controller.binance.BinanceMarketController#getTop3Coins()
2025-10-23T18:24:31.303+07:00 DEBUG 5972 --- [crypto-mock-trading] [           main] c.e.demo.security.RateLimitInterceptor   : Rate limit check passed for free@example.com: 72.45300000000003 tokens remaining
2025-10-23T18:24:31.305+07:00 DEBUG 5972 --- [crypto-mock-trading] [           main] com.example.demo.service.AuditService    : Logged request: 972f4816-a7ca-4f24-82b1-7e9cee9835fa for endpoint: /api/v1/binance/market/top-3
2025-10-23T18:24:31.307+07:00 DEBUG 5972 --- [crypto-mock-trading] [           main] com.example.demo.service.AuditService    : Finished request: 972f4816-a7ca-4f24-82b1-7e9cee9835fa - cached: false, latency: 2ms
[...]
2025-10-23T18:24:32.287+07:00 DEBUG 5972 --- [crypto-mock-trading] [           main] o.s.security.web.FilterChainProxy        : Securing GET /api/v1/binance/market/top-3
2025-10-23T18:24:32.288+07:00 DEBUG 5972 --- [crypto-mock-trading] [           main] o.s.security.web.FilterChainProxy        : Secured GET /api/v1/binance/market/top-3
2025-10-23T18:24:32.288+07:00 DEBUG 5972 --- [crypto-mock-trading] [           main] s.w.s.m.m.a.RequestMappingHandlerMapping : Mapped to com.example.demo.controller.binance.BinanceMarketController#getTop3Coins()
2025-10-23T18:24:32.290+07:00 DEBUG 5972 --- [crypto-mock-trading] [           main] c.e.demo.security.RateLimitInterceptor   : Rate limit check passed for pro@example.com: 551.5549999999986 tokens remaining
2025-10-23T18:24:32.292+07:00 DEBUG 5972 --- [crypto-mock-trading] [           main] com.example.demo.service.AuditService    : Logged request: 651e4d10-b90b-4fb6-9f26-f8a840588447 for endpoint: /api/v1/binance/market/top-3
2025-10-23T18:24:32.293+07:00 DEBUG 5972 --- [crypto-mock-trading] [           main] com.example.demo.service.AuditService    : Finished request: 651e4d10-b90b-4fb6-9f26-f8a840588447 - cached: false, latency: 1ms
2025-10-23T18:24:32.293+07:00 DEBUG 5972 --- [crypto-mock-trading] [           main] o.s.w.s.m.m.a.HttpEntityMethodProcessor  : Using 'application/json', given [*/*] and supported [application/json, application/*+json]
2025-10-23T18:24:32.293+07:00 DEBUG 5972 --- [crypto-mock-trading] [           main] o.s.w.s.m.m.a.HttpEntityMethodProcessor  : Writing [{data=[], success=true, requestId=651e4d10-b90b-4fb6-9f26-f8a840588447, count=0}]
]]></system-out>
  </testcase>
  <testcase name="rateLimiting_ShouldAllowRequestsWithinLimit" classname="com.example.demo.integration.RateLimitIntegrationTest" time="0.063">
    <system-out><![CDATA[2025-10-23T18:24:32.299+07:00 DEBUG 5972 --- [crypto-mock-trading] [           main] o.s.security.web.FilterChainProxy        : Securing GET /api/v1/binance/market/top-3
2025-10-23T18:24:32.299+07:00 DEBUG 5972 --- [crypto-mock-trading] [           main] o.s.security.web.FilterChainProxy        : Secured GET /api/v1/binance/market/top-3
2025-10-23T18:24:32.299+07:00 DEBUG 5972 --- [crypto-mock-trading] [           main] s.w.s.m.m.a.RequestMappingHandlerMapping : Mapped to com.example.demo.controller.binance.BinanceMarketController#getTop3Coins()
2025-10-23T18:24:32.302+07:00 DEBUG 5972 --- [crypto-mock-trading] [           main] c.e.demo.security.RateLimitInterceptor   : Rate limit check passed for free@example.com: 119.0 tokens remaining
2025-10-23T18:24:32.303+07:00 DEBUG 5972 --- [crypto-mock-trading] [           main] com.example.demo.service.AuditService    : Logged request: 6675af37-a412-429f-851d-0a125df29741 for endpoint: /api/v1/binance/market/top-3
2025-10-23T18:24:32.304+07:00 DEBUG 5972 --- [crypto-mock-trading] [           main] com.example.demo.service.AuditService    : Finished request: 6675af37-a412-429f-851d-0a125df29741 - cached: false, latency: 0ms
2025-10-23T18:24:32.304+07:00 DEBUG 5972 --- [crypto-mock-trading] [           main] o.s.w.s.m.m.a.HttpEntityMethodProcessor  : Using 'application/json', given [*/*] and supported [application/json, application/*+json]
2025-10-23T18:24:32.304+07:00 DEBUG 5972 --- [crypto-mock-trading] [           main] o.s.w.s.m.m.a.HttpEntityMethodProcessor  : Writing [{data=[], success=true, requestId=6675af37-a412-429f-851d-0a125df29741, count=0}]
2025-10-23T18:24:32.305+07:00 DEBUG 5972 --- [crypto-mock-trading] [           main] o.s.security.web.FilterChainProxy        : Securing GET /api/v1/binance/market/top-3
2025-10-23T18:24:32.305+07:00 DEBUG 5972 --- [crypto-mock-trading] [           main] o.s.security.web.FilterChainProxy        : Secured GET /api/v1/binance/market/top-3
2025-10-23T18:24:32.305+07:00 DEBUG 5972 --- [crypto-mock-trading] [           main] s.w.s.m.m.a.RequestMappingHandlerMapping : Mapped to com.example.demo.controller.binance.BinanceMarketController#getTop3Coins()
2025-10-23T18:24:32.308+07:00 DEBUG 5972 --- [crypto-mock-trading] [           main] c.e.demo.security.RateLimitInterceptor   : Rate limit check passed for free@example.com: 118.005 tokens remaining
2025-10-23T18:24:32.309+07:00 DEBUG 5972 --- [crypto-mock-trading] [           main] com.example.demo.service.AuditService    : Logged request: 6af3674c-09b5-42a6-a833-34ec5d25e918 for endpoint: /api/v1/binance/market/top-3
2025-10-23T18:24:32.311+07:00 DEBUG 5972 --- [crypto-mock-trading] [           main] com.example.demo.service.AuditService    : Finished request: 6af3674c-09b5-42a6-a833-34ec5d25e918 - cached: false, latency: 0ms
2025-10-23T18:24:32.311+07:00 DEBUG 5972 --- [crypto-mock-trading] [           main] o.s.w.s.m.m.a.HttpEntityMethodProcessor  : Using 'application/json', given [*/*] and supported [application/json, application/*+json]
2025-10-23T18:24:32.311+07:00 DEBUG 5972 --- [crypto-mock-trading] [           main] o.s.w.s.m.m.a.HttpEntityMethodProcessor  : Writing [{data=[], success=true, requestId=6af3674c-09b5-42a6-a833-34ec5d25e918, count=0}]
2025-10-23T18:24:32.311+07:00 DEBUG 5972 --- [crypto-mock-trading] [           main] o.s.security.web.FilterChainProxy        : Securing GET /api/v1/binance/market/top-3
2025-10-23T18:24:32.312+07:00 DEBUG 5972 --- [crypto-mock-trading] [           main] o.s.security.web.FilterChainProxy        : Secured GET /api/v1/binance/market/top-3
2025-10-23T18:24:32.312+07:00 DEBUG 5972 --- [crypto-mock-trading] [           main] s.w.s.m.m.a.RequestMappingHandlerMapping : Mapped to com.example.demo.controller.binance.BinanceMarketController#getTop3Coins()
2025-10-23T18:24:32.314+07:00 DEBUG 5972 --- [crypto-mock-trading] [           main] c.e.demo.security.RateLimitInterceptor   : Rate limit check passed for free@example.com: 117.012 tokens remaining
2025-10-23T18:24:32.316+07:00 DEBUG 5972 --- [crypto-mock-trading] [           main] com.example.demo.service.AuditService    : Logged request: 312de821-770e-4b60-910b-f7b1d4dee1fb for endpoint: /api/v1/binance/market/top-3
2025-10-23T18:24:32.317+07:00 DEBUG 5972 --- [crypto-mock-trading] [           main] com.example.demo.service.AuditService    : Finished request: 312de821-770e-4b60-910b-f7b1d4dee1fb - cached: false, latency: 1ms
2025-10-23T18:24:32.317+07:00 DEBUG 5972 --- [crypto-mock-trading] [           main] o.s.w.s.m.m.a.HttpEntityMethodProcessor  : Using 'application/json', given [*/*] and supported [application/json, application/*+json]
2025-10-23T18:24:32.317+07:00 DEBUG 5972 --- [crypto-mock-trading] [           main] o.s.w.s.m.m.a.HttpEntityMethodProcessor  : Writing [{data=[], success=true, requestId=312de821-770e-4b60-910b-f7b1d4dee1fb, count=0}]
2025-10-23T18:24:32.318+07:00 DEBUG 5972 --- [crypto-mock-trading] [           main] o.s.security.web.FilterChainProxy        : Securing GET /api/v1/binance/market/top-3
2025-10-23T18:24:32.318+07:00 DEBUG 5972 --- [crypto-mock-trading] [           main] o.s.security.web.FilterChainProxy        : Secured GET /api/v1/binance/market/top-3
2025-10-23T18:24:32.318+07:00 DEBUG 5972 --- [crypto-mock-trading] [           main] s.w.s.m.m.a.RequestMappingHandlerMapping : Mapped to com.example.demo.controller.binance.BinanceMarketController#getTop3Coins()
2025-10-23T18:24:32.321+07:00 DEBUG 5972 --- [crypto-mock-trading] [           main] c.e.demo.security.RateLimitInterceptor   : Rate limit check passed for free@example.com: 116.019 tokens remaining
2025-10-23T18:24:32.322+07:00 DEBUG 5972 --- [crypto-mock-trading] [           main] com.example.demo.service.AuditService    : Logged request: 1bc7be7f-7fe7-4353-99de-8ccb35ddefa6 for endpoint: /api/v1/binance/market/top-3
2025-10-23T18:24:32.323+07:00 DEBUG 5972 --- [crypto-mock-trading] [           main] com.example.demo.service.AuditService    : Finished request: 1bc7be7f-7fe7-4353-99de-8ccb35ddefa6 - cached: false, latency: 1ms
2025-10-23T18:24:32.324+07:00 DEBUG 5972 --- [crypto-mock-trading] [           main] o.s.w.s.m.m.a.HttpEntityMethodProcessor  : Using 'application/json', given [*/*] and supported [application/json, application/*+json]
2025-10-23T18:24:32.324+07:00 DEBUG 5972 --- [crypto-mock-trading] [           main] o.s.w.s.m.m.a.HttpEntityMethodProcessor  : Writing [{data=[], success=true, requestId=1bc7be7f-7fe7-4353-99de-8ccb35ddefa6, count=0}]
2025-10-23T18:24:32.324+07:00 DEBUG 5972 --- [crypto-mock-trading] [           main] o.s.security.web.FilterChainProxy        : Securing GET /api/v1/binance/market/top-3
2025-10-23T18:24:32.324+07:00 DEBUG 5972 --- [crypto-mock-trading] [           main] o.s.security.web.FilterChainProxy        : Secured GET /api/v1/binance/market/top-3
2025-10-23T18:24:32.324+07:00 DEBUG 5972 --- [crypto-mock-trading] [           main] s.w.s.m.m.a.RequestMappingHandlerMapping : Mapped to com.example.demo.controller.binance.BinanceMarketController#getTop3Coins()
2025-10-23T18:24:32.327+07:00 DEBUG 5972 --- [crypto-mock-trading] [           main] c.e.demo.security.RateLimitInterceptor   : Rate limit check passed for free@example.com: 115.025 tokens remaining
2025-10-23T18:24:32.328+07:00 DEBUG 5972 --- [crypto-mock-trading] [           main] com.example.demo.service.AuditService    : Logged request: c040b5f3-814a-4d95-997e-3d125a25ebed for endpoint: /api/v1/binance/market/top-3
2025-10-23T18:24:32.329+07:00 DEBUG 5972 --- [crypto-mock-trading] [           main] com.example.demo.service.AuditService    : Finished request: c040b5f3-814a-4d95-997e-3d125a25ebed - cached: false, latency: 0ms
2025-10-23T18:24:32.329+07:00 DEBUG 5972 --- [crypto-mock-trading] [           main] o.s.w.s.m.m.a.HttpEntityMethodProcessor  : Using 'application/json', given [*/*] and supported [application/json, application/*+json]
2025-10-23T18:24:32.329+07:00 DEBUG 5972 --- [crypto-mock-trading] [           main] o.s.w.s.m.m.a.HttpEntityMethodProcessor  : Writing [{data=[], success=true, requestId=c040b5f3-814a-4d95-997e-3d125a25ebed, count=0}]
2025-10-23T18:24:32.330+07:00 DEBUG 5972 --- [crypto-mock-trading] [           main] o.s.security.web.FilterChainProxy        : Securing GET /api/v1/binance/market/top-3
2025-10-23T18:24:32.330+07:00 DEBUG 5972 --- [crypto-mock-trading] [           main] o.s.security.web.FilterChainProxy        : Secured GET /api/v1/binance/market/top-3
2025-10-23T18:24:32.331+07:00 DEBUG 5972 --- [crypto-mock-trading] [           main] s.w.s.m.m.a.RequestMappingHandlerMapping : Mapped to com.example.demo.controller.binance.BinanceMarketController#getTop3Coins()
2025-10-23T18:24:32.333+07:00 DEBUG 5972 --- [crypto-mock-trading] [           main] c.e.demo.security.RateLimitInterceptor   : Rate limit check passed for free@example.com: 114.031 tokens remaining
2025-10-23T18:24:32.334+07:00 DEBUG 5972 --- [crypto-mock-trading] [           main] com.example.demo.service.AuditService    : Logged request: ae6545bc-1eca-4640-8995-9b69f6a3523f for endpoint: /api/v1/binance/market/top-3
2025-10-23T18:24:32.335+07:00 DEBUG 5972 --- [crypto-mock-trading] [           main] com.example.demo.service.AuditService    : Finished request: ae6545bc-1eca-4640-8995-9b69f6a3523f - cached: false, latency: 0ms
2025-10-23T18:24:32.335+07:00 DEBUG 5972 --- [crypto-mock-trading] [           main] o.s.w.s.m.m.a.HttpEntityMethodProcessor  : Using 'application/json', given [*/*] and supported [application/json, application/*+json]
2025-10-23T18:24:32.335+07:00 DEBUG 5972 --- [crypto-mock-trading] [           main] o.s.w.s.m.m.a.HttpEntityMethodProcessor  : Writing [{data=[], success=true, requestId=ae6545bc-1eca-4640-8995-9b69f6a3523f, count=0}]
2025-10-23T18:24:32.336+07:00 DEBUG 5972 --- [crypto-mock-trading] [           main] o.s.security.web.FilterChainProxy        : Securing GET /api/v1/binance/market/top-3
2025-10-23T18:24:32.336+07:00 DEBUG 5972 --- [crypto-mock-trading] [           main] o.s.security.web.FilterChainProxy        : Secured GET /api/v1/binance/market/top-3
2025-10-23T18:24:32.336+07:00 DEBUG 5972 --- [crypto-mock-trading] [           main] s.w.s.m.m.a.RequestMappingHandlerMapping : Mapped to com.example.demo.controller.binance.BinanceMarketController#getTop3Coins()
2025-10-23T18:24:32.338+07:00 DEBUG 5972 --- [crypto-mock-trading] [           main] c.e.demo.security.RateLimitInterceptor   : Rate limit check passed for free@example.com: 113.036 tokens remaining
2025-10-23T18:24:32.340+07:00 DEBUG 5972 --- [crypto-mock-trading] [           main] com.example.demo.service.AuditService    : Logged request: 45f1d32b-c63c-436c-aa27-3206bddea470 for endpoint: /api/v1/binance/market/top-3
2025-10-23T18:24:32.340+07:00 DEBUG 5972 --- [crypto-mock-trading] [           main] com.example.demo.service.AuditService    : Finished request: 45f1d32b-c63c-436c-aa27-3206bddea470 - cached: false, latency: 1ms
2025-10-23T18:24:32.340+07:00 DEBUG 5972 --- [crypto-mock-trading] [           main] o.s.w.s.m.m.a.HttpEntityMethodProcessor  : Using 'application/json', given [*/*] and supported [application/json, application/*+json]
2025-10-23T18:24:32.341+07:00 DEBUG 5972 --- [crypto-mock-trading] [           main] o.s.w.s.m.m.a.HttpEntityMethodProcessor  : Writing [{data=[], success=true, requestId=45f1d32b-c63c-436c-aa27-3206bddea470, count=0}]
2025-10-23T18:24:32.341+07:00 DEBUG 5972 --- [crypto-mock-trading] [           main] o.s.security.web.FilterChainProxy        : Securing GET /api/v1/binance/market/top-3
2025-10-23T18:24:32.341+07:00 DEBUG 5972 --- [crypto-mock-trading] [           main] o.s.security.web.FilterChainProxy        : Secured GET /api/v1/binance/market/top-3
2025-10-23T18:24:32.341+07:00 DEBUG 5972 --- [crypto-mock-trading] [           main] s.w.s.m.m.a.RequestMappingHandlerMapping : Mapped to com.example.demo.controller.binance.BinanceMarketController#getTop3Coins()
2025-10-23T18:24:32.344+07:00 DEBUG 5972 --- [crypto-mock-trading] [           main] c.e.demo.security.RateLimitInterceptor   : Rate limit check passed for free@example.com: 112.041 tokens remaining
2025-10-23T18:24:32.345+07:00 DEBUG 5972 --- [crypto-mock-trading] [           main] com.example.demo.service.AuditService    : Logged request: e8ca2e48-2a76-40dd-84b5-48562b6602bf for endpoint: /api/v1/binance/market/top-3
2025-10-23T18:24:32.346+07:00 DEBUG 5972 --- [crypto-mock-trading] [           main] com.example.demo.service.AuditService    : Finished request: e8ca2e48-2a76-40dd-84b5-48562b6602bf - cached: false, latency: 0ms
2025-10-23T18:24:32.346+07:00 DEBUG 5972 --- [crypto-mock-trading] [           main] o.s.w.s.m.m.a.HttpEntityMethodProcessor  : Using 'application/json', given [*/*] and supported [application/json, application/*+json]
2025-10-23T18:24:32.346+07:00 DEBUG 5972 --- [crypto-mock-trading] [           main] o.s.w.s.m.m.a.HttpEntityMethodProcessor  : Writing [{data=[], success=true, requestId=e8ca2e48-2a76-40dd-84b5-48562b6602bf, count=0}]
2025-10-23T18:24:32.347+07:00 DEBUG 5972 --- [crypto-mock-trading] [           main] o.s.security.web.FilterChainProxy        : Securing GET /api/v1/binance/market/top-3
2025-10-23T18:24:32.347+07:00 DEBUG 5972 --- [crypto-mock-trading] [           main] o.s.security.web.FilterChainProxy        : Secured GET /api/v1/binance/market/top-3
2025-10-23T18:24:32.347+07:00 DEBUG 5972 --- [crypto-mock-trading] [           main] s.w.s.m.m.a.RequestMappingHandlerMapping : Mapped to com.example.demo.controller.binance.BinanceMarketController#getTop3Coins()
2025-10-23T18:24:32.349+07:00 DEBUG 5972 --- [crypto-mock-trading] [           main] c.e.demo.security.RateLimitInterceptor   : Rate limit check passed for free@example.com: 111.047 tokens remaining
2025-10-23T18:24:32.350+07:00 DEBUG 5972 --- [crypto-mock-trading] [           main] com.example.demo.service.AuditService    : Logged request: a406ce6a-fc5d-4139-9012-33b97232381a for endpoint: /api/v1/binance/market/top-3
2025-10-23T18:24:32.351+07:00 DEBUG 5972 --- [crypto-mock-trading] [           main] com.example.demo.service.AuditService    : Finished request: a406ce6a-fc5d-4139-9012-33b97232381a - cached: false, latency: 0ms
2025-10-23T18:24:32.351+07:00 DEBUG 5972 --- [crypto-mock-trading] [           main] o.s.w.s.m.m.a.HttpEntityMethodProcessor  : Using 'application/json', given [*/*] and supported [application/json, application/*+json]
2025-10-23T18:24:32.351+07:00 DEBUG 5972 --- [crypto-mock-trading] [           main] o.s.w.s.m.m.a.HttpEntityMethodProcessor  : Writing [{data=[], success=true, requestId=a406ce6a-fc5d-4139-9012-33b97232381a, count=0}]
2025-10-23T18:24:32.352+07:00 DEBUG 5972 --- [crypto-mock-trading] [           main] o.s.security.web.FilterChainProxy        : Securing GET /api/v1/binance/market/top-3
2025-10-23T18:24:32.352+07:00 DEBUG 5972 --- [crypto-mock-trading] [           main] o.s.security.web.FilterChainProxy        : Secured GET /api/v1/binance/market/top-3
2025-10-23T18:24:32.352+07:00 DEBUG 5972 --- [crypto-mock-trading] [           main] s.w.s.m.m.a.RequestMappingHandlerMapping : Mapped to com.example.demo.controller.binance.BinanceMarketController#getTop3Coins()
2025-10-23T18:24:32.354+07:00 DEBUG 5972 --- [crypto-mock-trading] [           main] c.e.demo.security.RateLimitInterceptor   : Rate limit check passed for free@example.com: 110.05199999999999 tokens remaining
2025-10-23T18:24:32.355+07:00 DEBUG 5972 --- [crypto-mock-trading] [           main] com.example.demo.service.AuditService    : Logged request: cb71b2a1-e62a-4f2b-bd09-5590a2490780 for endpoint: /api/v1/binance/market/top-3
2025-10-23T18:24:32.357+07:00 DEBUG 5972 --- [crypto-mock-trading] [           main] com.example.demo.service.AuditService    : Finished request: cb71b2a1-e62a-4f2b-bd09-5590a2490780 - cached: false, latency: 1ms
2025-10-23T18:24:32.357+07:00 DEBUG 5972 --- [crypto-mock-trading] [           main] o.s.w.s.m.m.a.HttpEntityMethodProcessor  : Using 'application/json', given [*/*] and supported [application/json, application/*+json]
2025-10-23T18:24:32.357+07:00 DEBUG 5972 --- [crypto-mock-trading] [           main] o.s.w.s.m.m.a.HttpEntityMethodProcessor  : Writing [{data=[], success=true, requestId=cb71b2a1-e62a-4f2b-bd09-5590a2490780, count=0}]
]]></system-out>
  </testcase>
  <testcase name="rateLimiting_ShouldIncludeRateLimitHeadersInResponse" classname="com.example.demo.integration.RateLimitIntegrationTest" time="0.011">
    <system-out><![CDATA[2025-10-23T18:24:32.363+07:00 DEBUG 5972 --- [crypto-mock-trading] [           main] o.s.security.web.FilterChainProxy        : Securing GET /api/v1/binance/market/top-3
2025-10-23T18:24:32.363+07:00 DEBUG 5972 --- [crypto-mock-trading] [           main] o.s.security.web.FilterChainProxy        : Secured GET /api/v1/binance/market/top-3
2025-10-23T18:24:32.363+07:00 DEBUG 5972 --- [crypto-mock-trading] [           main] s.w.s.m.m.a.RequestMappingHandlerMapping : Mapped to com.example.demo.controller.binance.BinanceMarketController#getTop3Coins()
2025-10-23T18:24:32.366+07:00 DEBUG 5972 --- [crypto-mock-trading] [           main] c.e.demo.security.RateLimitInterceptor   : Rate limit check passed for free@example.com: 119.0 tokens remaining
2025-10-23T18:24:32.368+07:00 DEBUG 5972 --- [crypto-mock-trading] [           main] com.example.demo.service.AuditService    : Logged request: cd02ed7d-bfde-4431-9703-842604efe33c for endpoint: /api/v1/binance/market/top-3
2025-10-23T18:24:32.369+07:00 DEBUG 5972 --- [crypto-mock-trading] [           main] com.example.demo.service.AuditService    : Finished request: cd02ed7d-bfde-4431-9703-842604efe33c - cached: false, latency: 1ms
2025-10-23T18:24:32.369+07:00 DEBUG 5972 --- [crypto-mock-trading] [           main] o.s.w.s.m.m.a.HttpEntityMethodProcessor  : Using 'application/json', given [*/*] and supported [application/json, application/*+json]
2025-10-23T18:24:32.369+07:00 DEBUG 5972 --- [crypto-mock-trading] [           main] o.s.w.s.m.m.a.HttpEntityMethodProcessor  : Writing [{data=[], success=true, requestId=cd02ed7d-bfde-4431-9703-842604efe33c, count=0}]
]]></system-out>
  </testcase>
</testsuite>