<?xml version="1.0" encoding="UTF-8"?>
<testsuite xmlns:xsi="http://www.w3.org/2001/XMLSchema-instance" xsi:noNamespaceSchemaLocation="https://maven.apache.org/surefire/maven-surefire-plugin/xsd/surefire-test-report-3.0.xsd" version="3.0" name="com.example.demo.integration.IdempotencyIntegrationTest" time="10.196" tests="3" errors="0" skipped="0" failures="0">
  <properties>
[...]
</properties>
  <testcase name="placeOrder_WithDifferentIdempotencyKey_ShouldCreateNewOrder" classname="com.example.demo.integration.IdempotencyIntegrationTest" time="0.627">
    <system-out><![CDATA[21:59:07.525 [main] INFO org.springframework.test.context.support.AnnotationConfigContextLoaderUtils -- Could not detect default configuration classes for test class [com.example.demo.integration.IdempotencyIntegrationTest]: IdempotencyIntegrationTest does not declare any static, non-private, non-final, nested classes annotated with @Configuration.
21:59:07.616 [main] INFO org.springframework.boot.test.context.SpringBootTestContextBootstrapper -- Found @SpringBootConfiguration com.example.demo.DemoApplication for test class com.example.demo.integration.IdempotencyIntegrationTest
21:59:07.707 [main] INFO org.testcontainers.images.PullPolicy -- Image pull policy will be performed by: DefaultPullPolicy()
21:59:07.709 [main] INFO org.testcontainers.utility.ImageNameSubstitutor -- Image name substitution will be performed by: DefaultImageNameSubstitutor (composite of 'ConfigurationFileImageNameSubstitutor' and 'PrefixingImageNameSubstitutor')
21:59:07.879 [main] INFO org.testcontainers.dockerclient.DockerClientProviderStrategy -- Loaded org.testcontainers.dockerclient.NpipeSocketClientProviderStrategy from ~/.testcontainers.properties, will try it first
21:59:08.042 [main] INFO org.testcontainers.dockerclient.DockerClientProviderStrategy -- Found Docker environment with local Npipe socket (npipe:////./pipe/docker_engine)
21:59:08.042 [main] INFO org.testcontainers.DockerClientFactory -- Docker host IP address is localhost
21:59:08.057 [main] INFO org.testcontainers.DockerClientFactory -- Connected to docker: 
  Server Version: 28.5.1
  API Version: 1.51
  Operating System: Docker Desktop
  Total Memory: 15897 MB
21:59:08.104 [main] INFO tc.testcontainers/ryuk:0.5.1 -- Creating container for image: testcontainers/ryuk:0.5.1
21:59:08.280 [main] INFO tc.testcontainers/ryuk:0.5.1 -- Container testcontainers/ryuk:0.5.1 is starting: 656dc7cf476ea8e6781d8eade2dc60491a6a57d9d30b2a044f27635fea5c079f
21:59:08.556 [main] INFO tc.testcontainers/ryuk:0.5.1 -- Container testcontainers/ryuk:0.5.1 started in PT0.4520088S
21:59:08.560 [main] INFO org.testcontainers.utility.RyukResourceReaper -- Ryuk started - will monitor and terminate Testcontainers containers on JVM exit
21:59:08.561 [main] INFO org.testcontainers.DockerClientFactory -- Checking the system...
21:59:08.561 [main] INFO org.testcontainers.DockerClientFactory -- ✔︎ Docker server version should be at least 1.6.0
21:59:08.562 [main] INFO tc.redis:7-alpine -- Creating container for image: redis:7-alpine
21:59:08.562 [main] WARN tc.redis:7-alpine -- Reuse was requested but the environment does not support the reuse of containers
To enable reuse of containers, you must set 'testcontainers.reuse.enable=true' in a file located at C:\Users\PC\.testcontainers.properties
21:59:08.616 [main] INFO tc.redis:7-alpine -- Container redis:7-alpine is starting: 2fb618c985a6585851479b8710b527e1a03c6c7c21ea95b13f16d1b556fd24f7
21:59:08.920 [main] INFO tc.redis:7-alpine -- Container redis:7-alpine started in PT0.3583012S
21:59:08.920 [main] INFO tc.postgres:15-alpine -- Creating container for image: postgres:15-alpine
21:59:08.920 [main] WARN tc.postgres:15-alpine -- Reuse was requested but the environment does not support the reuse of containers
To enable reuse of containers, you must set 'testcontainers.reuse.enable=true' in a file located at C:\Users\PC\.testcontainers.properties
21:59:08.989 [main] INFO tc.postgres:15-alpine -- Container postgres:15-alpine is starting: 825bc0ed7b2ec9be00d39755f427e697b88c06c02863a2f3d12d9386d4952bf6
21:59:10.453 [main] INFO tc.postgres:15-alpine -- Container postgres:15-alpine started in PT1.533069S
21:59:10.454 [main] INFO tc.postgres:15-alpine -- Container is started (JDBC URL: jdbc:postgresql://localhost:55611/testdb?loggerLevel=OFF)

  .   ____          _            __ _ _
 /\\ / ___'_ __ _ _(_)_ __  __ _ \ \ \ \
( ( )\___ | '_ | '_| | '_ \/ _` | \ \ \ \
 \\/  ___)| |_)| | | | | || (_| |  ) ) ) )
  '  |____| .__|_| |_|_| |_\__, | / / / /
 =========|_|==============|___/=/_/_/_/

 :: Spring Boot ::                (v3.5.6)

2025-11-23T21:59:10.654+07:00  INFO 57464 --- [crypto-mock-trading] [           main] c.e.d.i.IdempotencyIntegrationTest       : Starting IdempotencyIntegrationTest using Java 24.0.2 with PID 57464 (started by PC in C:\Users\PC\OneDrive\Desktop\Mock_trading\be)
2025-11-23T21:59:10.656+07:00  INFO 57464 --- [crypto-mock-trading] [           main] c.e.d.i.IdempotencyIntegrationTest       : No active profile set, falling back to 1 default profile: "default"
2025-11-23T21:59:11.526+07:00  INFO 57464 --- [crypto-mock-trading] [           main] .s.d.r.c.RepositoryConfigurationDelegate : Multiple Spring Data modules found, entering strict repository configuration mode
2025-11-23T21:59:11.527+07:00  INFO 57464 --- [crypto-mock-trading] [           main] .s.d.r.c.RepositoryConfigurationDelegate : Bootstrapping Spring Data JPA repositories in DEFAULT mode.
2025-11-23T21:59:11.672+07:00  INFO 57464 --- [crypto-mock-trading] [           main] .s.d.r.c.RepositoryConfigurationDelegate : Finished Spring Data repository scanning in 134 ms. Found 17 JPA repository interfaces.
2025-11-23T21:59:11.683+07:00  INFO 57464 --- [crypto-mock-trading] [           main] .s.d.r.c.RepositoryConfigurationDelegate : Multiple Spring Data modules found, entering strict repository configuration mode
2025-11-23T21:59:11.684+07:00  INFO 57464 --- [crypto-mock-trading] [           main] .s.d.r.c.RepositoryConfigurationDelegate : Bootstrapping Spring Data Redis repositories in DEFAULT mode.
2025-11-23T21:59:11.695+07:00  INFO 57464 --- [crypto-mock-trading] [           main] .RepositoryConfigurationExtensionSupport : Spring Data Redis - Could not safely identify store assignment for repository candidate interface com.example.demo.repository.AlertRepository; If you want this repository to be a Redis repository, consider annotating your entities with one of these annotations: org.springframework.data.redis.core.RedisHash (preferred), or consider extending one of the following types with your repository: org.springframework.data.keyvalue.repository.KeyValueRepository
2025-11-23T21:59:11.696+07:00  INFO 57464 --- [crypto-mock-trading] [           main] .RepositoryConfigurationExtensionSupport : Spring Data Redis - Could not safely identify store assignment for repository candidate interface com.example.demo.repository.BacktestRepository; If you want this repository to be a Redis repository, consider annotating your entities with one of these annotations: org.springframework.data.redis.core.RedisHash (preferred), or consider extending one of the following types with your repository: org.springframework.data.keyvalue.repository.KeyValueRepository
2025-11-23T21:59:11.696+07:00  INFO 57464 --- [crypto-mock-trading] [           main] .RepositoryConfigurationExtensionSupport : Spring Data Redis - Could not safely identify store assignment for repository candidate interface com.example.demo.repository.HoldingRepository; If you want this repository to be a Redis repository, consider annotating your entities with one of these annotations: org.springframework.data.redis.core.RedisHash (preferred), or consider extending one of the following types with your repository: org.springframework.data.keyvalue.repository.KeyValueRepository
2025-11-23T21:59:11.696+07:00  INFO 57464 --- [crypto-mock-trading] [           main] .RepositoryConfigurationExtensionSupport : Spring Data Redis - Could not safely identify store assignment for repository candidate interface com.example.demo.repository.IdempotencyKeyRepository; If you want this repository to be a Redis repository, consider annotating your entities with one of these annotations: org.springframework.data.redis.core.RedisHash (preferred), or consider extending one of the following types with your repository: org.springframework.data.keyvalue.repository.KeyValueRepository
2025-11-23T21:59:11.696+07:00  INFO 57464 --- [crypto-mock-trading] [           main] .RepositoryConfigurationExtensionSupport : Spring Data Redis - Could not safely identify store assignment for repository candidate interface com.example.demo.repository.NotificationRepository; If you want this repository to be a Redis repository, consider annotating your entities with one of these annotations: org.springframework.data.redis.core.RedisHash (preferred), or consider extending one of the following types with your repository: org.springframework.data.keyvalue.repository.KeyValueRepository
2025-11-23T21:59:11.697+07:00  INFO 57464 --- [crypto-mock-trading] [           main] .RepositoryConfigurationExtensionSupport : Spring Data Redis - Could not safely identify store assignment for repository candidate interface com.example.demo.repository.OrderRepository; If you want this repository to be a Redis repository, consider annotating your entities with one of these annotations: org.springframework.data.redis.core.RedisHash (preferred), or consider extending one of the following types with your repository: org.springframework.data.keyvalue.repository.KeyValueRepository
2025-11-23T21:59:11.697+07:00  INFO 57464 --- [crypto-mock-trading] [           main] .RepositoryConfigurationExtensionSupport : Spring Data Redis - Could not safely identify store assignment for repository candidate interface com.example.demo.repository.PasswordResetRepository; If you want this repository to be a Redis repository, consider annotating your entities with one of these annotations: org.springframework.data.redis.core.RedisHash (preferred), or consider extending one of the following types with your repository: org.springframework.data.keyvalue.repository.KeyValueRepository
2025-11-23T21:59:11.697+07:00  INFO 57464 --- [crypto-mock-trading] [           main] .RepositoryConfigurationExtensionSupport : Spring Data Redis - Could not safely identify store assignment for repository candidate interface com.example.demo.repository.PortfolioRepository; If you want this repository to be a Redis repository, consider annotating your entities with one of these annotations: org.springframework.data.redis.core.RedisHash (preferred), or consider extending one of the following types with your repository: org.springframework.data.keyvalue.repository.KeyValueRepository
2025-11-23T21:59:11.697+07:00  INFO 57464 --- [crypto-mock-trading] [           main] .RepositoryConfigurationExtensionSupport : Spring Data Redis - Could not safely identify store assignment for repository candidate interface com.example.demo.repository.PriceSnapshotRepository; If you want this repository to be a Redis repository, consider annotating your entities with one of these annotations: org.springframework.data.redis.core.RedisHash (preferred), or consider extending one of the following types with your repository: org.springframework.data.keyvalue.repository.KeyValueRepository
2025-11-23T21:59:11.697+07:00  INFO 57464 --- [crypto-mock-trading] [           main] .RepositoryConfigurationExtensionSupport : Spring Data Redis - Could not safely identify store assignment for repository candidate interface com.example.demo.repository.RefreshTokenRepository; If you want this repository to be a Redis repository, consider annotating your entities with one of these annotations: org.springframework.data.redis.core.RedisHash (preferred), or consider extending one of the following types with your repository: org.springframework.data.keyvalue.repository.KeyValueRepository
2025-11-23T21:59:11.697+07:00  INFO 57464 --- [crypto-mock-trading] [           main] .RepositoryConfigurationExtensionSupport : Spring Data Redis - Could not safely identify store assignment for repository candidate interface com.example.demo.repository.RequestLogRepository; If you want this repository to be a Redis repository, consider annotating your entities with one of these annotations: org.springframework.data.redis.core.RedisHash (preferred), or consider extending one of the following types with your repository: org.springframework.data.keyvalue.repository.KeyValueRepository
2025-11-23T21:59:11.697+07:00  INFO 57464 --- [crypto-mock-trading] [           main] .RepositoryConfigurationExtensionSupport : Spring Data Redis - Could not safely identify store assignment for repository candidate interface com.example.demo.repository.SubscriptionRepository; If you want this repository to be a Redis repository, consider annotating your entities with one of these annotations: org.springframework.data.redis.core.RedisHash (preferred), or consider extending one of the following types with your repository: org.springframework.data.keyvalue.repository.KeyValueRepository
2025-11-23T21:59:11.698+07:00  INFO 57464 --- [crypto-mock-trading] [           main] .RepositoryConfigurationExtensionSupport : Spring Data Redis - Could not safely identify store assignment for repository candidate interface com.example.demo.repository.TradeRepository; If you want this repository to be a Redis repository, consider annotating your entities with one of these annotations: org.springframework.data.redis.core.RedisHash (preferred), or consider extending one of the following types with your repository: org.springframework.data.keyvalue.repository.KeyValueRepository
2025-11-23T21:59:11.698+07:00  INFO 57464 --- [crypto-mock-trading] [           main] .RepositoryConfigurationExtensionSupport : Spring Data Redis - Could not safely identify store assignment for repository candidate interface com.example.demo.repository.UsageMetricRepository; If you want this repository to be a Redis repository, consider annotating your entities with one of these annotations: org.springframework.data.redis.core.RedisHash (preferred), or consider extending one of the following types with your repository: org.springframework.data.keyvalue.repository.KeyValueRepository
2025-11-23T21:59:11.698+07:00  INFO 57464 --- [crypto-mock-trading] [           main] .RepositoryConfigurationExtensionSupport : Spring Data Redis - Could not safely identify store assignment for repository candidate interface com.example.demo.repository.UserRepository; If you want this repository to be a Redis repository, consider annotating your entities with one of these annotations: org.springframework.data.redis.core.RedisHash (preferred), or consider extending one of the following types with your repository: org.springframework.data.keyvalue.repository.KeyValueRepository
2025-11-23T21:59:11.698+07:00  INFO 57464 --- [crypto-mock-trading] [           main] .RepositoryConfigurationExtensionSupport : Spring Data Redis - Could not safely identify store assignment for repository candidate interface com.example.demo.repository.WatchlistItemRepository; If you want this repository to be a Redis repository, consider annotating your entities with one of these annotations: org.springframework.data.redis.core.RedisHash (preferred), or consider extending one of the following types with your repository: org.springframework.data.keyvalue.repository.KeyValueRepository
2025-11-23T21:59:11.698+07:00  INFO 57464 --- [crypto-mock-trading] [           main] .RepositoryConfigurationExtensionSupport : Spring Data Redis - Could not safely identify store assignment for repository candidate interface com.example.demo.repository.WatchlistRepository; If you want this repository to be a Redis repository, consider annotating your entities with one of these annotations: org.springframework.data.redis.core.RedisHash (preferred), or consider extending one of the following types with your repository: org.springframework.data.keyvalue.repository.KeyValueRepository
2025-11-23T21:59:11.698+07:00  INFO 57464 --- [crypto-mock-trading] [           main] .s.d.r.c.RepositoryConfigurationDelegate : Finished Spring Data repository scanning in 8 ms. Found 0 Redis repository interfaces.
2025-11-23T21:59:12.293+07:00  INFO 57464 --- [crypto-mock-trading] [           main] o.hibernate.jpa.internal.util.LogHelper  : HHH000204: Processing PersistenceUnitInfo [name: default]
2025-11-23T21:59:12.368+07:00  INFO 57464 --- [crypto-mock-trading] [           main] org.hibernate.Version                    : HHH000412: Hibernate ORM core version 6.6.29.Final
2025-11-23T21:59:12.390+07:00  INFO 57464 --- [crypto-mock-trading] [           main] o.h.c.internal.RegionFactoryInitiator    : HHH000026: Second-level cache disabled
2025-11-23T21:59:12.444+07:00  INFO 57464 --- [crypto-mock-trading] [           main] com.zaxxer.hikari.HikariDataSource       : HikariPool-1 - Starting...
2025-11-23T21:59:12.535+07:00  INFO 57464 --- [crypto-mock-trading] [           main] com.zaxxer.hikari.pool.HikariPool        : HikariPool-1 - Added connection org.postgresql.jdbc.PgConnection@3777fc44
2025-11-23T21:59:12.536+07:00  INFO 57464 --- [crypto-mock-trading] [           main] com.zaxxer.hikari.HikariDataSource       : HikariPool-1 - Start completed.
2025-11-23T21:59:12.553+07:00  WARN 57464 --- [crypto-mock-trading] [           main] org.hibernate.orm.deprecation            : HHH90000025: PostgreSQLDialect does not need to be specified explicitly using 'hibernate.dialect' (remove the property setting and it will be selected by default)
2025-11-23T21:59:12.565+07:00  INFO 57464 --- [crypto-mock-trading] [           main] org.hibernate.orm.connections.pooling    : HHH10001005: Database info:
	Database JDBC URL [Connecting through datasource 'HikariDataSource (HikariPool-1)']
	Database driver: undefined/unknown
	Database version: 15.14
	Autocommit mode: undefined/unknown
	Isolation level: undefined/unknown
	Minimum pool size: undefined/unknown
	Maximum pool size: undefined/unknown
2025-11-23T21:59:12.697+07:00  INFO 57464 --- [crypto-mock-trading] [           main] o.s.o.j.p.SpringPersistenceUnitInfo      : No LoadTimeWeaver setup: ignoring JPA class transformer
2025-11-23T21:59:13.489+07:00  INFO 57464 --- [crypto-mock-trading] [           main] o.h.e.t.j.p.i.JtaPlatformInitiator       : HHH000489: No JTA platform available (set 'hibernate.transaction.jta.platform' to enable JTA platform integration)
Hibernate: 
    set client_min_messages = WARNING
Hibernate: 
    drop table if exists alerts cascade
Hibernate: 
    drop table if exists backtests cascade
Hibernate: 
    drop table if exists holdings cascade
Hibernate: 
    drop table if exists idempotency_keys cascade
Hibernate: 
    drop table if exists notifications cascade
Hibernate: 
    drop table if exists orders cascade
Hibernate: 
    drop table if exists password_resets cascade
Hibernate: 
    drop table if exists portfolios cascade
Hibernate: 
    drop table if exists price_snapshots cascade
Hibernate: 
    drop table if exists refresh_tokens cascade
Hibernate: 
    drop table if exists request_logs cascade
Hibernate: 
    drop table if exists subscriptions cascade
Hibernate: 
    drop table if exists trades cascade
Hibernate: 
    drop table if exists usage_metrics cascade
Hibernate: 
    drop table if exists users cascade
Hibernate: 
    drop table if exists watchlist_items cascade
Hibernate: 
    drop table if exists watchlists cascade
Hibernate: 
    create table alerts (
        active boolean not null,
        threshold numeric(19,8) not null,
        created_at timestamp(6) with time zone not null,
        id bigint generated by default as identity,
        triggered_at timestamp(6) with time zone,
        user_id uuid not null,
        direction varchar(255) not null check (direction in ('ABOVE','BELOW')),
        symbol varchar(255) not null,
        primary key (id)
    )
Hibernate: 
    create table backtests (
        data_points integer,
        final_balance numeric(18,8),
        initial_balance numeric(18,8),
        max_drawdown numeric(10,4),
        net_return numeric(18,8),
        return_percent numeric(10,4),
        total_trades integer,
        win_rate numeric(5,2),
        winning_trades integer,
        created_at timestamp(6) with time zone not null,
        end_time timestamp(6) with time zone not null,
        start_time timestamp(6) with time zone not null,
        id uuid not null,
        user_id uuid,
        symbol varchar(20) not null,
        strategy_type varchar(50) not null,
        strategy_params json,
        primary key (id)
    )
Hibernate: 
    create table holdings (
        average_cost numeric(18,8),
        market_value numeric(18,8),
        quantity numeric(18,8) not null,
        total_cost numeric(18,8),
        unrealized_pnl numeric(18,8),
        created_at timestamp(6) with time zone not null,
        id bigint generated by default as identity,
        updated_at timestamp(6) with time zone not null,
        user_id uuid not null,
        symbol varchar(255) not null,
        primary key (id),
        unique (user_id, symbol)
    )
Hibernate: 
    create table idempotency_keys (
        status_code integer,
        created_at timestamp(6) with time zone not null,
        expires_at timestamp(6) with time zone,
        id uuid not null,
        user_id uuid,
        endpoint varchar(255),
        key varchar(255) not null unique,
        response_body jsonb,
        primary key (id)
    )
Hibernate: 
    create table notifications (
        is_read boolean not null,
        created_at timestamp(6) with time zone not null,
        id bigint generated by default as identity,
        user_id uuid not null,
        message varchar(2000) not null,
        title varchar(255) not null,
        type varchar(255) not null check (type in ('ALERT_TRIGGERED')),
        primary key (id)
    )
Hibernate: 
    create table orders (
        average_price numeric(18,8),
        commission numeric(18,8),
        filled_quantity numeric(18,8),
        price numeric(18,8),
        quantity numeric(18,8) not null,
        total_amount numeric(18,8),
        created_at timestamp(6) with time zone not null,
        id bigint generated by default as identity,
        updated_at timestamp(6) with time zone,
        order_id uuid not null unique,
        user_id uuid not null,
        side varchar(255) not null check (side in ('BUY','SELL')),
        status varchar(255) not null check (status in ('PENDING','FILLED','PARTIALLY_FILLED','CANCELLED','REJECTED')),
        symbol varchar(255) not null,
        type varchar(255) not null check (type in ('MARKET','LIMIT','STOP_LOSS','TAKE_PROFIT')),
        primary key (id)
    )
Hibernate: 
    create table password_resets (
        used boolean not null,
        created_at timestamp(6) with time zone not null,
        expires_at timestamp(6) with time zone not null,
        id uuid not null,
        user_id uuid not null,
        token varchar(255) not null unique,
        primary key (id)
    )
Hibernate: 
    create table portfolios (
        total_invested numeric(18,8),
        total_market_value numeric(18,8),
        total_pnl numeric(18,8),
        total_pnl_percentage numeric(5,2),
        virtual_balance numeric(18,8) not null,
        created_at timestamp(6) with time zone not null,
        id bigint generated by default as identity,
        updated_at timestamp(6) with time zone not null,
        user_id uuid not null unique,
        primary key (id)
    )
Hibernate: 
    create table price_snapshots (
        close numeric(20,8),
        high numeric(20,8),
        low numeric(20,8),
        open numeric(20,8),
        volume numeric(20,8),
        id bigint generated by default as identity,
        timestamp timestamp(6) with time zone not null,
        coin_symbol varchar(20) not null,
        raw_meta json,
        primary key (id)
    )
Hibernate: 
    create table refresh_tokens (
        revoked boolean not null,
        created_at timestamp(6) with time zone not null,
        expires_at timestamp(6) with time zone not null,
        id uuid not null,
        user_id uuid not null,
        token varchar(512) not null unique,
        primary key (id)
    )
Hibernate: 
    create table request_logs (
        cached boolean not null,
        status_code integer,
        created_at timestamp(6) with time zone not null,
        latency_ms bigint,
        id uuid not null,
        request_id uuid not null unique,
        user_id uuid,
        endpoint varchar(255) not null,
        provider varchar(255),
        normalized_params json,
        provider_meta json,
        primary key (id)
    )
Hibernate: 
    create table subscriptions (
        created_at timestamp(6) with time zone not null,
        current_period_end timestamp(6) with time zone,
        id bigint generated by default as identity,
        user_id uuid not null,
        plan_id varchar(50) not null,
        stripe_customer_id varchar(100),
        stripe_subscription_id varchar(100),
        status varchar(255) not null check (status in ('ACTIVE','CANCELED','PAST_DUE','INCOMPLETE','INCOMPLETE_EXPIRED','TRIALING','UNPAID')),
        primary key (id)
    )
Hibernate: 
    create table trades (
        commission numeric(18,8),
        price numeric(18,8) not null,
        quantity numeric(18,8) not null,
        total_amount numeric(18,8) not null,
        executed_at timestamp(6) with time zone not null,
        id bigint generated by default as identity,
        order_id bigint not null,
        trade_id uuid not null unique,
        user_id uuid not null,
        side varchar(255) not null check (side in ('BUY','SELL')),
        symbol varchar(255) not null,
        primary key (id)
    )
Hibernate: 
    create table usage_metrics (
        amount integer not null,
        created_at timestamp(6) with time zone not null,
        id bigint generated by default as identity,
        user_id uuid,
        metric_key varchar(100) not null,
        metadata varchar(500),
        primary key (id)
    )
Hibernate: 
    create table users (
        email_verified boolean not null,
        enabled boolean not null,
        created_at timestamp(6) with time zone not null,
        id uuid not null,
        email varchar(255) not null unique,
        full_name varchar(255) not null,
        password_hash varchar(255) not null,
        role varchar(255) not null,
        primary key (id)
    )
Hibernate: 
    create table watchlist_items (
        created_at timestamp(6) with time zone not null,
        id bigint generated by default as identity,
        watchlist_id bigint not null,
        symbol varchar(255) not null,
        primary key (id),
        constraint idx_watchlist_symbol unique (watchlist_id, symbol)
    )
Hibernate: 
    create table watchlists (
        created_at timestamp(6) with time zone not null,
        id bigint generated by default as identity,
        updated_at timestamp(6) with time zone,
        user_id uuid not null unique,
        primary key (id)
    )
Hibernate: 
    create index idx_alert_user_symbol_active 
       on alerts (user_id, symbol, active)
Hibernate: 
    create index idx_idempotency_user 
       on idempotency_keys (user_id)
Hibernate: 
    create index idx_notification_user_created 
       on notifications (user_id, created_at)
Hibernate: 
    create index idx_password_resets_user 
       on password_resets (user_id)
Hibernate: 
    create index idx_refresh_user 
       on refresh_tokens (user_id)
Hibernate: 
    create index idx_metric_key 
       on usage_metrics (metric_key)
Hibernate: 
    create index idx_user_id 
       on usage_metrics (user_id)
Hibernate: 
    create index idx_created_at 
       on usage_metrics (created_at)
Hibernate: 
    create index idx_metric_user 
       on usage_metrics (metric_key, user_id)
2025-11-23T21:59:13.562+07:00  INFO 57464 --- [crypto-mock-trading] [           main] j.LocalContainerEntityManagerFactoryBean : Initialized JPA EntityManagerFactory for persistence unit 'default'
2025-11-23T21:59:14.263+07:00  INFO 57464 --- [crypto-mock-trading] [           main] o.s.d.j.r.query.QueryEnhancerFactory     : Hibernate is in classpath; If applicable, HQL parser will be used.
2025-11-23T21:59:15.383+07:00  WARN 57464 --- [crypto-mock-trading] [           main] JpaBaseConfiguration$JpaWebConfiguration : spring.jpa.open-in-view is enabled by default. Therefore, database queries may be performed during view rendering. Explicitly configure spring.jpa.open-in-view to disable this warning
2025-11-23T21:59:15.619+07:00  INFO 57464 --- [crypto-mock-trading] [           main] o.s.b.a.e.web.EndpointLinksResolver      : Exposing 3 endpoints beneath base path '/actuator'
2025-11-23T21:59:15.660+07:00  WARN 57464 --- [crypto-mock-trading] [           main] .s.s.UserDetailsServiceAutoConfiguration : 

Using generated security password: 3225debf-49df-45fd-af08-aceabe26f621

This generated password is for development use only. Your security configuration must be updated before running your application in production.

2025-11-23T21:59:15.669+07:00  INFO 57464 --- [crypto-mock-trading] [           main] r$InitializeUserDetailsManagerConfigurer : Global AuthenticationManager configured with UserDetailsService bean with name inMemoryUserDetailsManager
2025-11-23T21:59:16.074+07:00  INFO 57464 --- [crypto-mock-trading] [           main] o.s.b.t.m.w.SpringBootMockServletContext : Initializing Spring TestDispatcherServlet ''
2025-11-23T21:59:16.074+07:00  INFO 57464 --- [crypto-mock-trading] [           main] o.s.t.web.servlet.TestDispatcherServlet  : Initializing Servlet ''
2025-11-23T21:59:16.074+07:00  INFO 57464 --- [crypto-mock-trading] [           main] o.s.t.web.servlet.TestDispatcherServlet  : Completed initialization in 0 ms
2025-11-23T21:59:16.117+07:00  INFO 57464 --- [crypto-mock-trading] [           main] c.e.d.i.IdempotencyIntegrationTest       : Started IdempotencyIntegrationTest in 5.636 seconds (process running for 9.063)
Hibernate: 
    select
        a1_0.id,
        a1_0.active,
        a1_0.created_at,
        a1_0.direction,
        a1_0.symbol,
        a1_0.threshold,
        a1_0.triggered_at,
        a1_0.user_id 
    from
        alerts a1_0 
    where
        a1_0.active
Hibernate: 
    select
        o1_0.id,
        o1_0.average_price,
        o1_0.commission,
        o1_0.created_at,
        o1_0.filled_quantity,
        o1_0.order_id,
        o1_0.price,
        o1_0.quantity,
        o1_0.side,
        o1_0.status,
        o1_0.symbol,
        o1_0.total_amount,
        o1_0.type,
        o1_0.updated_at,
        o1_0.user_id 
    from
        orders o1_0 
    where
        o1_0.status=? 
    order by
        o1_0.created_at
Hibernate: 
    select
        o1_0.id,
        o1_0.average_price,
        o1_0.commission,
        o1_0.created_at,
        o1_0.filled_quantity,
        o1_0.order_id,
        o1_0.price,
        o1_0.quantity,
        o1_0.side,
        o1_0.status,
        o1_0.symbol,
        o1_0.total_amount,
        o1_0.type,
        o1_0.updated_at,
        o1_0.user_id 
    from
        orders o1_0
Hibernate: 
    select
        ik1_0.id,
        ik1_0.created_at,
        ik1_0.endpoint,
        ik1_0.expires_at,
        ik1_0.key,
        ik1_0.response_body,
        ik1_0.status_code,
        ik1_0.user_id 
    from
        idempotency_keys ik1_0
Hibernate: 
    select
        ps1_0.id,
        ps1_0.close,
        ps1_0.coin_symbol,
        ps1_0.high,
        ps1_0.low,
        ps1_0.open,
        ps1_0.raw_meta,
        ps1_0.timestamp,
        ps1_0.volume 
    from
        price_snapshots ps1_0
Hibernate: 
    select
        p1_0.id,
        p1_0.created_at,
        p1_0.total_invested,
        p1_0.total_market_value,
        p1_0.total_pnl,
        p1_0.total_pnl_percentage,
        p1_0.updated_at,
        p1_0.user_id,
        p1_0.virtual_balance 
    from
        portfolios p1_0
Hibernate: 
    select
        s1_0.id,
        s1_0.created_at,
        s1_0.current_period_end,
        s1_0.plan_id,
        s1_0.status,
        s1_0.stripe_customer_id,
        s1_0.stripe_subscription_id,
        s1_0.user_id 
    from
        subscriptions s1_0
Hibernate: 
    select
        u1_0.id,
        u1_0.created_at,
        u1_0.email,
        u1_0.email_verified,
        u1_0.enabled,
        u1_0.full_name,
        u1_0.password_hash,
        u1_0.role 
    from
        users u1_0
Hibernate: 
    insert 
    into
        users
        (created_at, email, email_verified, enabled, full_name, password_hash, role, id) 
    values
        (?, ?, ?, ?, ?, ?, ?, ?)
Hibernate: 
    insert 
    into
        subscriptions
        (created_at, current_period_end, plan_id, status, stripe_customer_id, stripe_subscription_id, user_id) 
    values
        (?, ?, ?, ?, ?, ?, ?)
Hibernate: 
    insert 
    into
        portfolios
        (created_at, total_invested, total_market_value, total_pnl, total_pnl_percentage, updated_at, user_id, virtual_balance) 
    values
        (?, ?, ?, ?, ?, ?, ?, ?)
Hibernate: 
    insert 
    into
        price_snapshots
        (close, coin_symbol, high, low, open, raw_meta, timestamp, volume) 
    values
        (?, ?, ?, ?, ?, ?, ?, ?)
Hibernate: 
    select
        u1_0.id,
        u1_0.created_at,
        u1_0.email,
        u1_0.email_verified,
        u1_0.enabled,
        u1_0.full_name,
        u1_0.password_hash,
        u1_0.role 
    from
        users u1_0 
    where
        u1_0.email=?
Hibernate: 
    select
        u1_0.id,
        u1_0.created_at,
        u1_0.email,
        u1_0.email_verified,
        u1_0.enabled,
        u1_0.full_name,
        u1_0.password_hash,
        u1_0.role 
    from
        users u1_0 
    where
        u1_0.email=?
Hibernate: 
    select
        ik1_0.id,
        ik1_0.created_at,
        ik1_0.endpoint,
        ik1_0.expires_at,
        ik1_0.key,
        ik1_0.response_body,
        ik1_0.status_code,
        ik1_0.user_id 
    from
        idempotency_keys ik1_0 
    where
        ik1_0.key=?
Hibernate: 
    select
        u1_0.id,
        u1_0.created_at,
        u1_0.email,
        u1_0.email_verified,
        u1_0.enabled,
        u1_0.full_name,
        u1_0.password_hash,
        u1_0.role 
    from
        users u1_0 
    where
        u1_0.email=?
Hibernate: 
    insert 
    into
        request_logs
        (cached, created_at, endpoint, latency_ms, normalized_params, provider, provider_meta, request_id, status_code, user_id, id) 
    values
        (?, ?, ?, ?, ?, ?, ?, ?, ?, ?, ?)
Hibernate: 
    select
        s1_0.id,
        s1_0.created_at,
        s1_0.current_period_end,
        s1_0.plan_id,
        s1_0.status,
        s1_0.stripe_customer_id,
        s1_0.stripe_subscription_id,
        s1_0.user_id 
    from
        subscriptions s1_0 
    where
        s1_0.user_id=? 
        and s1_0.status='ACTIVE' 
        and (
            s1_0.current_period_end is null 
            or s1_0.current_period_end>?
        )
2025-11-23T21:59:16.650+07:00  INFO 57464 --- [crypto-mock-trading] [           main] com.example.demo.service.OrderService    : Placing market order for user 72379b30-8667-4f80-a1e3-44085725a70f: BUY 0.001 BTCUSDT
Hibernate: 
    select
        ps1_0.id,
        ps1_0.close,
        ps1_0.coin_symbol,
        ps1_0.high,
        ps1_0.low,
        ps1_0.open,
        ps1_0.raw_meta,
        ps1_0.timestamp,
        ps1_0.volume 
    from
        price_snapshots ps1_0 
    where
        ps1_0.coin_symbol=? 
    order by
        ps1_0.timestamp desc 
    fetch
        first ? rows only
Hibernate: 
    select
        p1_0.id,
        p1_0.created_at,
        p1_0.total_invested,
        p1_0.total_market_value,
        p1_0.total_pnl,
        p1_0.total_pnl_percentage,
        p1_0.updated_at,
        p1_0.user_id,
        p1_0.virtual_balance 
    from
        portfolios p1_0 
    where
        p1_0.user_id=?
Hibernate: 
    insert 
    into
        orders
        (average_price, commission, created_at, filled_quantity, order_id, price, quantity, side, status, symbol, total_amount, type, updated_at, user_id) 
    values
        (?, ?, ?, ?, ?, ?, ?, ?, ?, ?, ?, ?, ?, ?)
Hibernate: 
    insert 
    into
        trades
        (commission, executed_at, order_id, price, quantity, side, symbol, total_amount, trade_id, user_id) 
    values
        (?, ?, ?, ?, ?, ?, ?, ?, ?, ?)
Hibernate: 
    select
        h1_0.id,
        h1_0.average_cost,
        h1_0.created_at,
        h1_0.market_value,
        h1_0.quantity,
        h1_0.symbol,
        h1_0.total_cost,
        h1_0.unrealized_pnl,
        h1_0.updated_at,
        h1_0.user_id 
    from
        holdings h1_0 
    where
        h1_0.user_id=? 
        and h1_0.symbol=?
Hibernate: 
    select
        ps1_0.id,
        ps1_0.close,
        ps1_0.coin_symbol,
        ps1_0.high,
        ps1_0.low,
        ps1_0.open,
        ps1_0.raw_meta,
        ps1_0.timestamp,
        ps1_0.volume 
    from
        price_snapshots ps1_0 
    where
        ps1_0.coin_symbol=? 
    order by
        ps1_0.timestamp desc 
    fetch
        first ? rows only
Hibernate: 
    insert 
    into
        holdings
        (average_cost, created_at, market_value, quantity, symbol, total_cost, unrealized_pnl, updated_at, user_id) 
    values
        (?, ?, ?, ?, ?, ?, ?, ?, ?)
Hibernate: 
    select
        p1_0.id,
        p1_0.created_at,
        p1_0.total_invested,
        p1_0.total_market_value,
        p1_0.total_pnl,
        p1_0.total_pnl_percentage,
        p1_0.updated_at,
        p1_0.user_id,
        p1_0.virtual_balance 
    from
        portfolios p1_0 
    where
        p1_0.user_id=?
Hibernate: 
    update
        portfolios 
    set
        created_at=?,
        total_invested=?,
        total_market_value=?,
        total_pnl=?,
        total_pnl_percentage=?,
        updated_at=?,
        user_id=?,
        virtual_balance=? 
    where
        id=?
Hibernate: 
    select
        p1_0.id,
        p1_0.created_at,
        p1_0.total_invested,
        p1_0.total_market_value,
        p1_0.total_pnl,
        p1_0.total_pnl_percentage,
        p1_0.updated_at,
        p1_0.user_id,
        p1_0.virtual_balance 
    from
        portfolios p1_0 
    where
        p1_0.user_id=?
Hibernate: 
    select
        h1_0.id,
        h1_0.average_cost,
        h1_0.created_at,
        h1_0.market_value,
        h1_0.quantity,
        h1_0.symbol,
        h1_0.total_cost,
        h1_0.unrealized_pnl,
        h1_0.updated_at,
        h1_0.user_id 
    from
        holdings h1_0 
    where
        h1_0.user_id=? 
    order by
        h1_0.symbol
Hibernate: 
    select
        ps1_0.id,
        ps1_0.close,
        ps1_0.coin_symbol,
        ps1_0.high,
        ps1_0.low,
        ps1_0.open,
        ps1_0.raw_meta,
        ps1_0.timestamp,
        ps1_0.volume 
    from
        price_snapshots ps1_0 
    where
        ps1_0.coin_symbol=? 
    order by
        ps1_0.timestamp desc 
    fetch
        first ? rows only
2025-11-23T21:59:16.689+07:00  INFO 57464 --- [crypto-mock-trading] [           main] com.example.demo.service.OrderService    : Successfully placed market order 8a535a7c-411a-4752-a6d5-04ae847dd122 for user 72379b30-8667-4f80-a1e3-44085725a70f
Hibernate: 
    update
        portfolios 
    set
        created_at=?,
        total_invested=?,
        total_market_value=?,
        total_pnl=?,
        total_pnl_percentage=?,
        updated_at=?,
        user_id=?,
        virtual_balance=? 
    where
        id=?
Hibernate: 
    update
        holdings 
    set
        average_cost=?,
        created_at=?,
        market_value=?,
        quantity=?,
        symbol=?,
        total_cost=?,
        unrealized_pnl=?,
        updated_at=?,
        user_id=? 
    where
        id=?
2025-11-23T21:59:16.693+07:00  INFO 57464 --- [crypto-mock-trading] [           main] c.e.demo.controller.OrderController      : Order placed successfully for user 72379b30-8667-4f80-a1e3-44085725a70f: 8a535a7c-411a-4752-a6d5-04ae847dd122
Hibernate: 
    select
        rl1_0.id,
        rl1_0.cached,
        rl1_0.created_at,
        rl1_0.endpoint,
        rl1_0.latency_ms,
        rl1_0.normalized_params,
        rl1_0.provider,
        rl1_0.provider_meta,
        rl1_0.request_id,
        rl1_0.status_code,
        rl1_0.user_id 
    from
        request_logs rl1_0 
    where
        rl1_0.request_id=?
Hibernate: 
    update
        request_logs 
    set
        cached=?,
        endpoint=?,
        latency_ms=?,
        normalized_params=?,
        provider=?,
        provider_meta=?,
        request_id=?,
        status_code=?,
        user_id=? 
    where
        id=?
Hibernate: 
    insert 
    into
        idempotency_keys
        (created_at, endpoint, expires_at, key, response_body, status_code, user_id, id) 
    values
        (?, ?, ?, ?, ?, ?, ?, ?)
Hibernate: 
    select
        u1_0.id,
        u1_0.created_at,
        u1_0.email,
        u1_0.email_verified,
        u1_0.enabled,
        u1_0.full_name,
        u1_0.password_hash,
        u1_0.role 
    from
        users u1_0 
    where
        u1_0.email=?
Hibernate: 
    select
        u1_0.id,
        u1_0.created_at,
        u1_0.email,
        u1_0.email_verified,
        u1_0.enabled,
        u1_0.full_name,
        u1_0.password_hash,
        u1_0.role 
    from
        users u1_0 
    where
        u1_0.email=?
Hibernate: 
    select
        ik1_0.id,
        ik1_0.created_at,
        ik1_0.endpoint,
        ik1_0.expires_at,
        ik1_0.key,
        ik1_0.response_body,
        ik1_0.status_code,
        ik1_0.user_id 
    from
        idempotency_keys ik1_0 
    where
        ik1_0.key=?
Hibernate: 
    select
        u1_0.id,
        u1_0.created_at,
        u1_0.email,
        u1_0.email_verified,
        u1_0.enabled,
        u1_0.full_name,
        u1_0.password_hash,
        u1_0.role 
    from
        users u1_0 
    where
        u1_0.email=?
Hibernate: 
    insert 
    into
        request_logs
        (cached, created_at, endpoint, latency_ms, normalized_params, provider, provider_meta, request_id, status_code, user_id, id) 
    values
        (?, ?, ?, ?, ?, ?, ?, ?, ?, ?, ?)
Hibernate: 
    select
        s1_0.id,
        s1_0.created_at,
        s1_0.current_period_end,
        s1_0.plan_id,
        s1_0.status,
        s1_0.stripe_customer_id,
        s1_0.stripe_subscription_id,
        s1_0.user_id 
    from
        subscriptions s1_0 
    where
        s1_0.user_id=? 
        and s1_0.status='ACTIVE' 
        and (
            s1_0.current_period_end is null 
            or s1_0.current_period_end>?
        )
2025-11-23T21:59:16.735+07:00  INFO 57464 --- [crypto-mock-trading] [           main] com.example.demo.service.OrderService    : Placing market order for user 72379b30-8667-4f80-a1e3-44085725a70f: BUY 0.001 BTCUSDT
Hibernate: 
    select
        ps1_0.id,
        ps1_0.close,
        ps1_0.coin_symbol,
        ps1_0.high,
        ps1_0.low,
        ps1_0.open,
        ps1_0.raw_meta,
        ps1_0.timestamp,
        ps1_0.volume 
    from
        price_snapshots ps1_0 
    where
        ps1_0.coin_symbol=? 
    order by
        ps1_0.timestamp desc 
    fetch
        first ? rows only
Hibernate: 
    select
        p1_0.id,
        p1_0.created_at,
        p1_0.total_invested,
        p1_0.total_market_value,
        p1_0.total_pnl,
        p1_0.total_pnl_percentage,
        p1_0.updated_at,
        p1_0.user_id,
        p1_0.virtual_balance 
    from
        portfolios p1_0 
    where
        p1_0.user_id=?
Hibernate: 
    insert 
    into
        orders
        (average_price, commission, created_at, filled_quantity, order_id, price, quantity, side, status, symbol, total_amount, type, updated_at, user_id) 
    values
        (?, ?, ?, ?, ?, ?, ?, ?, ?, ?, ?, ?, ?, ?)
Hibernate: 
    insert 
    into
        trades
        (commission, executed_at, order_id, price, quantity, side, symbol, total_amount, trade_id, user_id) 
    values
        (?, ?, ?, ?, ?, ?, ?, ?, ?, ?)
Hibernate: 
    select
        h1_0.id,
        h1_0.average_cost,
        h1_0.created_at,
        h1_0.market_value,
        h1_0.quantity,
        h1_0.symbol,
        h1_0.total_cost,
        h1_0.unrealized_pnl,
        h1_0.updated_at,
        h1_0.user_id 
    from
        holdings h1_0 
    where
        h1_0.user_id=? 
        and h1_0.symbol=?
Hibernate: 
    select
        ps1_0.id,
        ps1_0.close,
        ps1_0.coin_symbol,
        ps1_0.high,
        ps1_0.low,
        ps1_0.open,
        ps1_0.raw_meta,
        ps1_0.timestamp,
        ps1_0.volume 
    from
        price_snapshots ps1_0 
    where
        ps1_0.coin_symbol=? 
    order by
        ps1_0.timestamp desc 
    fetch
        first ? rows only
Hibernate: 
    select
        p1_0.id,
        p1_0.created_at,
        p1_0.total_invested,
        p1_0.total_market_value,
        p1_0.total_pnl,
        p1_0.total_pnl_percentage,
        p1_0.updated_at,
        p1_0.user_id,
        p1_0.virtual_balance 
    from
        portfolios p1_0 
    where
        p1_0.user_id=?
Hibernate: 
    update
        portfolios 
    set
        created_at=?,
        total_invested=?,
        total_market_value=?,
        total_pnl=?,
        total_pnl_percentage=?,
        updated_at=?,
        user_id=?,
        virtual_balance=? 
    where
        id=?
Hibernate: 
    update
        holdings 
    set
        average_cost=?,
        created_at=?,
        market_value=?,
        quantity=?,
        symbol=?,
        total_cost=?,
        unrealized_pnl=?,
        updated_at=?,
        user_id=? 
    where
        id=?
Hibernate: 
    select
        p1_0.id,
        p1_0.created_at,
        p1_0.total_invested,
        p1_0.total_market_value,
        p1_0.total_pnl,
        p1_0.total_pnl_percentage,
        p1_0.updated_at,
        p1_0.user_id,
        p1_0.virtual_balance 
    from
        portfolios p1_0 
    where
        p1_0.user_id=?
Hibernate: 
    select
        h1_0.id,
        h1_0.average_cost,
        h1_0.created_at,
        h1_0.market_value,
        h1_0.quantity,
        h1_0.symbol,
        h1_0.total_cost,
        h1_0.unrealized_pnl,
        h1_0.updated_at,
        h1_0.user_id 
    from
        holdings h1_0 
    where
        h1_0.user_id=? 
    order by
        h1_0.symbol
Hibernate: 
    select
        ps1_0.id,
        ps1_0.close,
        ps1_0.coin_symbol,
        ps1_0.high,
        ps1_0.low,
        ps1_0.open,
        ps1_0.raw_meta,
        ps1_0.timestamp,
        ps1_0.volume 
    from
        price_snapshots ps1_0 
    where
        ps1_0.coin_symbol=? 
    order by
        ps1_0.timestamp desc 
    fetch
        first ? rows only
2025-11-23T21:59:16.753+07:00  INFO 57464 --- [crypto-mock-trading] [           main] com.example.demo.service.OrderService    : Successfully placed market order 8428061a-4bb9-436d-9218-cb3eb9f28dff for user 72379b30-8667-4f80-a1e3-44085725a70f
Hibernate: 
    update
        portfolios 
    set
        created_at=?,
        total_invested=?,
        total_market_value=?,
        total_pnl=?,
        total_pnl_percentage=?,
        updated_at=?,
        user_id=?,
        virtual_balance=? 
    where
        id=?
Hibernate: 
    update
        holdings 
    set
        average_cost=?,
        created_at=?,
        market_value=?,
        quantity=?,
        symbol=?,
        total_cost=?,
        unrealized_pnl=?,
        updated_at=?,
        user_id=? 
    where
        id=?
2025-11-23T21:59:16.756+07:00  INFO 57464 --- [crypto-mock-trading] [           main] c.e.demo.controller.OrderController      : Order placed successfully for user 72379b30-8667-4f80-a1e3-44085725a70f: 8428061a-4bb9-436d-9218-cb3eb9f28dff
Hibernate: 
    select
        rl1_0.id,
        rl1_0.cached,
        rl1_0.created_at,
        rl1_0.endpoint,
        rl1_0.latency_ms,
        rl1_0.normalized_params,
        rl1_0.provider,
        rl1_0.provider_meta,
        rl1_0.request_id,
        rl1_0.status_code,
        rl1_0.user_id 
    from
        request_logs rl1_0 
    where
        rl1_0.request_id=?
Hibernate: 
    update
        request_logs 
    set
        cached=?,
        endpoint=?,
        latency_ms=?,
        normalized_params=?,
        provider=?,
        provider_meta=?,
        request_id=?,
        status_code=?,
        user_id=? 
    where
        id=?
Hibernate: 
    insert 
    into
        idempotency_keys
        (created_at, endpoint, expires_at, key, response_body, status_code, user_id, id) 
    values
        (?, ?, ?, ?, ?, ?, ?, ?)
Hibernate: 
    select
        count(*) 
    from
        orders o1_0
]]></system-out>
    <system-err><![CDATA[Mockito is currently self-attaching to enable the inline-mock-maker. This will no longer work in future releases of the JDK. Please add Mockito as an agent to your build as described in Mockito's documentation: https://javadoc.io/doc/org.mockito/mockito-core/latest/org.mockito/org/mockito/Mockito.html#0.3
WARNING: A Java agent has been loaded dynamically (C:\Users\PC\.m2\repository\net\bytebuddy\byte-buddy-agent\1.17.7\byte-buddy-agent-1.17.7.jar)
WARNING: If a serviceability tool is in use, please run with -XX:+EnableDynamicAgentLoading to hide this warning
WARNING: If a serviceability tool is not in use, please run with -Djdk.instrument.traceUsage for more information
WARNING: Dynamic loading of agents will be disallowed by default in a future release
]]></system-err>
  </testcase>
  <testcase name="placeOrder_WithoutIdempotencyKey_ShouldCreateNewOrder" classname="com.example.demo.integration.IdempotencyIntegrationTest" time="0.141">
    <system-out><![CDATA[Hibernate: 
    select
        o1_0.id,
        o1_0.average_price,
        o1_0.commission,
        o1_0.created_at,
        o1_0.filled_quantity,
        o1_0.order_id,
        o1_0.price,
        o1_0.quantity,
        o1_0.side,
        o1_0.status,
        o1_0.symbol,
        o1_0.total_amount,
        o1_0.type,
        o1_0.updated_at,
        o1_0.user_id 
    from
        orders o1_0
Hibernate: 
    delete 
    from
        orders 
    where
        id=?
Hibernate: 
    delete 
    from
        orders 
    where
        id=?
Hibernate: 
    select
        ik1_0.id,
        ik1_0.created_at,
        ik1_0.endpoint,
        ik1_0.expires_at,
        ik1_0.key,
        ik1_0.response_body,
        ik1_0.status_code,
        ik1_0.user_id 
    from
        idempotency_keys ik1_0
Hibernate: 
    delete 
    from
        idempotency_keys 
    where
        id=?
Hibernate: 
    delete 
    from
        idempotency_keys 
    where
        id=?
Hibernate: 
    select
        ps1_0.id,
        ps1_0.close,
        ps1_0.coin_symbol,
        ps1_0.high,
        ps1_0.low,
        ps1_0.open,
        ps1_0.raw_meta,
        ps1_0.timestamp,
        ps1_0.volume 
    from
        price_snapshots ps1_0
Hibernate: 
    delete 
    from
        price_snapshots 
    where
        id=?
Hibernate: 
    select
        p1_0.id,
        p1_0.created_at,
        p1_0.total_invested,
        p1_0.total_market_value,
        p1_0.total_pnl,
        p1_0.total_pnl_percentage,
        p1_0.updated_at,
        p1_0.user_id,
        p1_0.virtual_balance 
    from
        portfolios p1_0
Hibernate: 
    delete 
    from
        portfolios 
    where
        id=?
Hibernate: 
    select
        s1_0.id,
        s1_0.created_at,
        s1_0.current_period_end,
        s1_0.plan_id,
        s1_0.status,
        s1_0.stripe_customer_id,
        s1_0.stripe_subscription_id,
        s1_0.user_id 
    from
        subscriptions s1_0
Hibernate: 
    delete 
    from
        subscriptions 
    where
        id=?
Hibernate: 
    select
        u1_0.id,
        u1_0.created_at,
        u1_0.email,
        u1_0.email_verified,
        u1_0.enabled,
        u1_0.full_name,
        u1_0.password_hash,
        u1_0.role 
    from
        users u1_0
Hibernate: 
    delete 
    from
        users 
    where
        id=?
Hibernate: 
    insert 
    into
        users
        (created_at, email, email_verified, enabled, full_name, password_hash, role, id) 
    values
        (?, ?, ?, ?, ?, ?, ?, ?)
Hibernate: 
    insert 
    into
        subscriptions
        (created_at, current_period_end, plan_id, status, stripe_customer_id, stripe_subscription_id, user_id) 
    values
        (?, ?, ?, ?, ?, ?, ?)
Hibernate: 
    insert 
    into
        portfolios
        (created_at, total_invested, total_market_value, total_pnl, total_pnl_percentage, updated_at, user_id, virtual_balance) 
    values
        (?, ?, ?, ?, ?, ?, ?, ?)
Hibernate: 
    insert 
    into
        price_snapshots
        (close, coin_symbol, high, low, open, raw_meta, timestamp, volume) 
    values
        (?, ?, ?, ?, ?, ?, ?, ?)
Hibernate: 
    select
        u1_0.id,
        u1_0.created_at,
        u1_0.email,
        u1_0.email_verified,
        u1_0.enabled,
        u1_0.full_name,
        u1_0.password_hash,
        u1_0.role 
    from
        users u1_0 
    where
        u1_0.email=?
Hibernate: 
    select
        u1_0.id,
        u1_0.created_at,
        u1_0.email,
        u1_0.email_verified,
        u1_0.enabled,
        u1_0.full_name,
        u1_0.password_hash,
        u1_0.role 
    from
        users u1_0 
    where
        u1_0.email=?
Hibernate: 
    insert 
    into
        request_logs
        (cached, created_at, endpoint, latency_ms, normalized_params, provider, provider_meta, request_id, status_code, user_id, id) 
    values
        (?, ?, ?, ?, ?, ?, ?, ?, ?, ?, ?)
Hibernate: 
    select
        s1_0.id,
        s1_0.created_at,
        s1_0.current_period_end,
        s1_0.plan_id,
        s1_0.status,
        s1_0.stripe_customer_id,
        s1_0.stripe_subscription_id,
        s1_0.user_id 
    from
        subscriptions s1_0 
    where
        s1_0.user_id=? 
        and s1_0.status='ACTIVE' 
        and (
            s1_0.current_period_end is null 
            or s1_0.current_period_end>?
        )
2025-11-23T21:59:16.893+07:00  INFO 57464 --- [crypto-mock-trading] [           main] com.example.demo.service.OrderService    : Placing market order for user 9d835ef1-26fc-4e46-9431-521f0369f4a4: BUY 0.001 BTCUSDT
Hibernate: 
    select
        ps1_0.id,
        ps1_0.close,
        ps1_0.coin_symbol,
        ps1_0.high,
        ps1_0.low,
        ps1_0.open,
        ps1_0.raw_meta,
        ps1_0.timestamp,
        ps1_0.volume 
    from
        price_snapshots ps1_0 
    where
        ps1_0.coin_symbol=? 
    order by
        ps1_0.timestamp desc 
    fetch
        first ? rows only
Hibernate: 
    select
        p1_0.id,
        p1_0.created_at,
        p1_0.total_invested,
        p1_0.total_market_value,
        p1_0.total_pnl,
        p1_0.total_pnl_percentage,
        p1_0.updated_at,
        p1_0.user_id,
        p1_0.virtual_balance 
    from
        portfolios p1_0 
    where
        p1_0.user_id=?
Hibernate: 
    insert 
    into
        orders
        (average_price, commission, created_at, filled_quantity, order_id, price, quantity, side, status, symbol, total_amount, type, updated_at, user_id) 
    values
        (?, ?, ?, ?, ?, ?, ?, ?, ?, ?, ?, ?, ?, ?)
Hibernate: 
    insert 
    into
        trades
        (commission, executed_at, order_id, price, quantity, side, symbol, total_amount, trade_id, user_id) 
    values
        (?, ?, ?, ?, ?, ?, ?, ?, ?, ?)
Hibernate: 
    select
        h1_0.id,
        h1_0.average_cost,
        h1_0.created_at,
        h1_0.market_value,
        h1_0.quantity,
        h1_0.symbol,
        h1_0.total_cost,
        h1_0.unrealized_pnl,
        h1_0.updated_at,
        h1_0.user_id 
    from
        holdings h1_0 
    where
        h1_0.user_id=? 
        and h1_0.symbol=?
Hibernate: 
    select
        ps1_0.id,
        ps1_0.close,
        ps1_0.coin_symbol,
        ps1_0.high,
        ps1_0.low,
        ps1_0.open,
        ps1_0.raw_meta,
        ps1_0.timestamp,
        ps1_0.volume 
    from
        price_snapshots ps1_0 
    where
        ps1_0.coin_symbol=? 
    order by
        ps1_0.timestamp desc 
    fetch
        first ? rows only
Hibernate: 
    insert 
    into
        holdings
        (average_cost, created_at, market_value, quantity, symbol, total_cost, unrealized_pnl, updated_at, user_id) 
    values
        (?, ?, ?, ?, ?, ?, ?, ?, ?)
Hibernate: 
    select
        p1_0.id,
        p1_0.created_at,
        p1_0.total_invested,
        p1_0.total_market_value,
        p1_0.total_pnl,
        p1_0.total_pnl_percentage,
        p1_0.updated_at,
        p1_0.user_id,
        p1_0.virtual_balance 
    from
        portfolios p1_0 
    where
        p1_0.user_id=?
Hibernate: 
    update
        portfolios 
    set
        created_at=?,
        total_invested=?,
        total_market_value=?,
        total_pnl=?,
        total_pnl_percentage=?,
        updated_at=?,
        user_id=?,
        virtual_balance=? 
    where
        id=?
Hibernate: 
    select
        p1_0.id,
        p1_0.created_at,
        p1_0.total_invested,
        p1_0.total_market_value,
        p1_0.total_pnl,
        p1_0.total_pnl_percentage,
        p1_0.updated_at,
        p1_0.user_id,
        p1_0.virtual_balance 
    from
        portfolios p1_0 
    where
        p1_0.user_id=?
Hibernate: 
    select
        h1_0.id,
        h1_0.average_cost,
        h1_0.created_at,
        h1_0.market_value,
        h1_0.quantity,
        h1_0.symbol,
        h1_0.total_cost,
        h1_0.unrealized_pnl,
        h1_0.updated_at,
        h1_0.user_id 
    from
        holdings h1_0 
    where
        h1_0.user_id=? 
    order by
        h1_0.symbol
Hibernate: 
    select
        ps1_0.id,
        ps1_0.close,
        ps1_0.coin_symbol,
        ps1_0.high,
        ps1_0.low,
        ps1_0.open,
        ps1_0.raw_meta,
        ps1_0.timestamp,
        ps1_0.volume 
    from
        price_snapshots ps1_0 
    where
        ps1_0.coin_symbol=? 
    order by
        ps1_0.timestamp desc 
    fetch
        first ? rows only
2025-11-23T21:59:16.911+07:00  INFO 57464 --- [crypto-mock-trading] [           main] com.example.demo.service.OrderService    : Successfully placed market order 764e57e0-d41b-4c86-8789-780ef4f76dc2 for user 9d835ef1-26fc-4e46-9431-521f0369f4a4
Hibernate: 
    update
        portfolios 
    set
        created_at=?,
        total_invested=?,
        total_market_value=?,
        total_pnl=?,
        total_pnl_percentage=?,
        updated_at=?,
        user_id=?,
        virtual_balance=? 
    where
        id=?
Hibernate: 
    update
        holdings 
    set
        average_cost=?,
        created_at=?,
        market_value=?,
        quantity=?,
        symbol=?,
        total_cost=?,
        unrealized_pnl=?,
        updated_at=?,
        user_id=? 
    where
        id=?
2025-11-23T21:59:16.917+07:00  INFO 57464 --- [crypto-mock-trading] [           main] c.e.demo.controller.OrderController      : Order placed successfully for user 9d835ef1-26fc-4e46-9431-521f0369f4a4: 764e57e0-d41b-4c86-8789-780ef4f76dc2
Hibernate: 
    select
        rl1_0.id,
        rl1_0.cached,
        rl1_0.created_at,
        rl1_0.endpoint,
        rl1_0.latency_ms,
        rl1_0.normalized_params,
        rl1_0.provider,
        rl1_0.provider_meta,
        rl1_0.request_id,
        rl1_0.status_code,
        rl1_0.user_id 
    from
        request_logs rl1_0 
    where
        rl1_0.request_id=?
Hibernate: 
    update
        request_logs 
    set
        cached=?,
        endpoint=?,
        latency_ms=?,
        normalized_params=?,
        provider=?,
        provider_meta=?,
        request_id=?,
        status_code=?,
        user_id=? 
    where
        id=?
Hibernate: 
    select
        count(*) 
    from
        orders o1_0
]]></system-out>
  </testcase>
  <testcase name="placeOrder_WithIdempotencyKey_ShouldReturnSameResponseOnRetry" classname="com.example.demo.integration.IdempotencyIntegrationTest" time="0.156">
    <system-out><![CDATA[Hibernate: 
    select
        o1_0.id,
        o1_0.average_price,
        o1_0.commission,
        o1_0.created_at,
        o1_0.filled_quantity,
        o1_0.order_id,
        o1_0.price,
        o1_0.quantity,
        o1_0.side,
        o1_0.status,
        o1_0.symbol,
        o1_0.total_amount,
        o1_0.type,
        o1_0.updated_at,
        o1_0.user_id 
    from
        orders o1_0
Hibernate: 
    delete 
    from
        orders 
    where
        id=?
Hibernate: 
    select
        ik1_0.id,
        ik1_0.created_at,
        ik1_0.endpoint,
        ik1_0.expires_at,
        ik1_0.key,
        ik1_0.response_body,
        ik1_0.status_code,
        ik1_0.user_id 
    from
        idempotency_keys ik1_0
Hibernate: 
    select
        ps1_0.id,
        ps1_0.close,
        ps1_0.coin_symbol,
        ps1_0.high,
        ps1_0.low,
        ps1_0.open,
        ps1_0.raw_meta,
        ps1_0.timestamp,
        ps1_0.volume 
    from
        price_snapshots ps1_0
Hibernate: 
    delete 
    from
        price_snapshots 
    where
        id=?
Hibernate: 
    select
        p1_0.id,
        p1_0.created_at,
        p1_0.total_invested,
        p1_0.total_market_value,
        p1_0.total_pnl,
        p1_0.total_pnl_percentage,
        p1_0.updated_at,
        p1_0.user_id,
        p1_0.virtual_balance 
    from
        portfolios p1_0
Hibernate: 
    delete 
    from
        portfolios 
    where
        id=?
Hibernate: 
    select
        s1_0.id,
        s1_0.created_at,
        s1_0.current_period_end,
        s1_0.plan_id,
        s1_0.status,
        s1_0.stripe_customer_id,
        s1_0.stripe_subscription_id,
        s1_0.user_id 
    from
        subscriptions s1_0
Hibernate: 
    delete 
    from
        subscriptions 
    where
        id=?
Hibernate: 
    select
        u1_0.id,
        u1_0.created_at,
        u1_0.email,
        u1_0.email_verified,
        u1_0.enabled,
        u1_0.full_name,
        u1_0.password_hash,
        u1_0.role 
    from
        users u1_0
Hibernate: 
    delete 
    from
        users 
    where
        id=?
Hibernate: 
    insert 
    into
        users
        (created_at, email, email_verified, enabled, full_name, password_hash, role, id) 
    values
        (?, ?, ?, ?, ?, ?, ?, ?)
Hibernate: 
    insert 
    into
        subscriptions
        (created_at, current_period_end, plan_id, status, stripe_customer_id, stripe_subscription_id, user_id) 
    values
        (?, ?, ?, ?, ?, ?, ?)
Hibernate: 
    insert 
    into
        portfolios
        (created_at, total_invested, total_market_value, total_pnl, total_pnl_percentage, updated_at, user_id, virtual_balance) 
    values
        (?, ?, ?, ?, ?, ?, ?, ?)
Hibernate: 
    insert 
    into
        price_snapshots
        (close, coin_symbol, high, low, open, raw_meta, timestamp, volume) 
    values
        (?, ?, ?, ?, ?, ?, ?, ?)
Hibernate: 
    select
        u1_0.id,
        u1_0.created_at,
        u1_0.email,
        u1_0.email_verified,
        u1_0.enabled,
        u1_0.full_name,
        u1_0.password_hash,
        u1_0.role 
    from
        users u1_0 
    where
        u1_0.email=?
Hibernate: 
    select
        u1_0.id,
        u1_0.created_at,
        u1_0.email,
        u1_0.email_verified,
        u1_0.enabled,
        u1_0.full_name,
        u1_0.password_hash,
        u1_0.role 
    from
        users u1_0 
    where
        u1_0.email=?
Hibernate: 
    select
        ik1_0.id,
        ik1_0.created_at,
        ik1_0.endpoint,
        ik1_0.expires_at,
        ik1_0.key,
        ik1_0.response_body,
        ik1_0.status_code,
        ik1_0.user_id 
    from
        idempotency_keys ik1_0 
    where
        ik1_0.key=?
Hibernate: 
    select
        u1_0.id,
        u1_0.created_at,
        u1_0.email,
        u1_0.email_verified,
        u1_0.enabled,
        u1_0.full_name,
        u1_0.password_hash,
        u1_0.role 
    from
        users u1_0 
    where
        u1_0.email=?
Hibernate: 
    insert 
    into
        request_logs
        (cached, created_at, endpoint, latency_ms, normalized_params, provider, provider_meta, request_id, status_code, user_id, id) 
    values
        (?, ?, ?, ?, ?, ?, ?, ?, ?, ?, ?)
Hibernate: 
    select
        s1_0.id,
        s1_0.created_at,
        s1_0.current_period_end,
        s1_0.plan_id,
        s1_0.status,
        s1_0.stripe_customer_id,
        s1_0.stripe_subscription_id,
        s1_0.user_id 
    from
        subscriptions s1_0 
    where
        s1_0.user_id=? 
        and s1_0.status='ACTIVE' 
        and (
            s1_0.current_period_end is null 
            or s1_0.current_period_end>?
        )
2025-11-23T21:59:17.037+07:00  INFO 57464 --- [crypto-mock-trading] [           main] com.example.demo.service.OrderService    : Placing market order for user 069a93f6-560c-4b8c-8e28-bfe62395c075: BUY 0.001 BTCUSDT
Hibernate: 
    select
        ps1_0.id,
        ps1_0.close,
        ps1_0.coin_symbol,
        ps1_0.high,
        ps1_0.low,
        ps1_0.open,
        ps1_0.raw_meta,
        ps1_0.timestamp,
        ps1_0.volume 
    from
        price_snapshots ps1_0 
    where
        ps1_0.coin_symbol=? 
    order by
        ps1_0.timestamp desc 
    fetch
        first ? rows only
Hibernate: 
    select
        p1_0.id,
        p1_0.created_at,
        p1_0.total_invested,
        p1_0.total_market_value,
        p1_0.total_pnl,
        p1_0.total_pnl_percentage,
        p1_0.updated_at,
        p1_0.user_id,
        p1_0.virtual_balance 
    from
        portfolios p1_0 
    where
        p1_0.user_id=?
Hibernate: 
    insert 
    into
        orders
        (average_price, commission, created_at, filled_quantity, order_id, price, quantity, side, status, symbol, total_amount, type, updated_at, user_id) 
    values
        (?, ?, ?, ?, ?, ?, ?, ?, ?, ?, ?, ?, ?, ?)
Hibernate: 
    insert 
    into
        trades
        (commission, executed_at, order_id, price, quantity, side, symbol, total_amount, trade_id, user_id) 
    values
        (?, ?, ?, ?, ?, ?, ?, ?, ?, ?)
Hibernate: 
    select
        h1_0.id,
        h1_0.average_cost,
        h1_0.created_at,
        h1_0.market_value,
        h1_0.quantity,
        h1_0.symbol,
        h1_0.total_cost,
        h1_0.unrealized_pnl,
        h1_0.updated_at,
        h1_0.user_id 
    from
        holdings h1_0 
    where
        h1_0.user_id=? 
        and h1_0.symbol=?
Hibernate: 
    select
        ps1_0.id,
        ps1_0.close,
        ps1_0.coin_symbol,
        ps1_0.high,
        ps1_0.low,
        ps1_0.open,
        ps1_0.raw_meta,
        ps1_0.timestamp,
        ps1_0.volume 
    from
        price_snapshots ps1_0 
    where
        ps1_0.coin_symbol=? 
    order by
        ps1_0.timestamp desc 
    fetch
        first ? rows only
Hibernate: 
    insert 
    into
        holdings
        (average_cost, created_at, market_value, quantity, symbol, total_cost, unrealized_pnl, updated_at, user_id) 
    values
        (?, ?, ?, ?, ?, ?, ?, ?, ?)
Hibernate: 
    select
        p1_0.id,
        p1_0.created_at,
        p1_0.total_invested,
        p1_0.total_market_value,
        p1_0.total_pnl,
        p1_0.total_pnl_percentage,
        p1_0.updated_at,
        p1_0.user_id,
        p1_0.virtual_balance 
    from
        portfolios p1_0 
    where
        p1_0.user_id=?
Hibernate: 
    update
        portfolios 
    set
        created_at=?,
        total_invested=?,
        total_market_value=?,
        total_pnl=?,
        total_pnl_percentage=?,
        updated_at=?,
        user_id=?,
        virtual_balance=? 
    where
        id=?
Hibernate: 
    select
        p1_0.id,
        p1_0.created_at,
        p1_0.total_invested,
        p1_0.total_market_value,
        p1_0.total_pnl,
        p1_0.total_pnl_percentage,
        p1_0.updated_at,
        p1_0.user_id,
        p1_0.virtual_balance 
    from
        portfolios p1_0 
    where
        p1_0.user_id=?
Hibernate: 
    select
        h1_0.id,
        h1_0.average_cost,
        h1_0.created_at,
        h1_0.market_value,
        h1_0.quantity,
        h1_0.symbol,
        h1_0.total_cost,
        h1_0.unrealized_pnl,
        h1_0.updated_at,
        h1_0.user_id 
    from
        holdings h1_0 
    where
        h1_0.user_id=? 
    order by
        h1_0.symbol
Hibernate: 
    select
        ps1_0.id,
        ps1_0.close,
        ps1_0.coin_symbol,
        ps1_0.high,
        ps1_0.low,
        ps1_0.open,
        ps1_0.raw_meta,
        ps1_0.timestamp,
        ps1_0.volume 
    from
        price_snapshots ps1_0 
    where
        ps1_0.coin_symbol=? 
    order by
        ps1_0.timestamp desc 
    fetch
        first ? rows only
2025-11-23T21:59:17.064+07:00  INFO 57464 --- [crypto-mock-trading] [           main] com.example.demo.service.OrderService    : Successfully placed market order 27b207d1-703b-4abf-93a0-c33ef10b660f for user 069a93f6-560c-4b8c-8e28-bfe62395c075
Hibernate: 
    update
        portfolios 
    set
        created_at=?,
        total_invested=?,
        total_market_value=?,
        total_pnl=?,
        total_pnl_percentage=?,
        updated_at=?,
        user_id=?,
        virtual_balance=? 
    where
        id=?
Hibernate: 
    update
        holdings 
    set
        average_cost=?,
        created_at=?,
        market_value=?,
        quantity=?,
        symbol=?,
        total_cost=?,
        unrealized_pnl=?,
        updated_at=?,
        user_id=? 
    where
        id=?
2025-11-23T21:59:17.067+07:00  INFO 57464 --- [crypto-mock-trading] [           main] c.e.demo.controller.OrderController      : Order placed successfully for user 069a93f6-560c-4b8c-8e28-bfe62395c075: 27b207d1-703b-4abf-93a0-c33ef10b660f
Hibernate: 
    select
        rl1_0.id,
        rl1_0.cached,
        rl1_0.created_at,
        rl1_0.endpoint,
        rl1_0.latency_ms,
        rl1_0.normalized_params,
        rl1_0.provider,
        rl1_0.provider_meta,
        rl1_0.request_id,
        rl1_0.status_code,
        rl1_0.user_id 
    from
        request_logs rl1_0 
    where
        rl1_0.request_id=?
Hibernate: 
    update
        request_logs 
    set
        cached=?,
        endpoint=?,
        latency_ms=?,
        normalized_params=?,
        provider=?,
        provider_meta=?,
        request_id=?,
        status_code=?,
        user_id=? 
    where
        id=?
Hibernate: 
    insert 
    into
        idempotency_keys
        (created_at, endpoint, expires_at, key, response_body, status_code, user_id, id) 
    values
        (?, ?, ?, ?, ?, ?, ?, ?)
Hibernate: 
    select
        u1_0.id,
        u1_0.created_at,
        u1_0.email,
        u1_0.email_verified,
        u1_0.enabled,
        u1_0.full_name,
        u1_0.password_hash,
        u1_0.role 
    from
        users u1_0 
    where
        u1_0.email=?
Hibernate: 
    select
        u1_0.id,
        u1_0.created_at,
        u1_0.email,
        u1_0.email_verified,
        u1_0.enabled,
        u1_0.full_name,
        u1_0.password_hash,
        u1_0.role 
    from
        users u1_0 
    where
        u1_0.email=?
Hibernate: 
    select
        ik1_0.id,
        ik1_0.created_at,
        ik1_0.endpoint,
        ik1_0.expires_at,
        ik1_0.key,
        ik1_0.response_body,
        ik1_0.status_code,
        ik1_0.user_id 
    from
        idempotency_keys ik1_0 
    where
        ik1_0.key=?
2025-11-23T21:59:17.083+07:00  INFO 57464 --- [crypto-mock-trading] [           main] com.example.demo.web.IdempotencyFilter   : Returning cached response for idempotency key: 2c8dbf51-1947-4cf3-a202-3738cbd50fe6
Hibernate: 
    select
        count(*) 
    from
        orders o1_0
Hibernate: 
    select
        ik1_0.id,
        ik1_0.created_at,
        ik1_0.endpoint,
        ik1_0.expires_at,
        ik1_0.key,
        ik1_0.response_body,
        ik1_0.status_code,
        ik1_0.user_id 
    from
        idempotency_keys ik1_0 
    where
        ik1_0.key=?
]]></system-out>
  </testcase>
</testsuite>