<?xml version="1.0" encoding="UTF-8"?>
<testsuite xmlns:xsi="http://www.w3.org/2001/XMLSchema-instance" xsi:noNamespaceSchemaLocation="https://maven.apache.org/surefire/maven-surefire-plugin/xsd/surefire-test-report-3.0.xsd" version="3.0" name="com.example.demo.integration.DataRetentionIntegrationTest" time="15.964" tests="1" errors="0" skipped="0" failures="1">
  <properties>
[...]
</properties>
  <testcase name="cleanupOldData_ShouldDeleteOldUsageMetrics" classname="com.example.demo.integration.DataRetentionIntegrationTest" time="0.625">
    <failure message="&#10;Expecting actual:&#10;  [UsageMetric(id=2, metricKey=test.metric, userId=31ddfc74-c918-42a1-9291-ca6fb58305a3, amount=50, createdAt=2025-11-14T19:00:31.918175Z, metadata=null)]&#10;to contain exactly (and in same order):&#10;  [UsageMetric(id=2, metricKey=test.metric, userId=31ddfc74-c918-42a1-9291-ca6fb58305a3, amount=50, createdAt=2025-11-14T19:00:31.918174500Z, metadata=null)]&#10;but some elements were not found:&#10;  [UsageMetric(id=2, metricKey=test.metric, userId=31ddfc74-c918-42a1-9291-ca6fb58305a3, amount=50, createdAt=2025-11-14T19:00:31.918174500Z, metadata=null)]&#10;and others were not expected:&#10;  [UsageMetric(id=2, metricKey=test.metric, userId=31ddfc74-c918-42a1-9291-ca6fb58305a3, amount=50, createdAt=2025-11-14T19:00:31.918175Z, metadata=null)]&#10;" type="org.opentest4j.AssertionFailedError"><![CDATA[org.opentest4j.AssertionFailedError: 

Expecting actual:
  [UsageMetric(id=2, metricKey=test.metric, userId=31ddfc74-c918-42a1-9291-ca6fb58305a3, amount=50, createdAt=2025-11-14T19:00:31.918175Z, metadata=null)]
to contain exactly (and in same order):
  [UsageMetric(id=2, metricKey=test.metric, userId=31ddfc74-c918-42a1-9291-ca6fb58305a3, amount=50, createdAt=2025-11-14T19:00:31.918174500Z, metadata=null)]
but some elements were not found:
  [UsageMetric(id=2, metricKey=test.metric, userId=31ddfc74-c918-42a1-9291-ca6fb58305a3, amount=50, createdAt=2025-11-14T19:00:31.918174500Z, metadata=null)]
and others were not expected:
  [UsageMetric(id=2, metricKey=test.metric, userId=31ddfc74-c918-42a1-9291-ca6fb58305a3, amount=50, createdAt=2025-11-14T19:00:31.918175Z, metadata=null)]

	at com.example.demo.integration.DataRetentionIntegrationTest.cleanupOldData_ShouldDeleteOldUsageMetrics(DataRetentionIntegrationTest.java:105)
	at java.base/java.lang.reflect.Method.invoke(Method.java:565)
	at java.base/java.util.ArrayList.forEach(ArrayList.java:1604)
	at java.base/java.util.ArrayList.forEach(ArrayList.java:1604)
]]></failure>
    <system-out><![CDATA[02:00:16.889 [main] INFO org.springframework.test.context.support.AnnotationConfigContextLoaderUtils -- Could not detect default configuration classes for test class [com.example.demo.integration.DataRetentionIntegrationTest]: DataRetentionIntegrationTest does not declare any static, non-private, non-final, nested classes annotated with @Configuration.
02:00:17.081 [main] INFO org.springframework.boot.test.context.SpringBootTestContextBootstrapper -- Found @SpringBootConfiguration com.example.demo.DemoApplication for test class com.example.demo.integration.DataRetentionIntegrationTest
02:00:17.243 [main] INFO org.testcontainers.images.PullPolicy -- Image pull policy will be performed by: DefaultPullPolicy()
02:00:17.246 [main] INFO org.testcontainers.utility.ImageNameSubstitutor -- Image name substitution will be performed by: DefaultImageNameSubstitutor (composite of 'ConfigurationFileImageNameSubstitutor' and 'PrefixingImageNameSubstitutor')
02:00:17.553 [main] INFO org.testcontainers.dockerclient.DockerClientProviderStrategy -- Loaded org.testcontainers.dockerclient.NpipeSocketClientProviderStrategy from ~/.testcontainers.properties, will try it first
02:00:17.855 [main] INFO org.testcontainers.dockerclient.DockerClientProviderStrategy -- Found Docker environment with local Npipe socket (npipe:////./pipe/docker_engine)
02:00:17.857 [main] INFO org.testcontainers.DockerClientFactory -- Docker host IP address is localhost
02:00:17.877 [main] INFO org.testcontainers.DockerClientFactory -- Connected to docker: 
  Server Version: 28.5.1
  API Version: 1.51
  Operating System: Docker Desktop
  Total Memory: 15897 MB
02:00:17.937 [main] INFO tc.testcontainers/ryuk:0.5.1 -- Creating container for image: testcontainers/ryuk:0.5.1
02:00:18.183 [main] INFO tc.testcontainers/ryuk:0.5.1 -- Container testcontainers/ryuk:0.5.1 is starting: 28d2c9c918c5a5b52501e776f06b8abd850a92b4f9d627321f7b2854e4897264
02:00:18.489 [main] INFO tc.testcontainers/ryuk:0.5.1 -- Container testcontainers/ryuk:0.5.1 started in PT0.5521484S
02:00:18.496 [main] INFO org.testcontainers.utility.RyukResourceReaper -- Ryuk started - will monitor and terminate Testcontainers containers on JVM exit
02:00:18.496 [main] INFO org.testcontainers.DockerClientFactory -- Checking the system...
02:00:18.497 [main] INFO org.testcontainers.DockerClientFactory -- ✔︎ Docker server version should be at least 1.6.0
02:00:18.498 [main] INFO tc.redis:7-alpine -- Creating container for image: redis:7-alpine
02:00:18.498 [main] WARN tc.redis:7-alpine -- Reuse was requested but the environment does not support the reuse of containers
To enable reuse of containers, you must set 'testcontainers.reuse.enable=true' in a file located at C:\Users\PC\.testcontainers.properties
02:00:18.560 [main] INFO tc.redis:7-alpine -- Container redis:7-alpine is starting: e35dc3487661efd18ab9a960706a656796f4456292f873f2033090d33d441834
02:00:18.848 [main] INFO tc.redis:7-alpine -- Container redis:7-alpine started in PT0.3500404S
02:00:18.849 [main] INFO tc.postgres:15-alpine -- Creating container for image: postgres:15-alpine
02:00:18.850 [main] WARN tc.postgres:15-alpine -- Reuse was requested but the environment does not support the reuse of containers
To enable reuse of containers, you must set 'testcontainers.reuse.enable=true' in a file located at C:\Users\PC\.testcontainers.properties
02:00:18.908 [main] INFO tc.postgres:15-alpine -- Container postgres:15-alpine is starting: 3bf7b13fbe178848aaa1677ca74120a85f12b3d660c5a1d87e7bd47da29668be
02:00:20.416 [main] INFO tc.postgres:15-alpine -- Container postgres:15-alpine started in PT1.5674794S
02:00:20.417 [main] INFO tc.postgres:15-alpine -- Container is started (JDBC URL: jdbc:postgresql://localhost:52156/testdb?loggerLevel=OFF)

  .   ____          _            __ _ _
 /\\ / ___'_ __ _ _(_)_ __  __ _ \ \ \ \
( ( )\___ | '_ | '_| | '_ \/ _` | \ \ \ \
 \\/  ___)| |_)| | | | | || (_| |  ) ) ) )
  '  |____| .__|_| |_|_| |_\__, | / / / /
 =========|_|==============|___/=/_/_/_/

 :: Spring Boot ::                (v3.5.6)

2025-11-25T02:00:20.831+07:00  INFO 56836 --- [crypto-mock-trading] [           main] c.e.d.i.DataRetentionIntegrationTest     : Starting DataRetentionIntegrationTest using Java 24.0.2 with PID 56836 (started by PC in C:\Users\PC\OneDrive\Desktop\Mock_trading\be)
2025-11-25T02:00:20.833+07:00  INFO 56836 --- [crypto-mock-trading] [           main] c.e.d.i.DataRetentionIntegrationTest     : No active profile set, falling back to 1 default profile: "default"
2025-11-25T02:00:22.729+07:00  INFO 56836 --- [crypto-mock-trading] [           main] .s.d.r.c.RepositoryConfigurationDelegate : Multiple Spring Data modules found, entering strict repository configuration mode
2025-11-25T02:00:22.732+07:00  INFO 56836 --- [crypto-mock-trading] [           main] .s.d.r.c.RepositoryConfigurationDelegate : Bootstrapping Spring Data JPA repositories in DEFAULT mode.
2025-11-25T02:00:23.000+07:00  INFO 56836 --- [crypto-mock-trading] [           main] .s.d.r.c.RepositoryConfigurationDelegate : Finished Spring Data repository scanning in 245 ms. Found 18 JPA repository interfaces.
2025-11-25T02:00:23.014+07:00  INFO 56836 --- [crypto-mock-trading] [           main] .s.d.r.c.RepositoryConfigurationDelegate : Multiple Spring Data modules found, entering strict repository configuration mode
2025-11-25T02:00:23.015+07:00  INFO 56836 --- [crypto-mock-trading] [           main] .s.d.r.c.RepositoryConfigurationDelegate : Bootstrapping Spring Data Redis repositories in DEFAULT mode.
2025-11-25T02:00:23.040+07:00  INFO 56836 --- [crypto-mock-trading] [           main] .RepositoryConfigurationExtensionSupport : Spring Data Redis - Could not safely identify store assignment for repository candidate interface com.example.demo.repository.AlertRepository; If you want this repository to be a Redis repository, consider annotating your entities with one of these annotations: org.springframework.data.redis.core.RedisHash (preferred), or consider extending one of the following types with your repository: org.springframework.data.keyvalue.repository.KeyValueRepository
2025-11-25T02:00:23.041+07:00  INFO 56836 --- [crypto-mock-trading] [           main] .RepositoryConfigurationExtensionSupport : Spring Data Redis - Could not safely identify store assignment for repository candidate interface com.example.demo.repository.BacktestRepository; If you want this repository to be a Redis repository, consider annotating your entities with one of these annotations: org.springframework.data.redis.core.RedisHash (preferred), or consider extending one of the following types with your repository: org.springframework.data.keyvalue.repository.KeyValueRepository
2025-11-25T02:00:23.041+07:00  INFO 56836 --- [crypto-mock-trading] [           main] .RepositoryConfigurationExtensionSupport : Spring Data Redis - Could not safely identify store assignment for repository candidate interface com.example.demo.repository.HoldingRepository; If you want this repository to be a Redis repository, consider annotating your entities with one of these annotations: org.springframework.data.redis.core.RedisHash (preferred), or consider extending one of the following types with your repository: org.springframework.data.keyvalue.repository.KeyValueRepository
2025-11-25T02:00:23.042+07:00  INFO 56836 --- [crypto-mock-trading] [           main] .RepositoryConfigurationExtensionSupport : Spring Data Redis - Could not safely identify store assignment for repository candidate interface com.example.demo.repository.IdempotencyKeyRepository; If you want this repository to be a Redis repository, consider annotating your entities with one of these annotations: org.springframework.data.redis.core.RedisHash (preferred), or consider extending one of the following types with your repository: org.springframework.data.keyvalue.repository.KeyValueRepository
2025-11-25T02:00:23.042+07:00  INFO 56836 --- [crypto-mock-trading] [           main] .RepositoryConfigurationExtensionSupport : Spring Data Redis - Could not safely identify store assignment for repository candidate interface com.example.demo.repository.NotificationRepository; If you want this repository to be a Redis repository, consider annotating your entities with one of these annotations: org.springframework.data.redis.core.RedisHash (preferred), or consider extending one of the following types with your repository: org.springframework.data.keyvalue.repository.KeyValueRepository
2025-11-25T02:00:23.043+07:00  INFO 56836 --- [crypto-mock-trading] [           main] .RepositoryConfigurationExtensionSupport : Spring Data Redis - Could not safely identify store assignment for repository candidate interface com.example.demo.repository.OrderRepository; If you want this repository to be a Redis repository, consider annotating your entities with one of these annotations: org.springframework.data.redis.core.RedisHash (preferred), or consider extending one of the following types with your repository: org.springframework.data.keyvalue.repository.KeyValueRepository
2025-11-25T02:00:23.043+07:00  INFO 56836 --- [crypto-mock-trading] [           main] .RepositoryConfigurationExtensionSupport : Spring Data Redis - Could not safely identify store assignment for repository candidate interface com.example.demo.repository.PasswordResetRepository; If you want this repository to be a Redis repository, consider annotating your entities with one of these annotations: org.springframework.data.redis.core.RedisHash (preferred), or consider extending one of the following types with your repository: org.springframework.data.keyvalue.repository.KeyValueRepository
2025-11-25T02:00:23.043+07:00  INFO 56836 --- [crypto-mock-trading] [           main] .RepositoryConfigurationExtensionSupport : Spring Data Redis - Could not safely identify store assignment for repository candidate interface com.example.demo.repository.PortfolioRepository; If you want this repository to be a Redis repository, consider annotating your entities with one of these annotations: org.springframework.data.redis.core.RedisHash (preferred), or consider extending one of the following types with your repository: org.springframework.data.keyvalue.repository.KeyValueRepository
2025-11-25T02:00:23.044+07:00  INFO 56836 --- [crypto-mock-trading] [           main] .RepositoryConfigurationExtensionSupport : Spring Data Redis - Could not safely identify store assignment for repository candidate interface com.example.demo.repository.PriceSnapshotRepository; If you want this repository to be a Redis repository, consider annotating your entities with one of these annotations: org.springframework.data.redis.core.RedisHash (preferred), or consider extending one of the following types with your repository: org.springframework.data.keyvalue.repository.KeyValueRepository
2025-11-25T02:00:23.044+07:00  INFO 56836 --- [crypto-mock-trading] [           main] .RepositoryConfigurationExtensionSupport : Spring Data Redis - Could not safely identify store assignment for repository candidate interface com.example.demo.repository.RefreshTokenRepository; If you want this repository to be a Redis repository, consider annotating your entities with one of these annotations: org.springframework.data.redis.core.RedisHash (preferred), or consider extending one of the following types with your repository: org.springframework.data.keyvalue.repository.KeyValueRepository
2025-11-25T02:00:23.045+07:00  INFO 56836 --- [crypto-mock-trading] [           main] .RepositoryConfigurationExtensionSupport : Spring Data Redis - Could not safely identify store assignment for repository candidate interface com.example.demo.repository.RequestLogRepository; If you want this repository to be a Redis repository, consider annotating your entities with one of these annotations: org.springframework.data.redis.core.RedisHash (preferred), or consider extending one of the following types with your repository: org.springframework.data.keyvalue.repository.KeyValueRepository
2025-11-25T02:00:23.045+07:00  INFO 56836 --- [crypto-mock-trading] [           main] .RepositoryConfigurationExtensionSupport : Spring Data Redis - Could not safely identify store assignment for repository candidate interface com.example.demo.repository.SubscriptionRepository; If you want this repository to be a Redis repository, consider annotating your entities with one of these annotations: org.springframework.data.redis.core.RedisHash (preferred), or consider extending one of the following types with your repository: org.springframework.data.keyvalue.repository.KeyValueRepository
2025-11-25T02:00:23.047+07:00  INFO 56836 --- [crypto-mock-trading] [           main] .RepositoryConfigurationExtensionSupport : Spring Data Redis - Could not safely identify store assignment for repository candidate interface com.example.demo.repository.TradeRepository; If you want this repository to be a Redis repository, consider annotating your entities with one of these annotations: org.springframework.data.redis.core.RedisHash (preferred), or consider extending one of the following types with your repository: org.springframework.data.keyvalue.repository.KeyValueRepository
2025-11-25T02:00:23.047+07:00  INFO 56836 --- [crypto-mock-trading] [           main] .RepositoryConfigurationExtensionSupport : Spring Data Redis - Could not safely identify store assignment for repository candidate interface com.example.demo.repository.UsageMetricRepository; If you want this repository to be a Redis repository, consider annotating your entities with one of these annotations: org.springframework.data.redis.core.RedisHash (preferred), or consider extending one of the following types with your repository: org.springframework.data.keyvalue.repository.KeyValueRepository
2025-11-25T02:00:23.047+07:00  INFO 56836 --- [crypto-mock-trading] [           main] .RepositoryConfigurationExtensionSupport : Spring Data Redis - Could not safely identify store assignment for repository candidate interface com.example.demo.repository.UserRepository; If you want this repository to be a Redis repository, consider annotating your entities with one of these annotations: org.springframework.data.redis.core.RedisHash (preferred), or consider extending one of the following types with your repository: org.springframework.data.keyvalue.repository.KeyValueRepository
2025-11-25T02:00:23.048+07:00  INFO 56836 --- [crypto-mock-trading] [           main] .RepositoryConfigurationExtensionSupport : Spring Data Redis - Could not safely identify store assignment for repository candidate interface com.example.demo.repository.WatchlistItemRepository; If you want this repository to be a Redis repository, consider annotating your entities with one of these annotations: org.springframework.data.redis.core.RedisHash (preferred), or consider extending one of the following types with your repository: org.springframework.data.keyvalue.repository.KeyValueRepository
2025-11-25T02:00:23.048+07:00  INFO 56836 --- [crypto-mock-trading] [           main] .RepositoryConfigurationExtensionSupport : Spring Data Redis - Could not safely identify store assignment for repository candidate interface com.example.demo.repository.WatchlistRepository; If you want this repository to be a Redis repository, consider annotating your entities with one of these annotations: org.springframework.data.redis.core.RedisHash (preferred), or consider extending one of the following types with your repository: org.springframework.data.keyvalue.repository.KeyValueRepository
2025-11-25T02:00:23.048+07:00  INFO 56836 --- [crypto-mock-trading] [           main] .RepositoryConfigurationExtensionSupport : Spring Data Redis - Could not safely identify store assignment for repository candidate interface com.example.demo.repository.WebhookEventRepository; If you want this repository to be a Redis repository, consider annotating your entities with one of these annotations: org.springframework.data.redis.core.RedisHash (preferred), or consider extending one of the following types with your repository: org.springframework.data.keyvalue.repository.KeyValueRepository
2025-11-25T02:00:23.048+07:00  INFO 56836 --- [crypto-mock-trading] [           main] .s.d.r.c.RepositoryConfigurationDelegate : Finished Spring Data repository scanning in 23 ms. Found 0 Redis repository interfaces.
2025-11-25T02:00:24.542+07:00  INFO 56836 --- [crypto-mock-trading] [           main] o.s.b.w.embedded.tomcat.TomcatWebServer  : Tomcat initialized with port 0 (http)
2025-11-25T02:00:24.559+07:00  INFO 56836 --- [crypto-mock-trading] [           main] o.apache.catalina.core.StandardService   : Starting service [Tomcat]
2025-11-25T02:00:24.560+07:00  INFO 56836 --- [crypto-mock-trading] [           main] o.apache.catalina.core.StandardEngine    : Starting Servlet engine: [Apache Tomcat/10.1.46]
2025-11-25T02:00:24.648+07:00  INFO 56836 --- [crypto-mock-trading] [           main] o.a.c.c.C.[Tomcat].[localhost].[/]       : Initializing Spring embedded WebApplicationContext
2025-11-25T02:00:24.650+07:00  INFO 56836 --- [crypto-mock-trading] [           main] w.s.c.ServletWebServerApplicationContext : Root WebApplicationContext: initialization completed in 3790 ms
2025-11-25T02:00:25.227+07:00  INFO 56836 --- [crypto-mock-trading] [           main] o.hibernate.jpa.internal.util.LogHelper  : HHH000204: Processing PersistenceUnitInfo [name: default]
2025-11-25T02:00:25.293+07:00  INFO 56836 --- [crypto-mock-trading] [           main] org.hibernate.Version                    : HHH000412: Hibernate ORM core version 6.6.29.Final
2025-11-25T02:00:25.336+07:00  INFO 56836 --- [crypto-mock-trading] [           main] o.h.c.internal.RegionFactoryInitiator    : HHH000026: Second-level cache disabled
2025-11-25T02:00:25.495+07:00  INFO 56836 --- [crypto-mock-trading] [           main] com.zaxxer.hikari.HikariDataSource       : HikariPool-1 - Starting...
2025-11-25T02:00:25.656+07:00  INFO 56836 --- [crypto-mock-trading] [           main] com.zaxxer.hikari.pool.HikariPool        : HikariPool-1 - Added connection org.postgresql.jdbc.PgConnection@49616310
2025-11-25T02:00:25.659+07:00  INFO 56836 --- [crypto-mock-trading] [           main] com.zaxxer.hikari.HikariDataSource       : HikariPool-1 - Start completed.
2025-11-25T02:00:25.693+07:00  WARN 56836 --- [crypto-mock-trading] [           main] org.hibernate.orm.deprecation            : HHH90000025: PostgreSQLDialect does not need to be specified explicitly using 'hibernate.dialect' (remove the property setting and it will be selected by default)
2025-11-25T02:00:25.713+07:00  INFO 56836 --- [crypto-mock-trading] [           main] org.hibernate.orm.connections.pooling    : HHH10001005: Database info:
	Database JDBC URL [Connecting through datasource 'HikariDataSource (HikariPool-1)']
	Database driver: undefined/unknown
	Database version: 15.14
	Autocommit mode: undefined/unknown
	Isolation level: undefined/unknown
	Minimum pool size: undefined/unknown
	Maximum pool size: undefined/unknown
2025-11-25T02:00:26.026+07:00  INFO 56836 --- [crypto-mock-trading] [           main] o.s.o.j.p.SpringPersistenceUnitInfo      : No LoadTimeWeaver setup: ignoring JPA class transformer
2025-11-25T02:00:27.285+07:00  INFO 56836 --- [crypto-mock-trading] [           main] o.h.e.t.j.p.i.JtaPlatformInitiator       : HHH000489: No JTA platform available (set 'hibernate.transaction.jta.platform' to enable JTA platform integration)
Hibernate: 
    set client_min_messages = WARNING
Hibernate: 
    drop table if exists alerts cascade
Hibernate: 
    drop table if exists backtests cascade
Hibernate: 
    drop table if exists holdings cascade
Hibernate: 
    drop table if exists idempotency_keys cascade
Hibernate: 
    drop table if exists notifications cascade
Hibernate: 
    drop table if exists orders cascade
Hibernate: 
    drop table if exists password_resets cascade
Hibernate: 
    drop table if exists portfolios cascade
Hibernate: 
    drop table if exists price_snapshots cascade
Hibernate: 
    drop table if exists refresh_tokens cascade
Hibernate: 
    drop table if exists request_logs cascade
Hibernate: 
    drop table if exists subscriptions cascade
Hibernate: 
    drop table if exists trades cascade
Hibernate: 
    drop table if exists usage_metrics cascade
Hibernate: 
    drop table if exists users cascade
Hibernate: 
    drop table if exists watchlist_items cascade
Hibernate: 
    drop table if exists watchlists cascade
Hibernate: 
    drop table if exists webhook_events cascade
Hibernate: 
    create table alerts (
        active boolean not null,
        threshold numeric(19,8) not null,
        created_at timestamp(6) with time zone not null,
        id bigint generated by default as identity,
        triggered_at timestamp(6) with time zone,
        user_id uuid not null,
        direction varchar(255) not null check (direction in ('ABOVE','BELOW')),
        symbol varchar(255) not null,
        primary key (id)
    )
Hibernate: 
    create table backtests (
        data_points integer,
        final_balance numeric(18,8),
        initial_balance numeric(18,8),
        max_drawdown numeric(10,4),
        net_return numeric(18,8),
        return_percent numeric(10,4),
        total_trades integer,
        win_rate numeric(5,2),
        winning_trades integer,
        created_at timestamp(6) with time zone not null,
        end_time timestamp(6) with time zone not null,
        start_time timestamp(6) with time zone not null,
        id uuid not null,
        user_id uuid,
        symbol varchar(20) not null,
        strategy_type varchar(50) not null,
        strategy_params json,
        primary key (id)
    )
Hibernate: 
    create table holdings (
        average_cost numeric(18,8),
        market_value numeric(18,8),
        quantity numeric(18,8) not null,
        total_cost numeric(18,8),
        unrealized_pnl numeric(18,8),
        created_at timestamp(6) with time zone not null,
        id bigint generated by default as identity,
        updated_at timestamp(6) with time zone not null,
        version bigint not null,
        user_id uuid not null,
        symbol varchar(255) not null,
        primary key (id),
        unique (user_id, symbol)
    )
Hibernate: 
    create table idempotency_keys (
        status_code integer,
        created_at timestamp(6) with time zone not null,
        expires_at timestamp(6) with time zone,
        id uuid not null,
        user_id uuid,
        endpoint varchar(255),
        key varchar(255) not null unique,
        response_body jsonb,
        primary key (id)
    )
Hibernate: 
    create table notifications (
        is_read boolean not null,
        created_at timestamp(6) with time zone not null,
        id bigint generated by default as identity,
        user_id uuid not null,
        message varchar(2000) not null,
        title varchar(255) not null,
        type varchar(255) not null check (type in ('ALERT_TRIGGERED')),
        primary key (id)
    )
Hibernate: 
    create table orders (
        average_price numeric(18,8),
        commission numeric(18,8),
        filled_quantity numeric(18,8),
        price numeric(18,8),
        quantity numeric(18,8) not null,
        total_amount numeric(18,8),
        created_at timestamp(6) with time zone not null,
        id bigint generated by default as identity,
        updated_at timestamp(6) with time zone,
        order_id uuid not null unique,
        user_id uuid not null,
        side varchar(255) not null check (side in ('BUY','SELL')),
        status varchar(255) not null check (status in ('PENDING','FILLED','PARTIALLY_FILLED','CANCELLED','REJECTED')),
        symbol varchar(255) not null,
        type varchar(255) not null check (type in ('MARKET','LIMIT','STOP_LOSS','TAKE_PROFIT')),
        primary key (id)
    )
Hibernate: 
    create table password_resets (
        used boolean not null,
        created_at timestamp(6) with time zone not null,
        expires_at timestamp(6) with time zone not null,
        id uuid not null,
        user_id uuid not null,
        token varchar(255) not null unique,
        primary key (id)
    )
Hibernate: 
    create table portfolios (
        total_invested numeric(18,8),
        total_market_value numeric(18,8),
        total_pnl numeric(18,8),
        total_pnl_percentage numeric(5,2),
        virtual_balance numeric(18,8) not null,
        created_at timestamp(6) with time zone not null,
        id bigint generated by default as identity,
        updated_at timestamp(6) with time zone not null,
        version bigint not null,
        user_id uuid not null unique,
        primary key (id)
    )
Hibernate: 
    create table price_snapshots (
        close numeric(20,8),
        high numeric(20,8),
        low numeric(20,8),
        open numeric(20,8),
        volume numeric(20,8),
        id bigint generated by default as identity,
        timestamp timestamp(6) with time zone not null,
        coin_symbol varchar(20) not null,
        raw_meta json,
        primary key (id)
    )
Hibernate: 
    create table refresh_tokens (
        revoked boolean not null,
        created_at timestamp(6) with time zone not null,
        expires_at timestamp(6) with time zone not null,
        id uuid not null,
        user_id uuid not null,
        token varchar(512) not null unique,
        primary key (id)
    )
Hibernate: 
    create table request_logs (
        cached boolean not null,
        status_code integer,
        created_at timestamp(6) with time zone not null,
        latency_ms bigint,
        id uuid not null,
        request_id uuid not null unique,
        user_id uuid,
        endpoint varchar(255) not null,
        provider varchar(255),
        normalized_params json,
        provider_meta json,
        primary key (id)
    )
Hibernate: 
    create table subscriptions (
        created_at timestamp(6) with time zone not null,
        current_period_end timestamp(6) with time zone,
        id bigint generated by default as identity,
        user_id uuid not null,
        plan_id varchar(50) not null,
        stripe_customer_id varchar(100),
        stripe_subscription_id varchar(100),
        status varchar(255) not null check (status in ('ACTIVE','CANCELED','PAST_DUE','INCOMPLETE','INCOMPLETE_EXPIRED','TRIALING','UNPAID')),
        primary key (id)
    )
Hibernate: 
    create table trades (
        commission numeric(18,8),
        price numeric(18,8) not null,
        quantity numeric(18,8) not null,
        total_amount numeric(18,8) not null,
        executed_at timestamp(6) with time zone not null,
        id bigint generated by default as identity,
        order_id bigint not null,
        trade_id uuid not null unique,
        user_id uuid not null,
        side varchar(255) not null check (side in ('BUY','SELL')),
        symbol varchar(255) not null,
        primary key (id)
    )
Hibernate: 
    create table usage_metrics (
        amount integer not null,
        created_at timestamp(6) with time zone not null,
        id bigint generated by default as identity,
        user_id uuid,
        metric_key varchar(100) not null,
        metadata varchar(500),
        primary key (id)
    )
Hibernate: 
    create table users (
        email_verified boolean not null,
        enabled boolean not null,
        created_at timestamp(6) with time zone not null,
        id uuid not null,
        email varchar(255) not null unique,
        full_name varchar(255) not null,
        password_hash varchar(255) not null,
        role varchar(255) not null,
        primary key (id)
    )
Hibernate: 
    create table watchlist_items (
        created_at timestamp(6) with time zone not null,
        id bigint generated by default as identity,
        watchlist_id bigint not null,
        symbol varchar(255) not null,
        primary key (id),
        constraint idx_watchlist_symbol unique (watchlist_id, symbol)
    )
Hibernate: 
    create table watchlists (
        created_at timestamp(6) with time zone not null,
        id bigint generated by default as identity,
        updated_at timestamp(6) with time zone,
        user_id uuid not null unique,
        primary key (id)
    )
Hibernate: 
    create table webhook_events (
        processed boolean not null,
        created_at timestamp(6) with time zone not null,
        id uuid not null,
        provider varchar(50) not null,
        event_id varchar(255) not null unique,
        payload jsonb,
        primary key (id)
    )
Hibernate: 
    create index idx_alert_user_symbol_active 
       on alerts (user_id, symbol, active)
Hibernate: 
    create index idx_idempotency_user 
       on idempotency_keys (user_id)
Hibernate: 
    create index idx_notification_user_created 
       on notifications (user_id, created_at)
Hibernate: 
    create index idx_password_resets_user 
       on password_resets (user_id)
Hibernate: 
    create index idx_refresh_user 
       on refresh_tokens (user_id)
Hibernate: 
    create index idx_metric_key 
       on usage_metrics (metric_key)
Hibernate: 
    create index idx_user_id 
       on usage_metrics (user_id)
Hibernate: 
    create index idx_created_at 
       on usage_metrics (created_at)
Hibernate: 
    create index idx_metric_user 
       on usage_metrics (metric_key, user_id)
Hibernate: 
    create index idx_webhook_provider 
       on webhook_events (provider)
2025-11-25T02:00:27.408+07:00  INFO 56836 --- [crypto-mock-trading] [           main] j.LocalContainerEntityManagerFactoryBean : Initialized JPA EntityManagerFactory for persistence unit 'default'
2025-11-25T02:00:27.745+07:00  INFO 56836 --- [crypto-mock-trading] [           main] o.s.d.j.r.query.QueryEnhancerFactory     : Hibernate is in classpath; If applicable, HQL parser will be used.
2025-11-25T02:00:30.210+07:00  WARN 56836 --- [crypto-mock-trading] [           main] JpaBaseConfiguration$JpaWebConfiguration : spring.jpa.open-in-view is enabled by default. Therefore, database queries may be performed during view rendering. Explicitly configure spring.jpa.open-in-view to disable this warning
2025-11-25T02:00:30.568+07:00  INFO 56836 --- [crypto-mock-trading] [           main] o.s.b.a.e.web.EndpointLinksResolver      : Exposing 3 endpoints beneath base path '/actuator'
2025-11-25T02:00:30.601+07:00  WARN 56836 --- [crypto-mock-trading] [           main] .s.s.UserDetailsServiceAutoConfiguration : 

Using generated security password: eb25e3a7-b193-444b-a8d4-d65075cf2f21

This generated password is for development use only. Your security configuration must be updated before running your application in production.

2025-11-25T02:00:30.608+07:00  INFO 56836 --- [crypto-mock-trading] [           main] r$InitializeUserDetailsManagerConfigurer : Global AuthenticationManager configured with UserDetailsService bean with name inMemoryUserDetailsManager
2025-11-25T02:00:31.339+07:00  INFO 56836 --- [crypto-mock-trading] [           main] o.s.b.w.embedded.tomcat.TomcatWebServer  : Tomcat started on port 59080 (http) with context path '/'
2025-11-25T02:00:31.362+07:00  INFO 56836 --- [crypto-mock-trading] [           main] c.e.d.i.DataRetentionIntegrationTest     : Started DataRetentionIntegrationTest in 10.886 seconds (process running for 15.409)
2025-11-25T02:00:31.433+07:00 ERROR 56836 --- [crypto-mock-trading] [   scheduling-1] n.j.s.p.j.JdbcTemplateStorageAccessor    : Unexpected exception

org.springframework.jdbc.BadSqlGrammarException: PreparedStatementCallback; bad SQL grammar [INSERT INTO shedlock(name, lock_until, locked_at, locked_by) VALUES(?, timezone('utc', CURRENT_TIMESTAMP) + cast(? as interval), timezone('utc', CURRENT_TIMESTAMP), ?) ON CONFLICT (name) DO UPDATE SET lock_until = timezone('utc', CURRENT_TIMESTAMP) + cast(? as interval), locked_at = timezone('utc', CURRENT_TIMESTAMP), locked_by = ? WHERE shedlock.name = ? AND shedlock.lock_until <= timezone('utc', CURRENT_TIMESTAMP)]
	at org.springframework.jdbc.support.SQLStateSQLExceptionTranslator.doTranslate(SQLStateSQLExceptionTranslator.java:114) ~[spring-jdbc-6.2.11.jar:6.2.11]
	at org.springframework.jdbc.support.AbstractFallbackSQLExceptionTranslator.translate(AbstractFallbackSQLExceptionTranslator.java:107) ~[spring-jdbc-6.2.11.jar:6.2.11]
	at org.springframework.jdbc.support.AbstractFallbackSQLExceptionTranslator.translate(AbstractFallbackSQLExceptionTranslator.java:116) ~[spring-jdbc-6.2.11.jar:6.2.11]
	at org.springframework.jdbc.core.JdbcTemplate.translateException(JdbcTemplate.java:1556) ~[spring-jdbc-6.2.11.jar:6.2.11]
	at org.springframework.jdbc.core.JdbcTemplate.execute(JdbcTemplate.java:677) ~[spring-jdbc-6.2.11.jar:6.2.11]
	at org.springframework.jdbc.core.JdbcTemplate.update(JdbcTemplate.java:972) ~[spring-jdbc-6.2.11.jar:6.2.11]
	at org.springframework.jdbc.core.JdbcTemplate.update(JdbcTemplate.java:993) ~[spring-jdbc-6.2.11.jar:6.2.11]
	at org.springframework.jdbc.core.namedparam.NamedParameterJdbcTemplate.update(NamedParameterJdbcTemplate.java:337) ~[spring-jdbc-6.2.11.jar:6.2.11]
	at org.springframework.jdbc.core.namedparam.NamedParameterJdbcTemplate.update(NamedParameterJdbcTemplate.java:342) ~[spring-jdbc-6.2.11.jar:6.2.11]
	at net.javacrumbs.shedlock.provider.jdbctemplate.JdbcTemplateStorageAccessor.lambda$execute$0(JdbcTemplateStorageAccessor.java:115) ~[shedlock-provider-jdbc-template-5.10.0.jar:na]
	at org.springframework.transaction.support.TransactionTemplate.execute(TransactionTemplate.java:140) ~[spring-tx-6.2.11.jar:6.2.11]
	at net.javacrumbs.shedlock.provider.jdbctemplate.JdbcTemplateStorageAccessor.execute(JdbcTemplateStorageAccessor.java:115) ~[shedlock-provider-jdbc-template-5.10.0.jar:na]
	at net.javacrumbs.shedlock.provider.jdbctemplate.JdbcTemplateStorageAccessor.insertRecord(JdbcTemplateStorageAccessor.java:64) ~[shedlock-provider-jdbc-template-5.10.0.jar:na]
	at net.javacrumbs.shedlock.support.StorageBasedLockProvider.doLock(StorageBasedLockProvider.java:72) ~[shedlock-core-5.10.0.jar:na]
	at net.javacrumbs.shedlock.support.StorageBasedLockProvider.lock(StorageBasedLockProvider.java:55) ~[shedlock-core-5.10.0.jar:na]
	at java.base/jdk.internal.reflect.DirectMethodHandleAccessor.invoke(DirectMethodHandleAccessor.java:104) ~[na:na]
	at java.base/java.lang.reflect.Method.invoke(Method.java:565) ~[na:na]
	at org.springframework.aop.support.AopUtils.invokeJoinpointUsingReflection(AopUtils.java:360) ~[spring-aop-6.2.11.jar:6.2.11]
	at org.springframework.aop.framework.JdkDynamicAopProxy.invoke(JdkDynamicAopProxy.java:216) ~[spring-aop-6.2.11.jar:6.2.11]
	at jdk.proxy2/jdk.proxy2.$Proxy147.lock(Unknown Source) ~[na:na]
	at net.javacrumbs.shedlock.core.DefaultLockingTaskExecutor.executeWithLock(DefaultLockingTaskExecutor.java:63) ~[shedlock-core-5.10.0.jar:na]
	at net.javacrumbs.shedlock.spring.aop.MethodProxyScheduledLockAdvisor$LockingInterceptor.invoke(MethodProxyScheduledLockAdvisor.java:79) ~[shedlock-spring-5.10.0.jar:na]
	at org.springframework.aop.framework.ReflectiveMethodInvocation.proceed(ReflectiveMethodInvocation.java:184) ~[spring-aop-6.2.11.jar:6.2.11]
	at org.springframework.aop.framework.CglibAopProxy$DynamicAdvisedInterceptor.intercept(CglibAopProxy.java:728) ~[spring-aop-6.2.11.jar:6.2.11]
	at com.example.demo.scheduler.AlertCheckerScheduler$$SpringCGLIB$$0.processAlerts(<generated>) ~[classes/:na]
	at java.base/jdk.internal.reflect.DirectMethodHandleAccessor.invoke(DirectMethodHandleAccessor.java:104) ~[na:na]
	at java.base/java.lang.reflect.Method.invoke(Method.java:565) ~[na:na]
	at org.springframework.scheduling.support.ScheduledMethodRunnable.runInternal(ScheduledMethodRunnable.java:130) ~[spring-context-6.2.11.jar:6.2.11]
	at org.springframework.scheduling.support.ScheduledMethodRunnable.lambda$run$2(ScheduledMethodRunnable.java:124) ~[spring-context-6.2.11.jar:6.2.11]
	at io.micrometer.observation.Observation.observe(Observation.java:498) ~[micrometer-observation-1.15.4.jar:1.15.4]
	at org.springframework.scheduling.support.ScheduledMethodRunnable.run(ScheduledMethodRunnable.java:124) ~[spring-context-6.2.11.jar:6.2.11]
	at org.springframework.scheduling.config.Task$OutcomeTrackingRunnable.run(Task.java:85) ~[spring-context-6.2.11.jar:6.2.11]
	at org.springframework.scheduling.support.DelegatingErrorHandlingRunnable.run(DelegatingErrorHandlingRunnable.java:54) ~[spring-context-6.2.11.jar:6.2.11]
	at java.base/java.util.concurrent.Executors$RunnableAdapter.call(Executors.java:545) ~[na:na]
	at java.base/java.util.concurrent.FutureTask.runAndReset(FutureTask.java:369) ~[na:na]
	at java.base/java.util.concurrent.ScheduledThreadPoolExecutor$ScheduledFutureTask.run(ScheduledThreadPoolExecutor.java:310) ~[na:na]
	at java.base/java.util.concurrent.ThreadPoolExecutor.runWorker(ThreadPoolExecutor.java:1095) ~[na:na]
	at java.base/java.util.concurrent.ThreadPoolExecutor$Worker.run(ThreadPoolExecutor.java:619) ~[na:na]
	at java.base/java.lang.Thread.run(Thread.java:1447) ~[na:na]
Caused by: org.postgresql.util.PSQLException: ERROR: relation "shedlock" does not exist
  Position: 13
	at org.postgresql.core.v3.QueryExecutorImpl.receiveErrorResponse(QueryExecutorImpl.java:2734) ~[postgresql-42.7.7.jar:42.7.7]
	at org.postgresql.core.v3.QueryExecutorImpl.processResults(QueryExecutorImpl.java:2421) ~[postgresql-42.7.7.jar:42.7.7]
	at org.postgresql.core.v3.QueryExecutorImpl.execute(QueryExecutorImpl.java:372) ~[postgresql-42.7.7.jar:42.7.7]
	at org.postgresql.jdbc.PgStatement.executeInternal(PgStatement.java:518) ~[postgresql-42.7.7.jar:42.7.7]
	at org.postgresql.jdbc.PgStatement.execute(PgStatement.java:435) ~[postgresql-42.7.7.jar:42.7.7]
	at org.postgresql.jdbc.PgPreparedStatement.executeWithFlags(PgPreparedStatement.java:196) ~[postgresql-42.7.7.jar:42.7.7]
	at org.postgresql.jdbc.PgPreparedStatement.executeUpdate(PgPreparedStatement.java:157) ~[postgresql-42.7.7.jar:42.7.7]
	at com.zaxxer.hikari.pool.ProxyPreparedStatement.executeUpdate(ProxyPreparedStatement.java:61) ~[HikariCP-6.3.3.jar:na]
	at com.zaxxer.hikari.pool.HikariProxyPreparedStatement.executeUpdate(HikariProxyPreparedStatement.java) ~[HikariCP-6.3.3.jar:na]
	at org.springframework.jdbc.core.JdbcTemplate.lambda$update$2(JdbcTemplate.java:977) ~[spring-jdbc-6.2.11.jar:6.2.11]
	at org.springframework.jdbc.core.JdbcTemplate.execute(JdbcTemplate.java:658) ~[spring-jdbc-6.2.11.jar:6.2.11]
	... 34 common frames omitted

2025-11-25T02:00:31.447+07:00 ERROR 56836 --- [crypto-mock-trading] [   scheduling-1] o.s.s.s.TaskUtils$LoggingErrorHandler    : Unexpected error occurred in scheduled task

org.springframework.jdbc.BadSqlGrammarException: PreparedStatementCallback; bad SQL grammar [UPDATE shedlock SET lock_until = timezone('utc', CURRENT_TIMESTAMP) + cast(? as interval), locked_at = timezone('utc', CURRENT_TIMESTAMP), locked_by = ? WHERE shedlock.name = ? AND shedlock.lock_until <= timezone('utc', CURRENT_TIMESTAMP)]
	at org.springframework.jdbc.support.SQLStateSQLExceptionTranslator.doTranslate(SQLStateSQLExceptionTranslator.java:114) ~[spring-jdbc-6.2.11.jar:6.2.11]
	at org.springframework.jdbc.support.AbstractFallbackSQLExceptionTranslator.translate(AbstractFallbackSQLExceptionTranslator.java:107) ~[spring-jdbc-6.2.11.jar:6.2.11]
	at org.springframework.jdbc.support.AbstractFallbackSQLExceptionTranslator.translate(AbstractFallbackSQLExceptionTranslator.java:116) ~[spring-jdbc-6.2.11.jar:6.2.11]
	at org.springframework.jdbc.core.JdbcTemplate.translateException(JdbcTemplate.java:1556) ~[spring-jdbc-6.2.11.jar:6.2.11]
	at org.springframework.jdbc.core.JdbcTemplate.execute(JdbcTemplate.java:677) ~[spring-jdbc-6.2.11.jar:6.2.11]
	at org.springframework.jdbc.core.JdbcTemplate.update(JdbcTemplate.java:972) ~[spring-jdbc-6.2.11.jar:6.2.11]
	at org.springframework.jdbc.core.JdbcTemplate.update(JdbcTemplate.java:993) ~[spring-jdbc-6.2.11.jar:6.2.11]
	at org.springframework.jdbc.core.namedparam.NamedParameterJdbcTemplate.update(NamedParameterJdbcTemplate.java:337) ~[spring-jdbc-6.2.11.jar:6.2.11]
	at org.springframework.jdbc.core.namedparam.NamedParameterJdbcTemplate.update(NamedParameterJdbcTemplate.java:342) ~[spring-jdbc-6.2.11.jar:6.2.11]
	at net.javacrumbs.shedlock.provider.jdbctemplate.JdbcTemplateStorageAccessor.lambda$execute$0(JdbcTemplateStorageAccessor.java:115) ~[shedlock-provider-jdbc-template-5.10.0.jar:na]
	at org.springframework.transaction.support.TransactionTemplate.execute(TransactionTemplate.java:140) ~[spring-tx-6.2.11.jar:6.2.11]
	at net.javacrumbs.shedlock.provider.jdbctemplate.JdbcTemplateStorageAccessor.execute(JdbcTemplateStorageAccessor.java:115) ~[shedlock-provider-jdbc-template-5.10.0.jar:na]
	at net.javacrumbs.shedlock.provider.jdbctemplate.JdbcTemplateStorageAccessor.updateRecord(JdbcTemplateStorageAccessor.java:78) ~[shedlock-provider-jdbc-template-5.10.0.jar:na]
	at net.javacrumbs.shedlock.support.StorageBasedLockProvider.doLock(StorageBasedLockProvider.java:85) ~[shedlock-core-5.10.0.jar:na]
	at net.javacrumbs.shedlock.support.StorageBasedLockProvider.lock(StorageBasedLockProvider.java:55) ~[shedlock-core-5.10.0.jar:na]
	at java.base/jdk.internal.reflect.DirectMethodHandleAccessor.invoke(DirectMethodHandleAccessor.java:104) ~[na:na]
	at java.base/java.lang.reflect.Method.invoke(Method.java:565) ~[na:na]
	at org.springframework.aop.support.AopUtils.invokeJoinpointUsingReflection(AopUtils.java:360) ~[spring-aop-6.2.11.jar:6.2.11]
	at org.springframework.aop.framework.JdkDynamicAopProxy.invoke(JdkDynamicAopProxy.java:216) ~[spring-aop-6.2.11.jar:6.2.11]
	at jdk.proxy2/jdk.proxy2.$Proxy147.lock(Unknown Source) ~[na:na]
	at net.javacrumbs.shedlock.core.DefaultLockingTaskExecutor.executeWithLock(DefaultLockingTaskExecutor.java:63) ~[shedlock-core-5.10.0.jar:na]
	at net.javacrumbs.shedlock.spring.aop.MethodProxyScheduledLockAdvisor$LockingInterceptor.invoke(MethodProxyScheduledLockAdvisor.java:79) ~[shedlock-spring-5.10.0.jar:na]
	at org.springframework.aop.framework.ReflectiveMethodInvocation.proceed(ReflectiveMethodInvocation.java:184) ~[spring-aop-6.2.11.jar:6.2.11]
	at org.springframework.aop.framework.CglibAopProxy$DynamicAdvisedInterceptor.intercept(CglibAopProxy.java:728) ~[spring-aop-6.2.11.jar:6.2.11]
	at com.example.demo.scheduler.AlertCheckerScheduler$$SpringCGLIB$$0.processAlerts(<generated>) ~[classes/:na]
	at java.base/jdk.internal.reflect.DirectMethodHandleAccessor.invoke(DirectMethodHandleAccessor.java:104) ~[na:na]
	at java.base/java.lang.reflect.Method.invoke(Method.java:565) ~[na:na]
	at org.springframework.scheduling.support.ScheduledMethodRunnable.runInternal(ScheduledMethodRunnable.java:130) ~[spring-context-6.2.11.jar:6.2.11]
	at org.springframework.scheduling.support.ScheduledMethodRunnable.lambda$run$2(ScheduledMethodRunnable.java:124) ~[spring-context-6.2.11.jar:6.2.11]
	at io.micrometer.observation.Observation.observe(Observation.java:498) ~[micrometer-observation-1.15.4.jar:1.15.4]
	at org.springframework.scheduling.support.ScheduledMethodRunnable.run(ScheduledMethodRunnable.java:124) ~[spring-context-6.2.11.jar:6.2.11]
	at org.springframework.scheduling.config.Task$OutcomeTrackingRunnable.run(Task.java:85) ~[spring-context-6.2.11.jar:6.2.11]
	at org.springframework.scheduling.support.DelegatingErrorHandlingRunnable.run(DelegatingErrorHandlingRunnable.java:54) ~[spring-context-6.2.11.jar:6.2.11]
	at java.base/java.util.concurrent.Executors$RunnableAdapter.call(Executors.java:545) ~[na:na]
	at java.base/java.util.concurrent.FutureTask.runAndReset(FutureTask.java:369) ~[na:na]
	at java.base/java.util.concurrent.ScheduledThreadPoolExecutor$ScheduledFutureTask.run(ScheduledThreadPoolExecutor.java:310) ~[na:na]
	at java.base/java.util.concurrent.ThreadPoolExecutor.runWorker(ThreadPoolExecutor.java:1095) ~[na:na]
	at java.base/java.util.concurrent.ThreadPoolExecutor$Worker.run(ThreadPoolExecutor.java:619) ~[na:na]
	at java.base/java.lang.Thread.run(Thread.java:1447) ~[na:na]
Caused by: org.postgresql.util.PSQLException: ERROR: relation "shedlock" does not exist
  Position: 8
	at org.postgresql.core.v3.QueryExecutorImpl.receiveErrorResponse(QueryExecutorImpl.java:2734) ~[postgresql-42.7.7.jar:42.7.7]
	at org.postgresql.core.v3.QueryExecutorImpl.processResults(QueryExecutorImpl.java:2421) ~[postgresql-42.7.7.jar:42.7.7]
	at org.postgresql.core.v3.QueryExecutorImpl.execute(QueryExecutorImpl.java:372) ~[postgresql-42.7.7.jar:42.7.7]
	at org.postgresql.jdbc.PgStatement.executeInternal(PgStatement.java:518) ~[postgresql-42.7.7.jar:42.7.7]
	at org.postgresql.jdbc.PgStatement.execute(PgStatement.java:435) ~[postgresql-42.7.7.jar:42.7.7]
	at org.postgresql.jdbc.PgPreparedStatement.executeWithFlags(PgPreparedStatement.java:196) ~[postgresql-42.7.7.jar:42.7.7]
	at org.postgresql.jdbc.PgPreparedStatement.executeUpdate(PgPreparedStatement.java:157) ~[postgresql-42.7.7.jar:42.7.7]
	at com.zaxxer.hikari.pool.ProxyPreparedStatement.executeUpdate(ProxyPreparedStatement.java:61) ~[HikariCP-6.3.3.jar:na]
	at com.zaxxer.hikari.pool.HikariProxyPreparedStatement.executeUpdate(HikariProxyPreparedStatement.java) ~[HikariCP-6.3.3.jar:na]
	at org.springframework.jdbc.core.JdbcTemplate.lambda$update$2(JdbcTemplate.java:977) ~[spring-jdbc-6.2.11.jar:6.2.11]
	at org.springframework.jdbc.core.JdbcTemplate.execute(JdbcTemplate.java:658) ~[spring-jdbc-6.2.11.jar:6.2.11]
	... 34 common frames omitted

2025-11-25T02:00:31.453+07:00 ERROR 56836 --- [crypto-mock-trading] [   scheduling-1] n.j.s.p.j.JdbcTemplateStorageAccessor    : Unexpected exception

org.springframework.jdbc.BadSqlGrammarException: PreparedStatementCallback; bad SQL grammar [INSERT INTO shedlock(name, lock_until, locked_at, locked_by) VALUES(?, timezone('utc', CURRENT_TIMESTAMP) + cast(? as interval), timezone('utc', CURRENT_TIMESTAMP), ?) ON CONFLICT (name) DO UPDATE SET lock_until = timezone('utc', CURRENT_TIMESTAMP) + cast(? as interval), locked_at = timezone('utc', CURRENT_TIMESTAMP), locked_by = ? WHERE shedlock.name = ? AND shedlock.lock_until <= timezone('utc', CURRENT_TIMESTAMP)]
	at org.springframework.jdbc.support.SQLStateSQLExceptionTranslator.doTranslate(SQLStateSQLExceptionTranslator.java:114) ~[spring-jdbc-6.2.11.jar:6.2.11]
	at org.springframework.jdbc.support.AbstractFallbackSQLExceptionTranslator.translate(AbstractFallbackSQLExceptionTranslator.java:107) ~[spring-jdbc-6.2.11.jar:6.2.11]
	at org.springframework.jdbc.support.AbstractFallbackSQLExceptionTranslator.translate(AbstractFallbackSQLExceptionTranslator.java:116) ~[spring-jdbc-6.2.11.jar:6.2.11]
	at org.springframework.jdbc.core.JdbcTemplate.translateException(JdbcTemplate.java:1556) ~[spring-jdbc-6.2.11.jar:6.2.11]
	at org.springframework.jdbc.core.JdbcTemplate.execute(JdbcTemplate.java:677) ~[spring-jdbc-6.2.11.jar:6.2.11]
	at org.springframework.jdbc.core.JdbcTemplate.update(JdbcTemplate.java:972) ~[spring-jdbc-6.2.11.jar:6.2.11]
	at org.springframework.jdbc.core.JdbcTemplate.update(JdbcTemplate.java:993) ~[spring-jdbc-6.2.11.jar:6.2.11]
	at org.springframework.jdbc.core.namedparam.NamedParameterJdbcTemplate.update(NamedParameterJdbcTemplate.java:337) ~[spring-jdbc-6.2.11.jar:6.2.11]
	at org.springframework.jdbc.core.namedparam.NamedParameterJdbcTemplate.update(NamedParameterJdbcTemplate.java:342) ~[spring-jdbc-6.2.11.jar:6.2.11]
	at net.javacrumbs.shedlock.provider.jdbctemplate.JdbcTemplateStorageAccessor.lambda$execute$0(JdbcTemplateStorageAccessor.java:115) ~[shedlock-provider-jdbc-template-5.10.0.jar:na]
	at org.springframework.transaction.support.TransactionTemplate.execute(TransactionTemplate.java:140) ~[spring-tx-6.2.11.jar:6.2.11]
	at net.javacrumbs.shedlock.provider.jdbctemplate.JdbcTemplateStorageAccessor.execute(JdbcTemplateStorageAccessor.java:115) ~[shedlock-provider-jdbc-template-5.10.0.jar:na]
	at net.javacrumbs.shedlock.provider.jdbctemplate.JdbcTemplateStorageAccessor.insertRecord(JdbcTemplateStorageAccessor.java:64) ~[shedlock-provider-jdbc-template-5.10.0.jar:na]
	at net.javacrumbs.shedlock.support.StorageBasedLockProvider.doLock(StorageBasedLockProvider.java:72) ~[shedlock-core-5.10.0.jar:na]
	at net.javacrumbs.shedlock.support.StorageBasedLockProvider.lock(StorageBasedLockProvider.java:55) ~[shedlock-core-5.10.0.jar:na]
	at java.base/jdk.internal.reflect.DirectMethodHandleAccessor.invoke(DirectMethodHandleAccessor.java:104) ~[na:na]
	at java.base/java.lang.reflect.Method.invoke(Method.java:565) ~[na:na]
	at org.springframework.aop.support.AopUtils.invokeJoinpointUsingReflection(AopUtils.java:360) ~[spring-aop-6.2.11.jar:6.2.11]
	at org.springframework.aop.framework.JdkDynamicAopProxy.invoke(JdkDynamicAopProxy.java:216) ~[spring-aop-6.2.11.jar:6.2.11]
	at jdk.proxy2/jdk.proxy2.$Proxy147.lock(Unknown Source) ~[na:na]
	at net.javacrumbs.shedlock.core.DefaultLockingTaskExecutor.executeWithLock(DefaultLockingTaskExecutor.java:63) ~[shedlock-core-5.10.0.jar:na]
	at net.javacrumbs.shedlock.spring.aop.MethodProxyScheduledLockAdvisor$LockingInterceptor.invoke(MethodProxyScheduledLockAdvisor.java:79) ~[shedlock-spring-5.10.0.jar:na]
	at org.springframework.aop.framework.ReflectiveMethodInvocation.proceed(ReflectiveMethodInvocation.java:184) ~[spring-aop-6.2.11.jar:6.2.11]
	at org.springframework.aop.framework.CglibAopProxy$DynamicAdvisedInterceptor.intercept(CglibAopProxy.java:728) ~[spring-aop-6.2.11.jar:6.2.11]
	at com.example.demo.scheduler.CacheWarmingScheduler$$SpringCGLIB$$0.warmCache(<generated>) ~[classes/:na]
	at java.base/jdk.internal.reflect.DirectMethodHandleAccessor.invoke(DirectMethodHandleAccessor.java:104) ~[na:na]
	at java.base/java.lang.reflect.Method.invoke(Method.java:565) ~[na:na]
	at org.springframework.scheduling.support.ScheduledMethodRunnable.runInternal(ScheduledMethodRunnable.java:130) ~[spring-context-6.2.11.jar:6.2.11]
	at org.springframework.scheduling.support.ScheduledMethodRunnable.lambda$run$2(ScheduledMethodRunnable.java:124) ~[spring-context-6.2.11.jar:6.2.11]
	at io.micrometer.observation.Observation.observe(Observation.java:498) ~[micrometer-observation-1.15.4.jar:1.15.4]
	at org.springframework.scheduling.support.ScheduledMethodRunnable.run(ScheduledMethodRunnable.java:124) ~[spring-context-6.2.11.jar:6.2.11]
	at org.springframework.scheduling.config.Task$OutcomeTrackingRunnable.run(Task.java:85) ~[spring-context-6.2.11.jar:6.2.11]
	at org.springframework.scheduling.support.DelegatingErrorHandlingRunnable.run(DelegatingErrorHandlingRunnable.java:54) ~[spring-context-6.2.11.jar:6.2.11]
	at java.base/java.util.concurrent.Executors$RunnableAdapter.call(Executors.java:545) ~[na:na]
	at java.base/java.util.concurrent.FutureTask.runAndReset(FutureTask.java:369) ~[na:na]
	at java.base/java.util.concurrent.ScheduledThreadPoolExecutor$ScheduledFutureTask.run(ScheduledThreadPoolExecutor.java:310) ~[na:na]
	at java.base/java.util.concurrent.ThreadPoolExecutor.runWorker(ThreadPoolExecutor.java:1095) ~[na:na]
	at java.base/java.util.concurrent.ThreadPoolExecutor$Worker.run(ThreadPoolExecutor.java:619) ~[na:na]
	at java.base/java.lang.Thread.run(Thread.java:1447) ~[na:na]
Caused by: org.postgresql.util.PSQLException: ERROR: relation "shedlock" does not exist
  Position: 13
	at org.postgresql.core.v3.QueryExecutorImpl.receiveErrorResponse(QueryExecutorImpl.java:2734) ~[postgresql-42.7.7.jar:42.7.7]
	at org.postgresql.core.v3.QueryExecutorImpl.processResults(QueryExecutorImpl.java:2421) ~[postgresql-42.7.7.jar:42.7.7]
	at org.postgresql.core.v3.QueryExecutorImpl.execute(QueryExecutorImpl.java:372) ~[postgresql-42.7.7.jar:42.7.7]
	at org.postgresql.jdbc.PgStatement.executeInternal(PgStatement.java:518) ~[postgresql-42.7.7.jar:42.7.7]
	at org.postgresql.jdbc.PgStatement.execute(PgStatement.java:435) ~[postgresql-42.7.7.jar:42.7.7]
	at org.postgresql.jdbc.PgPreparedStatement.executeWithFlags(PgPreparedStatement.java:196) ~[postgresql-42.7.7.jar:42.7.7]
	at org.postgresql.jdbc.PgPreparedStatement.executeUpdate(PgPreparedStatement.java:157) ~[postgresql-42.7.7.jar:42.7.7]
	at com.zaxxer.hikari.pool.ProxyPreparedStatement.executeUpdate(ProxyPreparedStatement.java:61) ~[HikariCP-6.3.3.jar:na]
	at com.zaxxer.hikari.pool.HikariProxyPreparedStatement.executeUpdate(HikariProxyPreparedStatement.java) ~[HikariCP-6.3.3.jar:na]
	at org.springframework.jdbc.core.JdbcTemplate.lambda$update$2(JdbcTemplate.java:977) ~[spring-jdbc-6.2.11.jar:6.2.11]
	at org.springframework.jdbc.core.JdbcTemplate.execute(JdbcTemplate.java:658) ~[spring-jdbc-6.2.11.jar:6.2.11]
	... 34 common frames omitted

2025-11-25T02:00:31.460+07:00 ERROR 56836 --- [crypto-mock-trading] [   scheduling-1] o.s.s.s.TaskUtils$LoggingErrorHandler    : Unexpected error occurred in scheduled task

org.springframework.jdbc.BadSqlGrammarException: PreparedStatementCallback; bad SQL grammar [UPDATE shedlock SET lock_until = timezone('utc', CURRENT_TIMESTAMP) + cast(? as interval), locked_at = timezone('utc', CURRENT_TIMESTAMP), locked_by = ? WHERE shedlock.name = ? AND shedlock.lock_until <= timezone('utc', CURRENT_TIMESTAMP)]
	at org.springframework.jdbc.support.SQLStateSQLExceptionTranslator.doTranslate(SQLStateSQLExceptionTranslator.java:114) ~[spring-jdbc-6.2.11.jar:6.2.11]
	at org.springframework.jdbc.support.AbstractFallbackSQLExceptionTranslator.translate(AbstractFallbackSQLExceptionTranslator.java:107) ~[spring-jdbc-6.2.11.jar:6.2.11]
	at org.springframework.jdbc.support.AbstractFallbackSQLExceptionTranslator.translate(AbstractFallbackSQLExceptionTranslator.java:116) ~[spring-jdbc-6.2.11.jar:6.2.11]
	at org.springframework.jdbc.core.JdbcTemplate.translateException(JdbcTemplate.java:1556) ~[spring-jdbc-6.2.11.jar:6.2.11]
	at org.springframework.jdbc.core.JdbcTemplate.execute(JdbcTemplate.java:677) ~[spring-jdbc-6.2.11.jar:6.2.11]
	at org.springframework.jdbc.core.JdbcTemplate.update(JdbcTemplate.java:972) ~[spring-jdbc-6.2.11.jar:6.2.11]
	at org.springframework.jdbc.core.JdbcTemplate.update(JdbcTemplate.java:993) ~[spring-jdbc-6.2.11.jar:6.2.11]
	at org.springframework.jdbc.core.namedparam.NamedParameterJdbcTemplate.update(NamedParameterJdbcTemplate.java:337) ~[spring-jdbc-6.2.11.jar:6.2.11]
	at org.springframework.jdbc.core.namedparam.NamedParameterJdbcTemplate.update(NamedParameterJdbcTemplate.java:342) ~[spring-jdbc-6.2.11.jar:6.2.11]
	at net.javacrumbs.shedlock.provider.jdbctemplate.JdbcTemplateStorageAccessor.lambda$execute$0(JdbcTemplateStorageAccessor.java:115) ~[shedlock-provider-jdbc-template-5.10.0.jar:na]
	at org.springframework.transaction.support.TransactionTemplate.execute(TransactionTemplate.java:140) ~[spring-tx-6.2.11.jar:6.2.11]
	at net.javacrumbs.shedlock.provider.jdbctemplate.JdbcTemplateStorageAccessor.execute(JdbcTemplateStorageAccessor.java:115) ~[shedlock-provider-jdbc-template-5.10.0.jar:na]
	at net.javacrumbs.shedlock.provider.jdbctemplate.JdbcTemplateStorageAccessor.updateRecord(JdbcTemplateStorageAccessor.java:78) ~[shedlock-provider-jdbc-template-5.10.0.jar:na]
	at net.javacrumbs.shedlock.support.StorageBasedLockProvider.doLock(StorageBasedLockProvider.java:85) ~[shedlock-core-5.10.0.jar:na]
	at net.javacrumbs.shedlock.support.StorageBasedLockProvider.lock(StorageBasedLockProvider.java:55) ~[shedlock-core-5.10.0.jar:na]
	at java.base/jdk.internal.reflect.DirectMethodHandleAccessor.invoke(DirectMethodHandleAccessor.java:104) ~[na:na]
	at java.base/java.lang.reflect.Method.invoke(Method.java:565) ~[na:na]
	at org.springframework.aop.support.AopUtils.invokeJoinpointUsingReflection(AopUtils.java:360) ~[spring-aop-6.2.11.jar:6.2.11]
	at org.springframework.aop.framework.JdkDynamicAopProxy.invoke(JdkDynamicAopProxy.java:216) ~[spring-aop-6.2.11.jar:6.2.11]
	at jdk.proxy2/jdk.proxy2.$Proxy147.lock(Unknown Source) ~[na:na]
	at net.javacrumbs.shedlock.core.DefaultLockingTaskExecutor.executeWithLock(DefaultLockingTaskExecutor.java:63) ~[shedlock-core-5.10.0.jar:na]
	at net.javacrumbs.shedlock.spring.aop.MethodProxyScheduledLockAdvisor$LockingInterceptor.invoke(MethodProxyScheduledLockAdvisor.java:79) ~[shedlock-spring-5.10.0.jar:na]
	at org.springframework.aop.framework.ReflectiveMethodInvocation.proceed(ReflectiveMethodInvocation.java:184) ~[spring-aop-6.2.11.jar:6.2.11]
	at org.springframework.aop.framework.CglibAopProxy$DynamicAdvisedInterceptor.intercept(CglibAopProxy.java:728) ~[spring-aop-6.2.11.jar:6.2.11]
	at com.example.demo.scheduler.CacheWarmingScheduler$$SpringCGLIB$$0.warmCache(<generated>) ~[classes/:na]
	at java.base/jdk.internal.reflect.DirectMethodHandleAccessor.invoke(DirectMethodHandleAccessor.java:104) ~[na:na]
	at java.base/java.lang.reflect.Method.invoke(Method.java:565) ~[na:na]
	at org.springframework.scheduling.support.ScheduledMethodRunnable.runInternal(ScheduledMethodRunnable.java:130) ~[spring-context-6.2.11.jar:6.2.11]
	at org.springframework.scheduling.support.ScheduledMethodRunnable.lambda$run$2(ScheduledMethodRunnable.java:124) ~[spring-context-6.2.11.jar:6.2.11]
	at io.micrometer.observation.Observation.observe(Observation.java:498) ~[micrometer-observation-1.15.4.jar:1.15.4]
	at org.springframework.scheduling.support.ScheduledMethodRunnable.run(ScheduledMethodRunnable.java:124) ~[spring-context-6.2.11.jar:6.2.11]
	at org.springframework.scheduling.config.Task$OutcomeTrackingRunnable.run(Task.java:85) ~[spring-context-6.2.11.jar:6.2.11]
	at org.springframework.scheduling.support.DelegatingErrorHandlingRunnable.run(DelegatingErrorHandlingRunnable.java:54) ~[spring-context-6.2.11.jar:6.2.11]
	at java.base/java.util.concurrent.Executors$RunnableAdapter.call(Executors.java:545) ~[na:na]
	at java.base/java.util.concurrent.FutureTask.runAndReset(FutureTask.java:369) ~[na:na]
	at java.base/java.util.concurrent.ScheduledThreadPoolExecutor$ScheduledFutureTask.run(ScheduledThreadPoolExecutor.java:310) ~[na:na]
	at java.base/java.util.concurrent.ThreadPoolExecutor.runWorker(ThreadPoolExecutor.java:1095) ~[na:na]
	at java.base/java.util.concurrent.ThreadPoolExecutor$Worker.run(ThreadPoolExecutor.java:619) ~[na:na]
	at java.base/java.lang.Thread.run(Thread.java:1447) ~[na:na]
Caused by: org.postgresql.util.PSQLException: ERROR: relation "shedlock" does not exist
  Position: 8
	at org.postgresql.core.v3.QueryExecutorImpl.receiveErrorResponse(QueryExecutorImpl.java:2734) ~[postgresql-42.7.7.jar:42.7.7]
	at org.postgresql.core.v3.QueryExecutorImpl.processResults(QueryExecutorImpl.java:2421) ~[postgresql-42.7.7.jar:42.7.7]
	at org.postgresql.core.v3.QueryExecutorImpl.execute(QueryExecutorImpl.java:372) ~[postgresql-42.7.7.jar:42.7.7]
	at org.postgresql.jdbc.PgStatement.executeInternal(PgStatement.java:518) ~[postgresql-42.7.7.jar:42.7.7]
	at org.postgresql.jdbc.PgStatement.execute(PgStatement.java:435) ~[postgresql-42.7.7.jar:42.7.7]
	at org.postgresql.jdbc.PgPreparedStatement.executeWithFlags(PgPreparedStatement.java:196) ~[postgresql-42.7.7.jar:42.7.7]
	at org.postgresql.jdbc.PgPreparedStatement.executeUpdate(PgPreparedStatement.java:157) ~[postgresql-42.7.7.jar:42.7.7]
	at com.zaxxer.hikari.pool.ProxyPreparedStatement.executeUpdate(ProxyPreparedStatement.java:61) ~[HikariCP-6.3.3.jar:na]
	at com.zaxxer.hikari.pool.HikariProxyPreparedStatement.executeUpdate(HikariProxyPreparedStatement.java) ~[HikariCP-6.3.3.jar:na]
	at org.springframework.jdbc.core.JdbcTemplate.lambda$update$2(JdbcTemplate.java:977) ~[spring-jdbc-6.2.11.jar:6.2.11]
	at org.springframework.jdbc.core.JdbcTemplate.execute(JdbcTemplate.java:658) ~[spring-jdbc-6.2.11.jar:6.2.11]
	... 34 common frames omitted

2025-11-25T02:00:31.464+07:00 ERROR 56836 --- [crypto-mock-trading] [   scheduling-1] n.j.s.p.j.JdbcTemplateStorageAccessor    : Unexpected exception

org.springframework.jdbc.BadSqlGrammarException: PreparedStatementCallback; bad SQL grammar [INSERT INTO shedlock(name, lock_until, locked_at, locked_by) VALUES(?, timezone('utc', CURRENT_TIMESTAMP) + cast(? as interval), timezone('utc', CURRENT_TIMESTAMP), ?) ON CONFLICT (name) DO UPDATE SET lock_until = timezone('utc', CURRENT_TIMESTAMP) + cast(? as interval), locked_at = timezone('utc', CURRENT_TIMESTAMP), locked_by = ? WHERE shedlock.name = ? AND shedlock.lock_until <= timezone('utc', CURRENT_TIMESTAMP)]
	at org.springframework.jdbc.support.SQLStateSQLExceptionTranslator.doTranslate(SQLStateSQLExceptionTranslator.java:114) ~[spring-jdbc-6.2.11.jar:6.2.11]
	at org.springframework.jdbc.support.AbstractFallbackSQLExceptionTranslator.translate(AbstractFallbackSQLExceptionTranslator.java:107) ~[spring-jdbc-6.2.11.jar:6.2.11]
	at org.springframework.jdbc.support.AbstractFallbackSQLExceptionTranslator.translate(AbstractFallbackSQLExceptionTranslator.java:116) ~[spring-jdbc-6.2.11.jar:6.2.11]
	at org.springframework.jdbc.core.JdbcTemplate.translateException(JdbcTemplate.java:1556) ~[spring-jdbc-6.2.11.jar:6.2.11]
	at org.springframework.jdbc.core.JdbcTemplate.execute(JdbcTemplate.java:677) ~[spring-jdbc-6.2.11.jar:6.2.11]
	at org.springframework.jdbc.core.JdbcTemplate.update(JdbcTemplate.java:972) ~[spring-jdbc-6.2.11.jar:6.2.11]
	at org.springframework.jdbc.core.JdbcTemplate.update(JdbcTemplate.java:993) ~[spring-jdbc-6.2.11.jar:6.2.11]
	at org.springframework.jdbc.core.namedparam.NamedParameterJdbcTemplate.update(NamedParameterJdbcTemplate.java:337) ~[spring-jdbc-6.2.11.jar:6.2.11]
	at org.springframework.jdbc.core.namedparam.NamedParameterJdbcTemplate.update(NamedParameterJdbcTemplate.java:342) ~[spring-jdbc-6.2.11.jar:6.2.11]
	at net.javacrumbs.shedlock.provider.jdbctemplate.JdbcTemplateStorageAccessor.lambda$execute$0(JdbcTemplateStorageAccessor.java:115) ~[shedlock-provider-jdbc-template-5.10.0.jar:na]
	at org.springframework.transaction.support.TransactionTemplate.execute(TransactionTemplate.java:140) ~[spring-tx-6.2.11.jar:6.2.11]
	at net.javacrumbs.shedlock.provider.jdbctemplate.JdbcTemplateStorageAccessor.execute(JdbcTemplateStorageAccessor.java:115) ~[shedlock-provider-jdbc-template-5.10.0.jar:na]
	at net.javacrumbs.shedlock.provider.jdbctemplate.JdbcTemplateStorageAccessor.insertRecord(JdbcTemplateStorageAccessor.java:64) ~[shedlock-provider-jdbc-template-5.10.0.jar:na]
	at net.javacrumbs.shedlock.support.StorageBasedLockProvider.doLock(StorageBasedLockProvider.java:72) ~[shedlock-core-5.10.0.jar:na]
	at net.javacrumbs.shedlock.support.StorageBasedLockProvider.lock(StorageBasedLockProvider.java:55) ~[shedlock-core-5.10.0.jar:na]
	at java.base/jdk.internal.reflect.DirectMethodHandleAccessor.invoke(DirectMethodHandleAccessor.java:104) ~[na:na]
	at java.base/java.lang.reflect.Method.invoke(Method.java:565) ~[na:na]
	at org.springframework.aop.support.AopUtils.invokeJoinpointUsingReflection(AopUtils.java:360) ~[spring-aop-6.2.11.jar:6.2.11]
	at org.springframework.aop.framework.JdkDynamicAopProxy.invoke(JdkDynamicAopProxy.java:216) ~[spring-aop-6.2.11.jar:6.2.11]
	at jdk.proxy2/jdk.proxy2.$Proxy147.lock(Unknown Source) ~[na:na]
	at net.javacrumbs.shedlock.core.DefaultLockingTaskExecutor.executeWithLock(DefaultLockingTaskExecutor.java:63) ~[shedlock-core-5.10.0.jar:na]
	at net.javacrumbs.shedlock.spring.aop.MethodProxyScheduledLockAdvisor$LockingInterceptor.invoke(MethodProxyScheduledLockAdvisor.java:79) ~[shedlock-spring-5.10.0.jar:na]
	at org.springframework.aop.framework.ReflectiveMethodInvocation.proceed(ReflectiveMethodInvocation.java:184) ~[spring-aop-6.2.11.jar:6.2.11]
	at org.springframework.aop.framework.CglibAopProxy$DynamicAdvisedInterceptor.intercept(CglibAopProxy.java:728) ~[spring-aop-6.2.11.jar:6.2.11]
	at com.example.demo.scheduler.LimitOrderMatcherScheduler$$SpringCGLIB$$0.processPendingLimitOrders(<generated>) ~[classes/:na]
	at java.base/jdk.internal.reflect.DirectMethodHandleAccessor.invoke(DirectMethodHandleAccessor.java:104) ~[na:na]
	at java.base/java.lang.reflect.Method.invoke(Method.java:565) ~[na:na]
	at org.springframework.scheduling.support.ScheduledMethodRunnable.runInternal(ScheduledMethodRunnable.java:130) ~[spring-context-6.2.11.jar:6.2.11]
	at org.springframework.scheduling.support.ScheduledMethodRunnable.lambda$run$2(ScheduledMethodRunnable.java:124) ~[spring-context-6.2.11.jar:6.2.11]
	at io.micrometer.observation.Observation.observe(Observation.java:498) ~[micrometer-observation-1.15.4.jar:1.15.4]
	at org.springframework.scheduling.support.ScheduledMethodRunnable.run(ScheduledMethodRunnable.java:124) ~[spring-context-6.2.11.jar:6.2.11]
	at org.springframework.scheduling.config.Task$OutcomeTrackingRunnable.run(Task.java:85) ~[spring-context-6.2.11.jar:6.2.11]
	at org.springframework.scheduling.support.DelegatingErrorHandlingRunnable.run(DelegatingErrorHandlingRunnable.java:54) ~[spring-context-6.2.11.jar:6.2.11]
	at java.base/java.util.concurrent.Executors$RunnableAdapter.call(Executors.java:545) ~[na:na]
	at java.base/java.util.concurrent.FutureTask.runAndReset(FutureTask.java:369) ~[na:na]
	at java.base/java.util.concurrent.ScheduledThreadPoolExecutor$ScheduledFutureTask.run(ScheduledThreadPoolExecutor.java:310) ~[na:na]
	at java.base/java.util.concurrent.ThreadPoolExecutor.runWorker(ThreadPoolExecutor.java:1095) ~[na:na]
	at java.base/java.util.concurrent.ThreadPoolExecutor$Worker.run(ThreadPoolExecutor.java:619) ~[na:na]
	at java.base/java.lang.Thread.run(Thread.java:1447) ~[na:na]
Caused by: org.postgresql.util.PSQLException: ERROR: relation "shedlock" does not exist
  Position: 13
	at org.postgresql.core.v3.QueryExecutorImpl.receiveErrorResponse(QueryExecutorImpl.java:2734) ~[postgresql-42.7.7.jar:42.7.7]
	at org.postgresql.core.v3.QueryExecutorImpl.processResults(QueryExecutorImpl.java:2421) ~[postgresql-42.7.7.jar:42.7.7]
	at org.postgresql.core.v3.QueryExecutorImpl.execute(QueryExecutorImpl.java:372) ~[postgresql-42.7.7.jar:42.7.7]
	at org.postgresql.jdbc.PgStatement.executeInternal(PgStatement.java:518) ~[postgresql-42.7.7.jar:42.7.7]
	at org.postgresql.jdbc.PgStatement.execute(PgStatement.java:435) ~[postgresql-42.7.7.jar:42.7.7]
	at org.postgresql.jdbc.PgPreparedStatement.executeWithFlags(PgPreparedStatement.java:196) ~[postgresql-42.7.7.jar:42.7.7]
	at org.postgresql.jdbc.PgPreparedStatement.executeUpdate(PgPreparedStatement.java:157) ~[postgresql-42.7.7.jar:42.7.7]
	at com.zaxxer.hikari.pool.ProxyPreparedStatement.executeUpdate(ProxyPreparedStatement.java:61) ~[HikariCP-6.3.3.jar:na]
	at com.zaxxer.hikari.pool.HikariProxyPreparedStatement.executeUpdate(HikariProxyPreparedStatement.java) ~[HikariCP-6.3.3.jar:na]
	at org.springframework.jdbc.core.JdbcTemplate.lambda$update$2(JdbcTemplate.java:977) ~[spring-jdbc-6.2.11.jar:6.2.11]
	at org.springframework.jdbc.core.JdbcTemplate.execute(JdbcTemplate.java:658) ~[spring-jdbc-6.2.11.jar:6.2.11]
	... 34 common frames omitted

2025-11-25T02:00:31.477+07:00 ERROR 56836 --- [crypto-mock-trading] [   scheduling-1] o.s.s.s.TaskUtils$LoggingErrorHandler    : Unexpected error occurred in scheduled task

org.springframework.jdbc.BadSqlGrammarException: PreparedStatementCallback; bad SQL grammar [UPDATE shedlock SET lock_until = timezone('utc', CURRENT_TIMESTAMP) + cast(? as interval), locked_at = timezone('utc', CURRENT_TIMESTAMP), locked_by = ? WHERE shedlock.name = ? AND shedlock.lock_until <= timezone('utc', CURRENT_TIMESTAMP)]
	at org.springframework.jdbc.support.SQLStateSQLExceptionTranslator.doTranslate(SQLStateSQLExceptionTranslator.java:114) ~[spring-jdbc-6.2.11.jar:6.2.11]
	at org.springframework.jdbc.support.AbstractFallbackSQLExceptionTranslator.translate(AbstractFallbackSQLExceptionTranslator.java:107) ~[spring-jdbc-6.2.11.jar:6.2.11]
	at org.springframework.jdbc.support.AbstractFallbackSQLExceptionTranslator.translate(AbstractFallbackSQLExceptionTranslator.java:116) ~[spring-jdbc-6.2.11.jar:6.2.11]
	at org.springframework.jdbc.core.JdbcTemplate.translateException(JdbcTemplate.java:1556) ~[spring-jdbc-6.2.11.jar:6.2.11]
	at org.springframework.jdbc.core.JdbcTemplate.execute(JdbcTemplate.java:677) ~[spring-jdbc-6.2.11.jar:6.2.11]
	at org.springframework.jdbc.core.JdbcTemplate.update(JdbcTemplate.java:972) ~[spring-jdbc-6.2.11.jar:6.2.11]
	at org.springframework.jdbc.core.JdbcTemplate.update(JdbcTemplate.java:993) ~[spring-jdbc-6.2.11.jar:6.2.11]
	at org.springframework.jdbc.core.namedparam.NamedParameterJdbcTemplate.update(NamedParameterJdbcTemplate.java:337) ~[spring-jdbc-6.2.11.jar:6.2.11]
	at org.springframework.jdbc.core.namedparam.NamedParameterJdbcTemplate.update(NamedParameterJdbcTemplate.java:342) ~[spring-jdbc-6.2.11.jar:6.2.11]
	at net.javacrumbs.shedlock.provider.jdbctemplate.JdbcTemplateStorageAccessor.lambda$execute$0(JdbcTemplateStorageAccessor.java:115) ~[shedlock-provider-jdbc-template-5.10.0.jar:na]
	at org.springframework.transaction.support.TransactionTemplate.execute(TransactionTemplate.java:140) ~[spring-tx-6.2.11.jar:6.2.11]
	at net.javacrumbs.shedlock.provider.jdbctemplate.JdbcTemplateStorageAccessor.execute(JdbcTemplateStorageAccessor.java:115) ~[shedlock-provider-jdbc-template-5.10.0.jar:na]
	at net.javacrumbs.shedlock.provider.jdbctemplate.JdbcTemplateStorageAccessor.updateRecord(JdbcTemplateStorageAccessor.java:78) ~[shedlock-provider-jdbc-template-5.10.0.jar:na]
	at net.javacrumbs.shedlock.support.StorageBasedLockProvider.doLock(StorageBasedLockProvider.java:85) ~[shedlock-core-5.10.0.jar:na]
	at net.javacrumbs.shedlock.support.StorageBasedLockProvider.lock(StorageBasedLockProvider.java:55) ~[shedlock-core-5.10.0.jar:na]
	at java.base/jdk.internal.reflect.DirectMethodHandleAccessor.invoke(DirectMethodHandleAccessor.java:104) ~[na:na]
	at java.base/java.lang.reflect.Method.invoke(Method.java:565) ~[na:na]
	at org.springframework.aop.support.AopUtils.invokeJoinpointUsingReflection(AopUtils.java:360) ~[spring-aop-6.2.11.jar:6.2.11]
	at org.springframework.aop.framework.JdkDynamicAopProxy.invoke(JdkDynamicAopProxy.java:216) ~[spring-aop-6.2.11.jar:6.2.11]
	at jdk.proxy2/jdk.proxy2.$Proxy147.lock(Unknown Source) ~[na:na]
	at net.javacrumbs.shedlock.core.DefaultLockingTaskExecutor.executeWithLock(DefaultLockingTaskExecutor.java:63) ~[shedlock-core-5.10.0.jar:na]
	at net.javacrumbs.shedlock.spring.aop.MethodProxyScheduledLockAdvisor$LockingInterceptor.invoke(MethodProxyScheduledLockAdvisor.java:79) ~[shedlock-spring-5.10.0.jar:na]
	at org.springframework.aop.framework.ReflectiveMethodInvocation.proceed(ReflectiveMethodInvocation.java:184) ~[spring-aop-6.2.11.jar:6.2.11]
	at org.springframework.aop.framework.CglibAopProxy$DynamicAdvisedInterceptor.intercept(CglibAopProxy.java:728) ~[spring-aop-6.2.11.jar:6.2.11]
	at com.example.demo.scheduler.LimitOrderMatcherScheduler$$SpringCGLIB$$0.processPendingLimitOrders(<generated>) ~[classes/:na]
	at java.base/jdk.internal.reflect.DirectMethodHandleAccessor.invoke(DirectMethodHandleAccessor.java:104) ~[na:na]
	at java.base/java.lang.reflect.Method.invoke(Method.java:565) ~[na:na]
	at org.springframework.scheduling.support.ScheduledMethodRunnable.runInternal(ScheduledMethodRunnable.java:130) ~[spring-context-6.2.11.jar:6.2.11]
	at org.springframework.scheduling.support.ScheduledMethodRunnable.lambda$run$2(ScheduledMethodRunnable.java:124) ~[spring-context-6.2.11.jar:6.2.11]
	at io.micrometer.observation.Observation.observe(Observation.java:498) ~[micrometer-observation-1.15.4.jar:1.15.4]
	at org.springframework.scheduling.support.ScheduledMethodRunnable.run(ScheduledMethodRunnable.java:124) ~[spring-context-6.2.11.jar:6.2.11]
	at org.springframework.scheduling.config.Task$OutcomeTrackingRunnable.run(Task.java:85) ~[spring-context-6.2.11.jar:6.2.11]
	at org.springframework.scheduling.support.DelegatingErrorHandlingRunnable.run(DelegatingErrorHandlingRunnable.java:54) ~[spring-context-6.2.11.jar:6.2.11]
	at java.base/java.util.concurrent.Executors$RunnableAdapter.call(Executors.java:545) ~[na:na]
	at java.base/java.util.concurrent.FutureTask.runAndReset(FutureTask.java:369) ~[na:na]
	at java.base/java.util.concurrent.ScheduledThreadPoolExecutor$ScheduledFutureTask.run(ScheduledThreadPoolExecutor.java:310) ~[na:na]
	at java.base/java.util.concurrent.ThreadPoolExecutor.runWorker(ThreadPoolExecutor.java:1095) ~[na:na]
	at java.base/java.util.concurrent.ThreadPoolExecutor$Worker.run(ThreadPoolExecutor.java:619) ~[na:na]
	at java.base/java.lang.Thread.run(Thread.java:1447) ~[na:na]
Caused by: org.postgresql.util.PSQLException: ERROR: relation "shedlock" does not exist
  Position: 8
	at org.postgresql.core.v3.QueryExecutorImpl.receiveErrorResponse(QueryExecutorImpl.java:2734) ~[postgresql-42.7.7.jar:42.7.7]
	at org.postgresql.core.v3.QueryExecutorImpl.processResults(QueryExecutorImpl.java:2421) ~[postgresql-42.7.7.jar:42.7.7]
	at org.postgresql.core.v3.QueryExecutorImpl.execute(QueryExecutorImpl.java:372) ~[postgresql-42.7.7.jar:42.7.7]
	at org.postgresql.jdbc.PgStatement.executeInternal(PgStatement.java:518) ~[postgresql-42.7.7.jar:42.7.7]
	at org.postgresql.jdbc.PgStatement.execute(PgStatement.java:435) ~[postgresql-42.7.7.jar:42.7.7]
	at org.postgresql.jdbc.PgPreparedStatement.executeWithFlags(PgPreparedStatement.java:196) ~[postgresql-42.7.7.jar:42.7.7]
	at org.postgresql.jdbc.PgPreparedStatement.executeUpdate(PgPreparedStatement.java:157) ~[postgresql-42.7.7.jar:42.7.7]
	at com.zaxxer.hikari.pool.ProxyPreparedStatement.executeUpdate(ProxyPreparedStatement.java:61) ~[HikariCP-6.3.3.jar:na]
	at com.zaxxer.hikari.pool.HikariProxyPreparedStatement.executeUpdate(HikariProxyPreparedStatement.java) ~[HikariCP-6.3.3.jar:na]
	at org.springframework.jdbc.core.JdbcTemplate.lambda$update$2(JdbcTemplate.java:977) ~[spring-jdbc-6.2.11.jar:6.2.11]
	at org.springframework.jdbc.core.JdbcTemplate.execute(JdbcTemplate.java:658) ~[spring-jdbc-6.2.11.jar:6.2.11]
	... 34 common frames omitted

2025-11-25T02:00:31.483+07:00 ERROR 56836 --- [crypto-mock-trading] [   scheduling-1] n.j.s.p.j.JdbcTemplateStorageAccessor    : Unexpected exception

org.springframework.jdbc.BadSqlGrammarException: PreparedStatementCallback; bad SQL grammar [INSERT INTO shedlock(name, lock_until, locked_at, locked_by) VALUES(?, timezone('utc', CURRENT_TIMESTAMP) + cast(? as interval), timezone('utc', CURRENT_TIMESTAMP), ?) ON CONFLICT (name) DO UPDATE SET lock_until = timezone('utc', CURRENT_TIMESTAMP) + cast(? as interval), locked_at = timezone('utc', CURRENT_TIMESTAMP), locked_by = ? WHERE shedlock.name = ? AND shedlock.lock_until <= timezone('utc', CURRENT_TIMESTAMP)]
	at org.springframework.jdbc.support.SQLStateSQLExceptionTranslator.doTranslate(SQLStateSQLExceptionTranslator.java:114) ~[spring-jdbc-6.2.11.jar:6.2.11]
	at org.springframework.jdbc.support.AbstractFallbackSQLExceptionTranslator.translate(AbstractFallbackSQLExceptionTranslator.java:107) ~[spring-jdbc-6.2.11.jar:6.2.11]
	at org.springframework.jdbc.support.AbstractFallbackSQLExceptionTranslator.translate(AbstractFallbackSQLExceptionTranslator.java:116) ~[spring-jdbc-6.2.11.jar:6.2.11]
	at org.springframework.jdbc.core.JdbcTemplate.translateException(JdbcTemplate.java:1556) ~[spring-jdbc-6.2.11.jar:6.2.11]
	at org.springframework.jdbc.core.JdbcTemplate.execute(JdbcTemplate.java:677) ~[spring-jdbc-6.2.11.jar:6.2.11]
	at org.springframework.jdbc.core.JdbcTemplate.update(JdbcTemplate.java:972) ~[spring-jdbc-6.2.11.jar:6.2.11]
	at org.springframework.jdbc.core.JdbcTemplate.update(JdbcTemplate.java:993) ~[spring-jdbc-6.2.11.jar:6.2.11]
	at org.springframework.jdbc.core.namedparam.NamedParameterJdbcTemplate.update(NamedParameterJdbcTemplate.java:337) ~[spring-jdbc-6.2.11.jar:6.2.11]
	at org.springframework.jdbc.core.namedparam.NamedParameterJdbcTemplate.update(NamedParameterJdbcTemplate.java:342) ~[spring-jdbc-6.2.11.jar:6.2.11]
	at net.javacrumbs.shedlock.provider.jdbctemplate.JdbcTemplateStorageAccessor.lambda$execute$0(JdbcTemplateStorageAccessor.java:115) ~[shedlock-provider-jdbc-template-5.10.0.jar:na]
	at org.springframework.transaction.support.TransactionTemplate.execute(TransactionTemplate.java:140) ~[spring-tx-6.2.11.jar:6.2.11]
	at net.javacrumbs.shedlock.provider.jdbctemplate.JdbcTemplateStorageAccessor.execute(JdbcTemplateStorageAccessor.java:115) ~[shedlock-provider-jdbc-template-5.10.0.jar:na]
	at net.javacrumbs.shedlock.provider.jdbctemplate.JdbcTemplateStorageAccessor.insertRecord(JdbcTemplateStorageAccessor.java:64) ~[shedlock-provider-jdbc-template-5.10.0.jar:na]
	at net.javacrumbs.shedlock.support.StorageBasedLockProvider.doLock(StorageBasedLockProvider.java:72) ~[shedlock-core-5.10.0.jar:na]
	at net.javacrumbs.shedlock.support.StorageBasedLockProvider.lock(StorageBasedLockProvider.java:55) ~[shedlock-core-5.10.0.jar:na]
	at java.base/jdk.internal.reflect.DirectMethodHandleAccessor.invoke(DirectMethodHandleAccessor.java:104) ~[na:na]
	at java.base/java.lang.reflect.Method.invoke(Method.java:565) ~[na:na]
	at org.springframework.aop.support.AopUtils.invokeJoinpointUsingReflection(AopUtils.java:360) ~[spring-aop-6.2.11.jar:6.2.11]
	at org.springframework.aop.framework.JdkDynamicAopProxy.invoke(JdkDynamicAopProxy.java:216) ~[spring-aop-6.2.11.jar:6.2.11]
	at jdk.proxy2/jdk.proxy2.$Proxy147.lock(Unknown Source) ~[na:na]
	at net.javacrumbs.shedlock.core.DefaultLockingTaskExecutor.executeWithLock(DefaultLockingTaskExecutor.java:63) ~[shedlock-core-5.10.0.jar:na]
	at net.javacrumbs.shedlock.spring.aop.MethodProxyScheduledLockAdvisor$LockingInterceptor.invoke(MethodProxyScheduledLockAdvisor.java:79) ~[shedlock-spring-5.10.0.jar:na]
	at org.springframework.aop.framework.ReflectiveMethodInvocation.proceed(ReflectiveMethodInvocation.java:184) ~[spring-aop-6.2.11.jar:6.2.11]
	at org.springframework.aop.framework.CglibAopProxy$DynamicAdvisedInterceptor.intercept(CglibAopProxy.java:728) ~[spring-aop-6.2.11.jar:6.2.11]
	at com.example.demo.scheduler.UsageFlushScheduler$$SpringCGLIB$$0.flushBufferedMetrics(<generated>) ~[classes/:na]
[...]
	at org.junit.platform.engine.support.hierarchical.ThrowableCollector.execute(ThrowableCollector.java:73) ~[junit-platform-engine-1.12.2.jar:1.12.2]
	at org.junit.platform.engine.support.hierarchical.NodeTestTask.lambda$executeRecursively$8(NodeTestTask.java:146) ~[junit-platform-engine-1.12.2.jar:1.12.2]
	at org.junit.platform.engine.support.hierarchical.Node.around(Node.java:137) ~[junit-platform-engine-1.12.2.jar:1.12.2]
	at org.junit.platform.engine.support.hierarchical.NodeTestTask.lambda$executeRecursively$9(NodeTestTask.java:144) ~[junit-platform-engine-1.12.2.jar:1.12.2]
	at org.junit.platform.engine.support.hierarchical.ThrowableCollector.execute(ThrowableCollector.java:73) ~[junit-platform-engine-1.12.2.jar:1.12.2]
	at org.junit.platform.engine.support.hierarchical.NodeTestTask.executeRecursively(NodeTestTask.java:143) ~[junit-platform-engine-1.12.2.jar:1.12.2]
	at org.junit.platform.engine.support.hierarchical.NodeTestTask.execute(NodeTestTask.java:100) ~[junit-platform-engine-1.12.2.jar:1.12.2]
	at org.junit.platform.engine.support.hierarchical.SameThreadHierarchicalTestExecutorService.submit(SameThreadHierarchicalTestExecutorService.java:35) ~[junit-platform-engine-1.12.2.jar:1.12.2]
	at org.junit.platform.engine.support.hierarchical.HierarchicalTestExecutor.execute(HierarchicalTestExecutor.java:57) ~[junit-platform-engine-1.12.2.jar:1.12.2]
	at org.junit.platform.engine.support.hierarchical.HierarchicalTestEngine.execute(HierarchicalTestEngine.java:54) ~[junit-platform-engine-1.12.2.jar:1.12.2]
	at org.junit.platform.launcher.core.EngineExecutionOrchestrator.execute(EngineExecutionOrchestrator.java:201) ~[junit-platform-launcher-1.12.2.jar:1.12.2]
	at org.junit.platform.launcher.core.EngineExecutionOrchestrator.execute(EngineExecutionOrchestrator.java:170) ~[junit-platform-launcher-1.12.2.jar:1.12.2]
	at org.junit.platform.launcher.core.EngineExecutionOrchestrator.execute(EngineExecutionOrchestrator.java:94) ~[junit-platform-launcher-1.12.2.jar:1.12.2]
	at org.junit.platform.launcher.core.EngineExecutionOrchestrator.lambda$execute$0(EngineExecutionOrchestrator.java:59) ~[junit-platform-launcher-1.12.2.jar:1.12.2]
	at org.junit.platform.launcher.core.EngineExecutionOrchestrator.withInterceptedStreams(EngineExecutionOrchestrator.java:142) ~[junit-platform-launcher-1.12.2.jar:1.12.2]
	at org.junit.platform.launcher.core.EngineExecutionOrchestrator.execute(EngineExecutionOrchestrator.java:58) ~[junit-platform-launcher-1.12.2.jar:1.12.2]
	at org.junit.platform.launcher.core.DefaultLauncher.execute(DefaultLauncher.java:103) ~[junit-platform-launcher-1.12.2.jar:1.12.2]
	at org.junit.platform.launcher.core.DefaultLauncher.execute(DefaultLauncher.java:85) ~[junit-platform-launcher-1.12.2.jar:1.12.2]
	at org.junit.platform.launcher.core.DelegatingLauncher.execute(DelegatingLauncher.java:47) ~[junit-platform-launcher-1.12.2.jar:1.12.2]
	at org.junit.platform.launcher.core.InterceptingLauncher.lambda$execute$1(InterceptingLauncher.java:39) ~[junit-platform-launcher-1.12.2.jar:1.12.2]
	at org.junit.platform.launcher.core.ClasspathAlignmentCheckingLauncherInterceptor.intercept(ClasspathAlignmentCheckingLauncherInterceptor.java:25) ~[junit-platform-launcher-1.12.2.jar:1.12.2]
	at org.junit.platform.launcher.core.InterceptingLauncher.execute(InterceptingLauncher.java:38) ~[junit-platform-launcher-1.12.2.jar:1.12.2]
	at org.junit.platform.launcher.core.DelegatingLauncher.execute(DelegatingLauncher.java:47) ~[junit-platform-launcher-1.12.2.jar:1.12.2]
	at org.apache.maven.surefire.junitplatform.LazyLauncher.execute(LazyLauncher.java:56) ~[surefire-junit-platform-3.2.5.jar:3.2.5]
	at org.apache.maven.surefire.junitplatform.JUnitPlatformProvider.execute(JUnitPlatformProvider.java:184) ~[surefire-junit-platform-3.2.5.jar:3.2.5]
	at org.apache.maven.surefire.junitplatform.JUnitPlatformProvider.invokeAllTests(JUnitPlatformProvider.java:148) ~[surefire-junit-platform-3.2.5.jar:3.2.5]
	at org.apache.maven.surefire.junitplatform.JUnitPlatformProvider.invoke(JUnitPlatformProvider.java:122) ~[surefire-junit-platform-3.2.5.jar:3.2.5]
	at org.apache.maven.surefire.booter.ForkedBooter.runSuitesInProcess(ForkedBooter.java:385) ~[surefire-booter-3.2.5.jar:3.2.5]
	at org.apache.maven.surefire.booter.ForkedBooter.execute(ForkedBooter.java:162) ~[surefire-booter-3.2.5.jar:3.2.5]
	at org.apache.maven.surefire.booter.ForkedBooter.run(ForkedBooter.java:507) ~[surefire-booter-3.2.5.jar:3.2.5]
	at org.apache.maven.surefire.booter.ForkedBooter.main(ForkedBooter.java:495) ~[surefire-booter-3.2.5.jar:3.2.5]

Hibernate: 
    select
        ps1_0.id,
        ps1_0.close,
        ps1_0.coin_symbol,
        ps1_0.high,
        ps1_0.low,
        ps1_0.open,
        ps1_0.raw_meta,
        ps1_0.timestamp,
        ps1_0.volume 
    from
        price_snapshots ps1_0 
    where
        ps1_0.timestamp<?
2025-11-25T02:00:32.059+07:00 ERROR 56836 --- [crypto-mock-trading] [           main] c.e.d.scheduler.DataRetentionScheduler   : Error cleaning up price snapshots

org.springframework.aop.AopInvocationException: Null return value from advice does not match primitive return type for: public abstract int com.example.demo.repository.PriceSnapshotRepository.deleteByTimestampBefore(java.time.Instant)
	at org.springframework.aop.framework.JdkDynamicAopProxy.invoke(JdkDynamicAopProxy.java:237) ~[spring-aop-6.2.11.jar:6.2.11]
	at jdk.proxy2/jdk.proxy2.$Proxy212.deleteByTimestampBefore(Unknown Source) ~[na:na]
	at com.example.demo.scheduler.DataRetentionScheduler.cleanupPriceSnapshots(DataRetentionScheduler.java:114) ~[classes/:na]
	at com.example.demo.scheduler.DataRetentionScheduler.cleanupOldData(DataRetentionScheduler.java:62) ~[classes/:na]
	at java.base/jdk.internal.reflect.DirectMethodHandleAccessor.invoke(DirectMethodHandleAccessor.java:104) ~[na:na]
	at java.base/java.lang.reflect.Method.invoke(Method.java:565) ~[na:na]
	at org.springframework.aop.support.AopUtils.invokeJoinpointUsingReflection(AopUtils.java:360) ~[spring-aop-6.2.11.jar:6.2.11]
	at org.springframework.aop.framework.ReflectiveMethodInvocation.invokeJoinpoint(ReflectiveMethodInvocation.java:196) ~[spring-aop-6.2.11.jar:6.2.11]
	at org.springframework.aop.framework.ReflectiveMethodInvocation.proceed(ReflectiveMethodInvocation.java:163) ~[spring-aop-6.2.11.jar:6.2.11]
	at org.springframework.transaction.interceptor.TransactionAspectSupport.invokeWithinTransaction(TransactionAspectSupport.java:380) ~[spring-tx-6.2.11.jar:6.2.11]
	at org.springframework.transaction.interceptor.TransactionInterceptor.invoke(TransactionInterceptor.java:119) ~[spring-tx-6.2.11.jar:6.2.11]
	at org.springframework.aop.framework.ReflectiveMethodInvocation.proceed(ReflectiveMethodInvocation.java:184) ~[spring-aop-6.2.11.jar:6.2.11]
	at net.javacrumbs.shedlock.core.DefaultLockingTaskExecutor.executeWithLock(DefaultLockingTaskExecutor.java:70) ~[shedlock-core-5.10.0.jar:na]
	at net.javacrumbs.shedlock.spring.aop.MethodProxyScheduledLockAdvisor$LockingInterceptor.invoke(MethodProxyScheduledLockAdvisor.java:79) ~[shedlock-spring-5.10.0.jar:na]
	at org.springframework.aop.framework.ReflectiveMethodInvocation.proceed(ReflectiveMethodInvocation.java:184) ~[spring-aop-6.2.11.jar:6.2.11]
	at org.springframework.aop.framework.CglibAopProxy$DynamicAdvisedInterceptor.intercept(CglibAopProxy.java:728) ~[spring-aop-6.2.11.jar:6.2.11]
	at com.example.demo.scheduler.DataRetentionScheduler$$SpringCGLIB$$0.cleanupOldData(<generated>) ~[classes/:na]
	at com.example.demo.integration.DataRetentionIntegrationTest.cleanupOldData_ShouldDeleteOldUsageMetrics(DataRetentionIntegrationTest.java:101) ~[test-classes/:na]
	at java.base/jdk.internal.reflect.DirectMethodHandleAccessor.invoke(DirectMethodHandleAccessor.java:104) ~[na:na]
	at java.base/java.lang.reflect.Method.invoke(Method.java:565) ~[na:na]
	at org.junit.platform.commons.util.ReflectionUtils.invokeMethod(ReflectionUtils.java:775) ~[junit-platform-commons-1.12.2.jar:1.12.2]
	at org.junit.platform.commons.support.ReflectionSupport.invokeMethod(ReflectionSupport.java:479) ~[junit-platform-commons-1.12.2.jar:1.12.2]
	at org.junit.jupiter.engine.execution.MethodInvocation.proceed(MethodInvocation.java:60) ~[junit-jupiter-engine-5.12.2.jar:5.12.2]
	at org.junit.jupiter.engine.execution.InvocationInterceptorChain$ValidatingInvocation.proceed(InvocationInterceptorChain.java:131) ~[junit-jupiter-engine-5.12.2.jar:5.12.2]
	at org.junit.jupiter.engine.extension.TimeoutExtension.intercept(TimeoutExtension.java:161) ~[junit-jupiter-engine-5.12.2.jar:5.12.2]
	at org.junit.jupiter.engine.extension.TimeoutExtension.interceptTestableMethod(TimeoutExtension.java:152) ~[junit-jupiter-engine-5.12.2.jar:5.12.2]
	at org.junit.jupiter.engine.extension.TimeoutExtension.interceptTestMethod(TimeoutExtension.java:91) ~[junit-jupiter-engine-5.12.2.jar:5.12.2]
	at org.junit.jupiter.engine.execution.InterceptingExecutableInvoker$ReflectiveInterceptorCall.lambda$ofVoidMethod$0(InterceptingExecutableInvoker.java:112) ~[junit-jupiter-engine-5.12.2.jar:5.12.2]
	at org.junit.jupiter.engine.execution.InterceptingExecutableInvoker.lambda$invoke$0(InterceptingExecutableInvoker.java:94) ~[junit-jupiter-engine-5.12.2.jar:5.12.2]
	at org.junit.jupiter.engine.execution.InvocationInterceptorChain$InterceptedInvocation.proceed(InvocationInterceptorChain.java:106) ~[junit-jupiter-engine-5.12.2.jar:5.12.2]
	at org.junit.jupiter.engine.execution.InvocationInterceptorChain.proceed(InvocationInterceptorChain.java:64) ~[junit-jupiter-engine-5.12.2.jar:5.12.2]
	at org.junit.jupiter.engine.execution.InvocationInterceptorChain.chainAndInvoke(InvocationInterceptorChain.java:45) ~[junit-jupiter-engine-5.12.2.jar:5.12.2]
	at org.junit.jupiter.engine.execution.InvocationInterceptorChain.invoke(InvocationInterceptorChain.java:37) ~[junit-jupiter-engine-5.12.2.jar:5.12.2]
	at org.junit.jupiter.engine.execution.InterceptingExecutableInvoker.invoke(InterceptingExecutableInvoker.java:93) ~[junit-jupiter-engine-5.12.2.jar:5.12.2]
	at org.junit.jupiter.engine.execution.InterceptingExecutableInvoker.invoke(InterceptingExecutableInvoker.java:87) ~[junit-jupiter-engine-5.12.2.jar:5.12.2]
	at org.junit.jupiter.engine.descriptor.TestMethodTestDescriptor.lambda$invokeTestMethod$7(TestMethodTestDescriptor.java:216) ~[junit-jupiter-engine-5.12.2.jar:5.12.2]
	at org.junit.platform.engine.support.hierarchical.ThrowableCollector.execute(ThrowableCollector.java:73) ~[junit-platform-engine-1.12.2.jar:1.12.2]
	at org.junit.jupiter.engine.descriptor.TestMethodTestDescriptor.invokeTestMethod(TestMethodTestDescriptor.java:212) ~[junit-jupiter-engine-5.12.2.jar:5.12.2]
	at org.junit.jupiter.engine.descriptor.TestMethodTestDescriptor.execute(TestMethodTestDescriptor.java:137) ~[junit-jupiter-engine-5.12.2.jar:5.12.2]
	at org.junit.jupiter.engine.descriptor.TestMethodTestDescriptor.execute(TestMethodTestDescriptor.java:69) ~[junit-jupiter-engine-5.12.2.jar:5.12.2]
	at org.junit.platform.engine.support.hierarchical.NodeTestTask.lambda$executeRecursively$6(NodeTestTask.java:156) ~[junit-platform-engine-1.12.2.jar:1.12.2]
	at org.junit.platform.engine.support.hierarchical.ThrowableCollector.execute(ThrowableCollector.java:73) ~[junit-platform-engine-1.12.2.jar:1.12.2]
	at org.junit.platform.engine.support.hierarchical.NodeTestTask.lambda$executeRecursively$8(NodeTestTask.java:146) ~[junit-platform-engine-1.12.2.jar:1.12.2]
	at org.junit.platform.engine.support.hierarchical.Node.around(Node.java:137) ~[junit-platform-engine-1.12.2.jar:1.12.2]
	at org.junit.platform.engine.support.hierarchical.NodeTestTask.lambda$executeRecursively$9(NodeTestTask.java:144) ~[junit-platform-engine-1.12.2.jar:1.12.2]
	at org.junit.platform.engine.support.hierarchical.ThrowableCollector.execute(ThrowableCollector.java:73) ~[junit-platform-engine-1.12.2.jar:1.12.2]
	at org.junit.platform.engine.support.hierarchical.NodeTestTask.executeRecursively(NodeTestTask.java:143) ~[junit-platform-engine-1.12.2.jar:1.12.2]
	at org.junit.platform.engine.support.hierarchical.NodeTestTask.execute(NodeTestTask.java:100) ~[junit-platform-engine-1.12.2.jar:1.12.2]
	at java.base/java.util.ArrayList.forEach(ArrayList.java:1604) ~[na:na]
	at org.junit.platform.engine.support.hierarchical.SameThreadHierarchicalTestExecutorService.invokeAll(SameThreadHierarchicalTestExecutorService.java:41) ~[junit-platform-engine-1.12.2.jar:1.12.2]
	at org.junit.platform.engine.support.hierarchical.NodeTestTask.lambda$executeRecursively$6(NodeTestTask.java:160) ~[junit-platform-engine-1.12.2.jar:1.12.2]
	at org.junit.platform.engine.support.hierarchical.ThrowableCollector.execute(ThrowableCollector.java:73) ~[junit-platform-engine-1.12.2.jar:1.12.2]
	at org.junit.platform.engine.support.hierarchical.NodeTestTask.lambda$executeRecursively$8(NodeTestTask.java:146) ~[junit-platform-engine-1.12.2.jar:1.12.2]
	at org.junit.platform.engine.support.hierarchical.Node.around(Node.java:137) ~[junit-platform-engine-1.12.2.jar:1.12.2]
	at org.junit.platform.engine.support.hierarchical.NodeTestTask.lambda$executeRecursively$9(NodeTestTask.java:144) ~[junit-platform-engine-1.12.2.jar:1.12.2]
	at org.junit.platform.engine.support.hierarchical.ThrowableCollector.execute(ThrowableCollector.java:73) ~[junit-platform-engine-1.12.2.jar:1.12.2]
	at org.junit.platform.engine.support.hierarchical.NodeTestTask.executeRecursively(NodeTestTask.java:143) ~[junit-platform-engine-1.12.2.jar:1.12.2]
	at org.junit.platform.engine.support.hierarchical.NodeTestTask.execute(NodeTestTask.java:100) ~[junit-platform-engine-1.12.2.jar:1.12.2]
	at java.base/java.util.ArrayList.forEach(ArrayList.java:1604) ~[na:na]
	at org.junit.platform.engine.support.hierarchical.SameThreadHierarchicalTestExecutorService.invokeAll(SameThreadHierarchicalTestExecutorService.java:41) ~[junit-platform-engine-1.12.2.jar:1.12.2]
	at org.junit.platform.engine.support.hierarchical.NodeTestTask.lambda$executeRecursively$6(NodeTestTask.java:160) ~[junit-platform-engine-1.12.2.jar:1.12.2]
	at org.junit.platform.engine.support.hierarchical.ThrowableCollector.execute(ThrowableCollector.java:73) ~[junit-platform-engine-1.12.2.jar:1.12.2]
	at org.junit.platform.engine.support.hierarchical.NodeTestTask.lambda$executeRecursively$8(NodeTestTask.java:146) ~[junit-platform-engine-1.12.2.jar:1.12.2]
	at org.junit.platform.engine.support.hierarchical.Node.around(Node.java:137) ~[junit-platform-engine-1.12.2.jar:1.12.2]
	at org.junit.platform.engine.support.hierarchical.NodeTestTask.lambda$executeRecursively$9(NodeTestTask.java:144) ~[junit-platform-engine-1.12.2.jar:1.12.2]
	at org.junit.platform.engine.support.hierarchical.ThrowableCollector.execute(ThrowableCollector.java:73) ~[junit-platform-engine-1.12.2.jar:1.12.2]
	at org.junit.platform.engine.support.hierarchical.NodeTestTask.executeRecursively(NodeTestTask.java:143) ~[junit-platform-engine-1.12.2.jar:1.12.2]
	at org.junit.platform.engine.support.hierarchical.NodeTestTask.execute(NodeTestTask.java:100) ~[junit-platform-engine-1.12.2.jar:1.12.2]
	at org.junit.platform.engine.support.hierarchical.SameThreadHierarchicalTestExecutorService.submit(SameThreadHierarchicalTestExecutorService.java:35) ~[junit-platform-engine-1.12.2.jar:1.12.2]
	at org.junit.platform.engine.support.hierarchical.HierarchicalTestExecutor.execute(HierarchicalTestExecutor.java:57) ~[junit-platform-engine-1.12.2.jar:1.12.2]
	at org.junit.platform.engine.support.hierarchical.HierarchicalTestEngine.execute(HierarchicalTestEngine.java:54) ~[junit-platform-engine-1.12.2.jar:1.12.2]
	at org.junit.platform.launcher.core.EngineExecutionOrchestrator.execute(EngineExecutionOrchestrator.java:201) ~[junit-platform-launcher-1.12.2.jar:1.12.2]
	at org.junit.platform.launcher.core.EngineExecutionOrchestrator.execute(EngineExecutionOrchestrator.java:170) ~[junit-platform-launcher-1.12.2.jar:1.12.2]
	at org.junit.platform.launcher.core.EngineExecutionOrchestrator.execute(EngineExecutionOrchestrator.java:94) ~[junit-platform-launcher-1.12.2.jar:1.12.2]
	at org.junit.platform.launcher.core.EngineExecutionOrchestrator.lambda$execute$0(EngineExecutionOrchestrator.java:59) ~[junit-platform-launcher-1.12.2.jar:1.12.2]
	at org.junit.platform.launcher.core.EngineExecutionOrchestrator.withInterceptedStreams(EngineExecutionOrchestrator.java:142) ~[junit-platform-launcher-1.12.2.jar:1.12.2]
	at org.junit.platform.launcher.core.EngineExecutionOrchestrator.execute(EngineExecutionOrchestrator.java:58) ~[junit-platform-launcher-1.12.2.jar:1.12.2]
	at org.junit.platform.launcher.core.DefaultLauncher.execute(DefaultLauncher.java:103) ~[junit-platform-launcher-1.12.2.jar:1.12.2]
	at org.junit.platform.launcher.core.DefaultLauncher.execute(DefaultLauncher.java:85) ~[junit-platform-launcher-1.12.2.jar:1.12.2]
	at org.junit.platform.launcher.core.DelegatingLauncher.execute(DelegatingLauncher.java:47) ~[junit-platform-launcher-1.12.2.jar:1.12.2]
	at org.junit.platform.launcher.core.InterceptingLauncher.lambda$execute$1(InterceptingLauncher.java:39) ~[junit-platform-launcher-1.12.2.jar:1.12.2]
	at org.junit.platform.launcher.core.ClasspathAlignmentCheckingLauncherInterceptor.intercept(ClasspathAlignmentCheckingLauncherInterceptor.java:25) ~[junit-platform-launcher-1.12.2.jar:1.12.2]
	at org.junit.platform.launcher.core.InterceptingLauncher.execute(InterceptingLauncher.java:38) ~[junit-platform-launcher-1.12.2.jar:1.12.2]
	at org.junit.platform.launcher.core.DelegatingLauncher.execute(DelegatingLauncher.java:47) ~[junit-platform-launcher-1.12.2.jar:1.12.2]
	at org.apache.maven.surefire.junitplatform.LazyLauncher.execute(LazyLauncher.java:56) ~[surefire-junit-platform-3.2.5.jar:3.2.5]
	at org.apache.maven.surefire.junitplatform.JUnitPlatformProvider.execute(JUnitPlatformProvider.java:184) ~[surefire-junit-platform-3.2.5.jar:3.2.5]
	at org.apache.maven.surefire.junitplatform.JUnitPlatformProvider.invokeAllTests(JUnitPlatformProvider.java:148) ~[surefire-junit-platform-3.2.5.jar:3.2.5]
	at org.apache.maven.surefire.junitplatform.JUnitPlatformProvider.invoke(JUnitPlatformProvider.java:122) ~[surefire-junit-platform-3.2.5.jar:3.2.5]
	at org.apache.maven.surefire.booter.ForkedBooter.runSuitesInProcess(ForkedBooter.java:385) ~[surefire-booter-3.2.5.jar:3.2.5]
	at org.apache.maven.surefire.booter.ForkedBooter.execute(ForkedBooter.java:162) ~[surefire-booter-3.2.5.jar:3.2.5]
	at org.apache.maven.surefire.booter.ForkedBooter.run(ForkedBooter.java:507) ~[surefire-booter-3.2.5.jar:3.2.5]
	at org.apache.maven.surefire.booter.ForkedBooter.main(ForkedBooter.java:495) ~[surefire-booter-3.2.5.jar:3.2.5]

2025-11-25T02:00:32.059+07:00  INFO 56836 --- [crypto-mock-trading] [           main] c.e.d.scheduler.DataRetentionScheduler   : Data retention cleanup completed: 0 usage metrics, 0 request logs, 0 price snapshots deleted
Hibernate: 
    delete 
    from
        usage_metrics 
    where
        id=?
Hibernate: 
    select
        count(*) 
    from
        usage_metrics um1_0
Hibernate: 
    select
        um1_0.id,
        um1_0.amount,
        um1_0.created_at,
        um1_0.metadata,
        um1_0.metric_key,
        um1_0.user_id 
    from
        usage_metrics um1_0
]]></system-out>
    <system-err><![CDATA[Mockito is currently self-attaching to enable the inline-mock-maker. This will no longer work in future releases of the JDK. Please add Mockito as an agent to your build as described in Mockito's documentation: https://javadoc.io/doc/org.mockito/mockito-core/latest/org.mockito/org/mockito/Mockito.html#0.3
WARNING: A Java agent has been loaded dynamically (C:\Users\PC\.m2\repository\net\bytebuddy\byte-buddy-agent\1.17.7\byte-buddy-agent-1.17.7.jar)
WARNING: If a serviceability tool is in use, please run with -XX:+EnableDynamicAgentLoading to hide this warning
WARNING: If a serviceability tool is not in use, please run with -Djdk.instrument.traceUsage for more information
WARNING: Dynamic loading of agents will be disallowed by default in a future release
]]></system-err>
  </testcase>
</testsuite>